
Elf file type is DYN (Shared object file)
Entry point 0x21190
There are 10 program headers, starting at offset 64

Program Headers:
  Type           Offset             VirtAddr           PhysAddr
                 FileSiz            MemSiz              Flags  Align
  PHDR           0x0000000000000040 0x0000000000000040 0x0000000000000040
                 0x0000000000000230 0x0000000000000230  R E    8
  INTERP         0x000000000017b240 0x000000000017b240 0x000000000017b240
                 0x000000000000005f 0x000000000000005f  R      20
      [Requesting program interpreter: /home/girish/developmentBuild/debloat/benchmarks/libc/gAnalysis/build/lib/ld-linux-x86-64.so.2]
  LOAD           0x0000000000000000 0x0000000000000000 0x0000000000000000
                 0x00000000001a79e4 0x00000000001a79e4  R E    200000
  LOAD           0x00000000001a8798 0x00000000003a8798 0x00000000003a8798
                 0x0000000000005088 0x00000000000092c8  RW     200000
  DYNAMIC        0x00000000001abb80 0x00000000003abb80 0x00000000003abb80
                 0x00000000000001e0 0x00000000000001e0  RW     8
  NOTE           0x0000000000000270 0x0000000000000270 0x0000000000000270
                 0x0000000000000044 0x0000000000000044  R      4
  TLS            0x00000000001a8798 0x00000000003a8798 0x00000000003a8798
                 0x0000000000000010 0x0000000000000090  R      8
  GNU_EH_FRAME   0x000000000017b2a0 0x000000000017b2a0 0x000000000017b2a0
                 0x0000000000005e14 0x0000000000005e14  R      4
  GNU_STACK      0x0000000000000000 0x0000000000000000 0x0000000000000000
                 0x0000000000000000 0x0000000000000000  RW     10
  GNU_RELRO      0x00000000001a8798 0x00000000003a8798 0x00000000003a8798
                 0x0000000000003868 0x0000000000003868  R      1

 Section to Segment mapping:
  Segment Sections...
   00     
   01     .interp 
   02     .note.gnu.build-id .note.ABI-tag .gnu.hash .dynsym .dynstr .gnu.version .gnu.version_d .gnu.version_r .rela.dyn .rela.plt .plt .plt.got .text __libc_freeres_fn __libc_thread_freeres_fn .rodata .interp .eh_frame_hdr .eh_frame .gcc_except_table .hash 
   03     .tdata .init_array __libc_subfreeres __libc_atexit __libc_thread_subfreeres __libc_IO_vtables .data.rel.ro .dynamic .got .got.plt .data .bss 
   04     .dynamic 
   05     .note.gnu.build-id .note.ABI-tag 
   06     .tdata .tbss 
   07     .eh_frame_hdr 
   08     
   09     .tdata .init_array __libc_subfreeres __libc_atexit __libc_thread_subfreeres __libc_IO_vtables .data.rel.ro .dynamic .got 
