+ PIN_ROOT=/home/rudy/else/pin-3.6-97554-g31f0a167d-gcc-linux
+ NGINX_ROOT=/home/rudy/debloat/nginx
+ BENCHMARK=/home/rudy/debloat/nginx/objs/nginx
+ BENCHMARK_ARGS='-c /home/rudy/debloat/nginx/conf/nginx.conf -p /home/rudy/debloat/nginx'
+ BLANKIT_NGINX_ROOT=/home/rudy/debloat/pin_probe_debloat_experiments/nginx
+ export BLANKIT_APP_NAME=/home/rudy/debloat/nginx//home/rudy/debloat/nginx/objs/nginx
+ BLANKIT_APP_NAME=/home/rudy/debloat/nginx//home/rudy/debloat/nginx/objs/nginx
+ export BLANKIT_APPROVED_LIST=/home/rudy/debloat/pin_probe_debloat_experiments/nginx/approved_list.txt
+ BLANKIT_APPROVED_LIST=/home/rudy/debloat/pin_probe_debloat_experiments/nginx/approved_list.txt
+ export BLANKIT_APPROVED_LIST_LIBDL=/home/rudy/debloat/pin_probe_debloat_experiments/nginx/other-approved-lists/approved_list_libdl.txt
+ BLANKIT_APPROVED_LIST_LIBDL=/home/rudy/debloat/pin_probe_debloat_experiments/nginx/other-approved-lists/approved_list_libdl.txt
+ export BLANKIT_APPROVED_LIST_LIBPTHREAD=/home/rudy/debloat/pin_probe_debloat_experiments/nginx/other-approved-lists/approved_list_libpthread.txt
+ BLANKIT_APPROVED_LIST_LIBPTHREAD=/home/rudy/debloat/pin_probe_debloat_experiments/nginx/other-approved-lists/approved_list_libpthread.txt
+ export BLANKIT_APPROVED_LIST_LIBCRYPT=/home/rudy/debloat/pin_probe_debloat_experiments/nginx/other-approved-lists/approved_list_libcrypt.txt
+ BLANKIT_APPROVED_LIST_LIBCRYPT=/home/rudy/debloat/pin_probe_debloat_experiments/nginx/other-approved-lists/approved_list_libcrypt.txt
+ export BLANKIT_APPROVED_LIST_LIBPCRE=/home/rudy/debloat/pin_probe_debloat_experiments/nginx/other-approved-lists/approved_list_libpcre.txt
+ BLANKIT_APPROVED_LIST_LIBPCRE=/home/rudy/debloat/pin_probe_debloat_experiments/nginx/other-approved-lists/approved_list_libpcre.txt
+ export BLANKIT_APPROVED_LIST_LIBZ=/home/rudy/debloat/pin_probe_debloat_experiments/nginx/other-approved-lists/approved_list_libz.txt
+ BLANKIT_APPROVED_LIST_LIBZ=/home/rudy/debloat/pin_probe_debloat_experiments/nginx/other-approved-lists/approved_list_libz.txt
+ '[' nopin == nopin ']'
+ echo 'Running WITHOUT pin'
Running WITHOUT pin
+ /home/rudy/debloat/nginx/objs/nginx -c /home/rudy/debloat/nginx/conf/nginx.conf -p /home/rudy/debloat/nginx
