dl_iterate_phdr@GLIBC_2.2.5 0000000000000000 0
free@GLIBC_2.2.5 0000000000000000 0
__pthread_key_create 0000000000000000 0
abort@GLIBC_2.2.5 0000000000000000 0
_ITM_deregisterTMCloneTab 0000000000000000 0
strlen@GLIBC_2.2.5 0000000000000000 0
pthread_getspecific 0000000000000000 0
memset@GLIBC_2.2.5 0000000000000000 0
calloc@GLIBC_2.2.5 0000000000000000 0
pthread_key_create 0000000000000000 0
__gmon_start__ 0000000000000000 0
memcpy@GLIBC_2.14 0000000000000000 0
pthread_once 0000000000000000 0
pthread_mutex_unlock@GLIBC_2.2.5 0000000000000000 0
malloc@GLIBC_2.2.5 0000000000000000 0
pthread_setspecific 0000000000000000 0
realloc@GLIBC_2.2.5 0000000000000000 0
_ITM_registerTMCloneTable 0000000000000000 0
__cxa_finalize@GLIBC_2.2.5 0000000000000000 0
pthread_mutex_lock@GLIBC_2.2.5 0000000000000000 0
__mulvsi3@@GCC_3.0 0000000000003430 37
__floatuntitf@@GCC_4.3.0 000000000000ada0 775
__letf2@@GCC_4.3.0 000000000000c840 530
__modti3@@GCC_3.0 00000000000056a0 406
__bswapdi2@@GCC_4.3.0 0000000000004bb0 7
__floatuntixf@@GCC_4.2.0 0000000000005500 53
__unordtf2@@GCC_4.3.0 0000000000009c10 451
GCC_3.0 0000000000000000 0
__emutls_get_address@@GCC_4.3.0 0000000000012c50 378
__divtf3@@GCC_4.3.0 0000000000007180 3133
__ucmpti2@@GCC_3.0 00000000000031e0 33
GCC_3.3 0000000000000000 0
GCC_3.4 0000000000000000 0
__addvdi3@@GCC_3.0 00000000000032a0 41
__ashrti3@@GCC_3.0 0000000000003150 83
__addvti3@@GCC_3.4.4 0000000000003300 67
__paritydi2@@GCC_3.4 0000000000003840 54
__parityti2@@GCC_3.4 0000000000003880 60
__ashlti3@@GCC_3.0 0000000000003100 78
__floatsitf@@GCC_4.3.0 0000000000009fd0 203
_Unwind_Resume@@GCC_3.0 0000000000010610 396
_Unwind_Backtrace@@GCC_3.3 0000000000010970 140
__muldc3@@GCC_4.0.0 0000000000003c70 735
GCC_3.4.2 0000000000000000 0
__multc3@GCC_4.0.0 000000000000d370 1877
__multc3@@GCC_4.3.0 000000000000d370 1877
__eqtf2@@GCC_4.3.0 000000000000ca60 509
GCC_3.4.4 0000000000000000 0
__negti2@@GCC_3.0 0000000000003080 24
__powidf2@@GCC_4.0.0 0000000000003910 81
__powitf2@@GCC_4.3.0 000000000000dad0 145
__powitf2@GCC_4.0.0 000000000000dad0 145
__clzdi2@@GCC_3.4 00000000000036f0 9
__clzti2@@GCC_3.4 0000000000003700 26
__udivti3@@GCC_3.0 0000000000005a30 255
__floatditf@@GCC_4.3.0 000000000000a430 270
__floattisf@@GCC_3.0 00000000000050d0 266
__trunctfdf2@@GCC_4.3.0 000000000000bb80 1367
GCC_7.0.0 0000000000000000 0
GCC_4.8.0 0000000000000000 0
__extendsftf2@@GCC_4.3.0 000000000000b0b0 513
__fixunstfdi@@GCC_4.3.0 000000000000a2c0 354
_Unwind_GetLanguageSpecif@@GCC_3.0 000000000000dfe0 8
_Unwind_FindEnclosingFunc@@GCC_3.3 000000000000e000 36
_Unwind_GetIPInfo@@GCC_4.2.0 000000000000dfb0 24
__fixunstfti@@GCC_4.3.0 000000000000a820 456
__deregister_frame_info_b@@GCC_3.0 0000000000012390 284
__ffsdi2@@GCC_3.0 00000000000036b0 22
__ffsti2@@GCC_3.0 00000000000036d0 31
__fixxfti@@GCC_3.0 0000000000004d60 61
_Unwind_GetDataRelBase@@GCC_3.0 000000000000e030 8
__divdc3@@GCC_4.0.0 00000000000045b0 795
__divtc3@@GCC_4.3.0 000000000000cc60 1795
__divtc3@GCC_4.0.0 000000000000cc60 1795
GCC_4.2.0 0000000000000000 0
__mulvdi3@@GCC_3.0 0000000000003410 29
__mulvti3@@GCC_3.4.4 0000000000003460 410
__absvsi2@@GCC_3.0 0000000000003250 31
__register_frame_table@@GCC_3.0 0000000000012370 26
__subtf3@@GCC_4.3.0 0000000000008940 4814
__extendxftf2@@GCC_4.3.0 000000000000b500 506
__mulxc3@@GCC_4.0.0 0000000000003f50 895
__negtf2@@GCC_4.3.0 00000000000088b0 144
__register_frame_info_tab@@GCC_3.0 00000000000122c0 155
__powixf2@@GCC_4.0.0 0000000000003970 85
__floattidf@@GCC_3.0 00000000000051e0 266
_Unwind_GetRegionStart@@GCC_3.0 000000000000dff0 8
__floattitf@@GCC_4.3.0 000000000000a9f0 936
__floattixf@@GCC_3.0 00000000000052f0 45
__trunctfxf2@@GCC_4.3.0 000000000000c0e0 1367
_Unwind_Find_FDE@@GCC_3.0 00000000000124f0 538
_Unwind_SetIP@@GCC_3.0 000000000000dfd0 8
_Unwind_GetIP@@GCC_3.0 000000000000dfa0 8
__umodti3@@GCC_3.0 0000000000005b30 272
__fixunsxfdi@@GCC_3.0 0000000000004c90 106
__cpu_indicator_init@GCC_4.8.0 0000000000002ce0 672
__register_frame_info_bas@@GCC_3.0 00000000000121d0 168
__fixunsxfti@@GCC_3.0 0000000000004ef0 467
__divxc3@@GCC_4.0.0 00000000000048d0 708
__subvsi3@@GCC_3.0 0000000000003390 40
__fixsfti@@GCC_3.0 0000000000004d00 47
__addtf3@@GCC_4.3.0 0000000000005eb0 4816
GCC_4.3.0 0000000000000000 0
__negvsi2@@GCC_3.0 0000000000003630 35
__absvdi2@@GCC_3.0 0000000000003220 33
__absvti2@@GCC_3.4.4 0000000000003270 40
__multi3@@GCC_3.0 0000000000003060 26
_Unwind_DeleteException@@GCC_3.0 0000000000010950 26
__lshrti3@@GCC_3.0 00000000000030a0 82
_Unwind_GetCFA@@GCC_3.3 000000000000df50 8
__enable_execute_stack@@GCC_3.4.2 000000000000db70 2
__popcountdi2@@GCC_3.4 0000000000003750 90
__netf2@GCC_3.0 000000000000ca60 509
__netf2@@GCC_4.3.0 000000000000ca60 509
__popcountti2@@GCC_3.4 00000000000037b0 139
GCC_4.0.0 0000000000000000 0
__clear_cache@@GCC_3.0 0000000000003210 2
__floatunsitf@@GCC_4.3.0 000000000000a0a0 166
__fixtfsi@@GCC_4.3.0 0000000000009de0 250
__fixdfti@@GCC_3.0 0000000000004d30 48
__cmpti2@@GCC_3.0 00000000000031b0 33
__extenddftf2@@GCC_4.3.0 000000000000b2c0 576
__bswapsi2@@GCC_4.3.0 0000000000004ba0 5
_Unwind_RaiseException@@GCC_3.0 0000000000010160 779
__floatunditf@@GCC_4.3.0 000000000000a540 235
__floatuntisf@@GCC_4.2.0 0000000000005320 237
__addvsi3@@GCC_3.0 00000000000032d0 40
__gttf2@@GCC_4.3.0 000000000000c640 504
__gttf2@GCC_3.0 000000000000c640 504
__deregister_frame@@GCC_3.0 00000000000124c0 37
GCC_3.3.1 0000000000000000 0
__ctzdi2@@GCC_3.4 0000000000003720 8
__divti3@@GCC_3.0 0000000000005540 347
__mulsc3@@GCC_4.0.0 00000000000039d0 657
__ctzti2@@GCC_3.4 0000000000003730 23
__register_frame@@GCC_3.0 0000000000012290 42
__register_frame_info_tab@@GCC_3.0 0000000000012360 9
__powisf2@@GCC_4.0.0 00000000000038c0 80
__clrsbdi2@@GCC_4.7.0 0000000000004bc0 30
__clrsbti2@@GCC_4.7.0 0000000000004be0 76
__getf2@@GCC_4.3.0 000000000000c640 504
__fixunssfdi@@GCC_3.0 0000000000004c30 43
GCC_4.7.0 0000000000000000 0
__trunctfsf2@@GCC_4.3.0 000000000000b700 1143
__multf3@@GCC_4.3.0 0000000000007dc0 2793
__divmodti4@@GCC_7.0.0 0000000000005840 490
_Unwind_Resume_or_Rethrow@@GCC_3.3 00000000000107a0 418
__emutls_register_common@@GCC_4.3.0 0000000000012dd0 53
__fixunssfti@@GCC_3.0 0000000000004da0 167
__subvdi3@@GCC_3.0 0000000000003350 49
__cpu_model@GCC_4.8.0 0000000000216190 16
__subvti3@@GCC_3.4.4 00000000000033c0 67
__fixtfdi@@GCC_4.3.0 000000000000a150 362
__register_frame_info@@GCC_3.0 0000000000012280 9
__udivmodti4@@GCC_3.0 0000000000005c40 454
__negvdi2@@GCC_3.0 0000000000003600 42
__fixtfti@@GCC_4.3.0 000000000000a630 495
__lttf2@@GCC_4.3.0 000000000000c840 530
__negvti2@@GCC_3.4.4 0000000000003660 74
__deregister_frame_info@@GCC_3.0 00000000000124b0 5
__fixunsdfdi@@GCC_3.0 0000000000004c60 47
__lttf2@GCC_3.0 000000000000c840 530
__gcc_personality_v0@@GCC_3.3.1 00000000000128c0 636
__fixunsdfti@@GCC_3.0 0000000000004e50 159
__fixunstfsi@@GCC_4.3.0 0000000000009ee0 225
_Unwind_SetGR@@GCC_3.0 000000000000df60 62
__divsc3@@GCC_4.0.0 00000000000042d0 733
__floatuntidf@@GCC_4.2.0 0000000000005410 237
_Unwind_GetGR@@GCC_3.0 000000000000df00 69
_Unwind_GetTextRelBase@@GCC_3.0 000000000000e040 8
_Unwind_ForcedUnwind@@GCC_3.0 0000000000010470 402
