__strtold_nan@GLIBC_PRIVATE 0000000000000000 0
__errno_location@GLIBC_2.2.5 0000000000000000 0
_ITM_deregisterTMCloneTab 0000000000000000 0
errno@GLIBC_PRIVATE 0000000000000000 0
qsort@GLIBC_2.2.5 0000000000000000 0
__strtod_nan@GLIBC_PRIVATE 0000000000000000 0
__assert_fail@GLIBC_2.2.5 0000000000000000 0
fputs@GLIBC_2.2.5 0000000000000000 0
memset@GLIBC_2.2.5 0000000000000000 0
__gmon_start__ 0000000000000000 0
_rtld_global_ro@GLIBC_PRIVATE 0000000000000000 0
__strtof_nan@GLIBC_PRIVATE 0000000000000000 0
memmove@GLIBC_2.2.5 0000000000000000 0
_Jv_RegisterClasses 0000000000000000 0
fwrite@GLIBC_2.2.5 0000000000000000 0
_ITM_registerTMCloneTable 0000000000000000 0
__cxa_finalize@GLIBC_2.2.5 0000000000000000 0
stderr@GLIBC_2.2.5 0000000000000000 0
fabs@@GLIBC_2.2.5 0000000000017b60 13
feraiseexcept@@GLIBC_2.2.5 0000000000005760 101
__sqrtl_finite@@GLIBC_2.15 0000000000041c50 7
__log_finite@@GLIBC_2.15 00000000000116f0 56
matherr@@GLIBC_2.2.5 0000000000005700 3
roundf@@GLIBC_2.2.5 0000000000038790 117
__y0f_finite@@GLIBC_2.15 0000000000030490 685
roundl@@GLIBC_2.2.5 0000000000045970 324
__gammaf_r_finite@@GLIBC_2.15 0000000000033880 1023
nearbyintf@@GLIBC_2.2.5 0000000000038810 34
__atanhf_finite@@GLIBC_2.15 000000000002f680 293
trunc@@GLIBC_2.2.5 0000000000022450 101
nearbyintl@@GLIBC_2.2.5 0000000000045ac0 39
cpow@@GLIBC_2.2.5 0000000000029610 45
expf@@GLIBC_2.2.5 0000000000037420 116
lgamma_r@@GLIBC_2.2.5 0000000000021ce0 151
cimagf@@GLIBC_2.2.5 0000000000038c50 13
expl@@GLIBC_2.2.5 00000000000443a0 138
hypot@@GLIBC_2.2.5 00000000000218f0 130
cimagl@@GLIBC_2.2.5 0000000000045d10 5
__j1f_finite@@GLIBC_2.15 0000000000030b10 703
__atan2l_finite@@GLIBC_2.15 000000000003e780 13
__coshl_finite@@GLIBC_2.15 000000000003e8a0 361
__acoshl_finite@@GLIBC_2.15 000000000003e460 223
__jnl_finite@@GLIBC_2.15 0000000000040250 1492
__asinl_finite@@GLIBC_2.15 000000000003e540 573
__scalbf_finite@@GLIBC_2.15 0000000000033320 134
__remainder_finite@@GLIBC_2.15 0000000000012b00 1531
erf@@GLIBC_2.2.5 0000000000016b70 1469
modf@@GLIBC_2.2.5 000000000002a980 183
ilogb@@GLIBC_2.2.5 0000000000022280 59
copysign@@GLIBC_2.2.5 000000000002a960 21
llround@@GLIBC_2.2.5 000000000002a690 165
coshf@@GLIBC_2.2.5 00000000000373c0 96
ccosf@@GLIBC_2.2.5 000000000003a4d0 52
__fpclassify@@GLIBC_2.2.5 00000000000222c0 78
ccosh@@GLIBC_2.2.5 00000000000268f0 1153
coshl@@GLIBC_2.2.5 0000000000044330 108
ccosl@@GLIBC_2.2.5 00000000000476f0 23
__log2l_finite@@GLIBC_2.15 00000000000458d0 50
fedisableexcept@@GLIBC_2.2.5 0000000000005a60 49
ldexpf@@GLIBC_2.2.5 000000000003ccd0 136
lroundf@@GLIBC_2.2.5 000000000003c8a0 125
ldexpl@@GLIBC_2.2.5 000000000004ab90 127
fegetexcept@@GLIBC_2.2.5 0000000000005ae0 16
lroundl@@GLIBC_2.2.5 000000000004a500 301
j0f@@GLIBC_2.2.5 00000000000377a0 64
__exp2f_finite@@GLIBC_2.15 00000000000385f0 410
__atanhl_finite@@GLIBC_2.15 000000000003e790 268
j0l@@GLIBC_2.2.5 0000000000044820 95
ilogbf@@GLIBC_2.2.5 0000000000038010 59
clog10@@GLIBC_2.2.5 0000000000029690 1130
__sinh_finite@@GLIBC_2.15 0000000000013220 508
fmaf@@GLIBC_2.2.5 000000000003c860 48
ilogbl@@GLIBC_2.2.5 00000000000454c0 67
fmal@@GLIBC_2.2.5 0000000000049a80 2664
nanf@@GLIBC_2.2.5 00000000000381b0 9
atan2@@GLIBC_2.2.5 0000000000021430 202
__atanh_finite@@GLIBC_2.15 000000000000c4a0 310
__j1l_finite@@GLIBC_2.15 000000000003fd20 615
nanl@@GLIBC_2.2.5 00000000000455d0 9
scalbf@@GLIBC_2.2.5 0000000000037ea0 210
fmax@@GLIBC_2.2.5 0000000000022310 23
csqrt@@GLIBC_2.2.5 0000000000029030 1498
j1f@@GLIBC_2.2.5 0000000000037860 64
scalbl@@GLIBC_2.2.5 00000000000452c0 311
scalbn@@GLIBC_2.2.5 000000000002ac10 153
__remainderl_finite@@GLIBC_2.15 00000000000419c0 23
j1l@@GLIBC_2.2.5 0000000000044960 95
csinf@@GLIBC_2.2.5 000000000003a510 1172
csinh@@GLIBC_2.2.5 00000000000263f0 1272
cimag@@GLIBC_2.2.5 0000000000025f90 5
csinl@@GLIBC_2.2.5 0000000000047710 1118
__acosl_finite@@GLIBC_2.15 000000000003e440 25
expm1@@GLIBC_2.2.5 0000000000017710 1090
finite@@GLIBC_2.2.5 000000000002a940 26
__expf_finite@@GLIBC_2.15 000000000002f900 437
cacoshf@@GLIBC_2.2.5 000000000003b400 589
truncf@@GLIBC_2.2.5 00000000000381c0 69
fma@@GLIBC_2.2.5 000000000002a650 48
__fmodf_finite@@GLIBC_2.15 000000000002fac0 443
__j1_finite@@GLIBC_2.15 000000000000e770 759
cacoshl@@GLIBC_2.2.5 0000000000048640 611
acoshf@@GLIBC_2.2.5 0000000000037210 49
truncl@@GLIBC_2.2.5 00000000000455e0 33
atanf@@GLIBC_2.2.5 0000000000034f40 641
atanh@@GLIBC_2.2.5 0000000000021500 66
cabs@@GLIBC_2.2.5 0000000000025fb0 5
acoshl@@GLIBC_2.2.5 0000000000044140 72
atanl@@GLIBC_2.2.5 0000000000042b30 9
cbrt@@GLIBC_2.2.5 00000000000169e0 334
lrintf@@GLIBC_2.2.5 000000000003c890 6
__jn_finite@@GLIBC_2.15 000000000000ed80 1605
scalblnf@@GLIBC_2.2.5 0000000000036ba0 136
lrintl@@GLIBC_2.2.5 000000000004a4f0 15
__exp2l_finite@@GLIBC_2.15 0000000000045910 91
GLIBC_2.15 0000000000000000 0
GLIBC_2.2.5 0000000000000000 0
GLIBC_2.18 0000000000000000 0
scalblnl@@GLIBC_2.2.5 0000000000043d30 127
atan2f@@GLIBC_2.2.5 00000000000372a0 200
nextafter@@GLIBC_2.2.5 0000000000018020 355
__cosh_finite@@GLIBC_2.15 000000000000c5e0 382
sqrtf@@GLIBC_2.2.5 0000000000037fe0 41
remainderf@@GLIBC_2.2.5 0000000000037d80 90
cos@@GLIBC_2.2.5 000000000001b9e0 56
__logf_finite@@GLIBC_2.15 00000000000322b0 683
atan2l@@GLIBC_2.2.5 00000000000441f0 206
sqrtl@@GLIBC_2.2.5 0000000000045470 65
remainderl@@GLIBC_2.2.5 0000000000045150 132
__y1f_finite@@GLIBC_2.15 0000000000030dd0 838
acos@@GLIBC_2.2.5 0000000000021350 66
GLIBC_2.23 0000000000000000 0
feenableexcept@@GLIBC_2.2.5 0000000000005aa0 53
__hypotl_finite@@GLIBC_2.15 000000000003eb00 698
clog10f@@GLIBC_2.2.5 000000000003c260 1258
cexpf@@GLIBC_2.2.5 0000000000038cb0 1003
clog10l@@GLIBC_2.2.5 0000000000049580 1276
__acos_finite@@GLIBC_2.15 00000000000084b0 40
frexpf@@GLIBC_2.2.5 000000000003cc70 90
cexpl@@GLIBC_2.2.5 0000000000045d60 1070
fdim@@GLIBC_2.2.5 0000000000022350 228
remquof@@GLIBC_2.2.5 0000000000038210 469
__powf_finite@@GLIBC_2.15 0000000000032650 1975
frexpl@@GLIBC_2.2.5 000000000004ab00 144
remquol@@GLIBC_2.2.5 0000000000045610 622
floor@@GLIBC_2.2.5 0000000000017b70 34
rint@@GLIBC_2.2.5 0000000000018320 34
__hypot_finite@@GLIBC_2.15 000000000000d420 767
__fmodl_finite@@GLIBC_2.15 000000000003eae0 21
significand@@GLIBC_2.2.5 0000000000018540 44
exp@@GLIBC_2.2.5 00000000000215c0 126
exp10f@@GLIBC_2.2.5 0000000000037520 119
__clog10f@@GLIBC_2.2.5 000000000003c260 1258
llrint@@GLIBC_2.2.5 000000000002a680 6
tanhf@@GLIBC_2.2.5 0000000000037080 313
exp10l@@GLIBC_2.2.5 00000000000444c0 138
__clog10l@@GLIBC_2.2.5 0000000000049580 1276
tanhl@@GLIBC_2.2.5 0000000000043fa0 313
fmaxf@@GLIBC_2.2.5 0000000000038090 21
__exp2_finite@@GLIBC_2.15 0000000000022920 469
y0@@GLIBC_2.2.5 00000000000219d0 132
y1@@GLIBC_2.2.5 0000000000021ab0 132
llrintf@@GLIBC_2.2.5 000000000003c890 6
cabsf@@GLIBC_2.2.5 0000000000038c70 23
fmaxl@@GLIBC_2.2.5 0000000000045570 21
acosf@@GLIBC_2.2.5 00000000000371c0 65
cabsl@@GLIBC_2.2.5 0000000000045d30 5
llrintl@@GLIBC_2.2.5 000000000004a4f0 15
acosh@@GLIBC_2.2.5 00000000000213a0 50
fesetenv@@GLIBC_2.2.5 00000000000058e0 316
acosl@@GLIBC_2.2.5 00000000000440e0 88
copysignf@@GLIBC_2.2.5 000000000003cab0 18
ccoshf@@GLIBC_2.2.5 0000000000039580 1099
sincos@@GLIBC_2.2.5 0000000000023db0 8652
copysignl@@GLIBC_2.2.5 000000000004a9b0 30
__asin_finite@@GLIBC_2.15 00000000000084e0 40
ccoshl@@GLIBC_2.2.5 0000000000046670 1104
__logl_finite@@GLIBC_2.15 00000000000414a0 50
log1pf@@GLIBC_2.2.5 00000000000367b0 57
__atan2f_finite@@GLIBC_2.15 000000000002f430 583
gammaf@@GLIBC_2.2.5 000000000003e390 175
__y1l_finite@@GLIBC_2.15 000000000003ff90 692
__coshf_finite@@GLIBC_2.15 000000000002f7b0 325
log1pl@@GLIBC_2.2.5 00000000000438f0 73
y0f@@GLIBC_2.2.5 00000000000377e0 122
__signbit@@GLIBC_2.2.5 000000000002acb0 10
gammal@@GLIBC_2.2.5 000000000004c530 193
y0l@@GLIBC_2.2.5 0000000000044880 220
remquo@@GLIBC_2.2.5 00000000000224c0 523
__jnf_finite@@GLIBC_2.15 0000000000031120 1330
modff@@GLIBC_2.2.5 000000000003cad0 129
__asinf_finite@@GLIBC_2.15 000000000002f1e0 577
log@@GLIBC_2.2.5 0000000000021d80 94
modfl@@GLIBC_2.2.5 000000000004a9d0 266
__log2_finite@@GLIBC_2.15 00000000000226d0 585
sincosf@@GLIBC_2.2.5 0000000000038850 973
conjf@@GLIBC_2.2.5 0000000000038c20 48
sincosl@@GLIBC_2.2.5 0000000000045af0 517
conjl@@GLIBC_2.2.5 0000000000045d00 11
fdimf@@GLIBC_2.2.5 00000000000380d0 212
gamma@@GLIBC_2.2.5 000000000002ed70 183
yn@@GLIBC_2.2.5 0000000000021b90 172
__j0l_finite@@GLIBC_2.15 000000000003f2f0 604
y1f@@GLIBC_2.2.5 00000000000378a0 122
fdiml@@GLIBC_2.2.5 00000000000455b0 30
__powl_finite@@GLIBC_2.15 0000000000041570 811
__sqrt_finite@@GLIBC_2.15 0000000000013420 5
y1l@@GLIBC_2.2.5 00000000000449c0 220
asinf@@GLIBC_2.2.5 0000000000037250 65
expm1f@@GLIBC_2.2.5 0000000000036080 989
asinh@@GLIBC_2.2.5 00000000000147f0 387
__log2f_finite@@GLIBC_2.15 00000000000383f0 497
fmodf@@GLIBC_2.2.5 00000000000375a0 80
asinl@@GLIBC_2.2.5 0000000000044190 88
expm1l@@GLIBC_2.2.5 0000000000043790 196
fabsf@@GLIBC_2.2.5 0000000000036460 12
fmodl@@GLIBC_2.2.5 0000000000044550 124
__exp10l_finite@@GLIBC_2.15 000000000004a750 195
ccos@@GLIBC_2.2.5 00000000000278f0 25
catanhf@@GLIBC_2.2.5 000000000003b650 1337
fabsl@@GLIBC_2.2.5 0000000000043860 7
pow10f@@GLIBC_2.2.5 0000000000037520 119
catanhl@@GLIBC_2.2.5 00000000000488b0 1438
atanhf@@GLIBC_2.2.5 0000000000037370 67
pow10l@@GLIBC_2.2.5 00000000000444c0 138
atanhl@@GLIBC_2.2.5 00000000000442c0 107
__log10f_finite@@GLIBC_2.15 0000000000032560 225
fmin@@GLIBC_2.2.5 0000000000022330 23
__scalb_finite@@GLIBC_2.15 0000000000013180 146
__fpclassifyf@@GLIBC_2.2.5 0000000000038050 62
cargf@@GLIBC_2.2.5 0000000000038c90 23
__y1_finite@@GLIBC_2.15 000000000000ea70 783
__fpclassifyl@@GLIBC_2.2.5 0000000000045510 87
cargl@@GLIBC_2.2.5 0000000000045d40 21
__log10_finite@@GLIBC_2.15 0000000000011730 281
__fmod_finite@@GLIBC_2.15 000000000000d1f0 545
tgamma@@GLIBC_2.2.5 00000000000217a0 327
catanf@@GLIBC_2.2.5 0000000000039ea0 1359
catanh@@GLIBC_2.2.5 0000000000028a70 1458
dremf@@GLIBC_2.2.5 0000000000037d80 90
catanl@@GLIBC_2.2.5 0000000000046ff0 1591
significandf@@GLIBC_2.2.5 0000000000036c30 43
erfc@@GLIBC_2.2.5 0000000000017130 1493
tgammaf@@GLIBC_2.2.5 00000000000375f0 301
__remainderf_finite@@GLIBC_2.15 0000000000033190 258
erff@@GLIBC_2.2.5 0000000000035690 1261
__yn_finite@@GLIBC_2.15 000000000000f3d0 972
dreml@@GLIBC_2.2.5 0000000000045150 132
significandl@@GLIBC_2.2.5 0000000000043db0 9
tgammal@@GLIBC_2.2.5 00000000000445d0 388
erfl@@GLIBC_2.2.5 0000000000042e00 1123
__acosf_finite@@GLIBC_2.15 000000000002ee30 712
cexp@@GLIBC_2.2.5 0000000000025fe0 1037
round@@GLIBC_2.2.5 0000000000022b00 158
__j0_finite@@GLIBC_2.15 000000000000dc60 735
csqrtf@@GLIBC_2.2.5 000000000003bb90 1481
log2@@GLIBC_2.2.5 000000000002a830 94
nan@@GLIBC_2.2.5 0000000000022440 9
nexttowardf@@GLIBC_2.2.5 0000000000036920 295
csqrtl@@GLIBC_2.2.5 0000000000048e50 1607
nexttowardl@@GLIBC_2.2.5 0000000000043950 681
cacos@@GLIBC_2.2.5 0000000000028510 364
__lgammal_r_finite@@GLIBC_2.15 0000000000040b80 2233
cprojf@@GLIBC_2.2.5 000000000003c200 87
cprojl@@GLIBC_2.2.5 0000000000049510 99
remainder@@GLIBC_2.2.5 0000000000021ff0 90
__sinhf_finite@@GLIBC_2.15 00000000000333b0 465
__log10l_finite@@GLIBC_2.15 0000000000041530 50
__signbitf@@GLIBC_2.2.5 000000000003cd60 8
fesetround@@GLIBC_2.2.5 0000000000005850 70
cbrtf@@GLIBC_2.2.5 00000000000351d0 301
clog@@GLIBC_2.2.5 0000000000026d80 1178
logb@@GLIBC_2.2.5 0000000000017fa0 123
__signbitl@@GLIBC_2.2.5 000000000004ac10 16
nearbyint@@GLIBC_2.2.5 0000000000022ba0 34
logf@@GLIBC_2.2.5 0000000000037b30 89
cbrtl@@GLIBC_2.2.5 0000000000042b40 345
powf@@GLIBC_2.2.5 0000000000037bf0 388
fegetexceptflag@@GLIBC_2.2.5 0000000000005740 29
logl@@GLIBC_2.2.5 0000000000044d80 157
powl@@GLIBC_2.2.5 0000000000044ec0 644
conj@@GLIBC_2.2.5 0000000000025f80 13
cproj@@GLIBC_2.2.5 0000000000029640 66
GLIBC_2.4 0000000000000000 0
ctanhf@@GLIBC_2.2.5 000000000003ad00 864
sin@@GLIBC_2.2.5 000000000001ba20 56
scalbln@@GLIBC_2.2.5 00000000000184a0 153
__ynf_finite@@GLIBC_2.15 0000000000031660 731
ctanhl@@GLIBC_2.2.5 0000000000047f00 903
__exp10_finite@@GLIBC_2.15 000000000002a740 237
__hypotf_finite@@GLIBC_2.15 000000000002fc80 148
cacosf@@GLIBC_2.2.5 000000000003b060 452
cacosh@@GLIBC_2.2.5 0000000000028830 575
asin@@GLIBC_2.2.5 00000000000213e0 66
tan@@GLIBC_2.2.5 00000000000211c0 56
cacosl@@GLIBC_2.2.5 0000000000048290 398
creal@@GLIBC_2.2.5 0000000000025fa0 2
__y0l_finite@@GLIBC_2.15 000000000003f550 660
jnf@@GLIBC_2.2.5 0000000000037920 75
__clog10@@GLIBC_2.2.5 0000000000029690 1130
jnl@@GLIBC_2.2.5 0000000000044aa0 137
sinhf@@GLIBC_2.2.5 0000000000037f80 96
__lgammaf_r_finite@@GLIBC_2.15 0000000000031940 2406
atan@@GLIBC_2.2.5 00000000000169a0 56
tanf@@GLIBC_2.2.5 0000000000036ff0 131
tanh@@GLIBC_2.2.5 0000000000021200 330
nextafterf@@GLIBC_2.2.5 0000000000036850 204
sinhl@@GLIBC_2.2.5 0000000000045400 108
ldexp@@GLIBC_2.2.5 000000000002ac10 153
tanl@@GLIBC_2.2.5 0000000000043ef0 174
nextafterl@@GLIBC_2.2.5 0000000000043950 681
fesetexceptflag@@GLIBC_2.2.5 00000000000057d0 73
scalbnf@@GLIBC_2.2.5 000000000003ccd0 136
frexp@@GLIBC_2.2.5 000000000002ab80 138
__sinhl_finite@@GLIBC_2.15 0000000000041a70 478
scalbnl@@GLIBC_2.2.5 000000000004ab90 127
fmod@@GLIBC_2.2.5 0000000000021740 90
feholdexcept@@GLIBC_2.2.5 00000000000058b0 33
casinf@@GLIBC_2.2.5 000000000003a3f0 216
casinh@@GLIBC_2.2.5 0000000000028680 421
__scalbl_finite@@GLIBC_2.15 00000000000419e0 138
feclearexcept@@GLIBC_2.2.5 0000000000005710 40
__finite@@GLIBC_2.2.5 000000000002a940 26
casinl@@GLIBC_2.2.5 0000000000047630 190
__exp_finite@@GLIBC_2.15 000000000000cd10 56
exp10@@GLIBC_2.2.5 00000000000216c0 126
j0@@GLIBC_2.2.5 0000000000021980 65
j1@@GLIBC_2.2.5 0000000000021a60 65
scalb@@GLIBC_2.2.5 0000000000022110 204
__ynl_finite@@GLIBC_2.15 0000000000040830 841
fminf@@GLIBC_2.2.5 00000000000380b0 21
_LIB_VERSION@@GLIBC_2.2.5 00000000003080e8 4
fminl@@GLIBC_2.2.5 0000000000045590 19
finitef@@GLIBC_2.2.5 000000000003ca90 18
log10f@@GLIBC_2.2.5 0000000000037b90 89
finitel@@GLIBC_2.2.5 000000000004a9a0 15
log10l@@GLIBC_2.2.5 0000000000044e20 157
__pow_finite@@GLIBC_2.15 0000000000012ad0 40
__j0f_finite@@GLIBC_2.15 00000000000301e0 678
signgam@@GLIBC_2.2.5 00000000003080f0 4
casinhf@@GLIBC_2.2.5 000000000003b230 461
casinhl@@GLIBC_2.2.5 0000000000048420 541
rintf@@GLIBC_2.2.5 0000000000036a50 34
asinhf@@GLIBC_2.2.5 0000000000034dd0 353
__exp10f_finite@@GLIBC_2.15 000000000003c9a0 30
__issignaling@@GLIBC_2.18 000000000002a890 51
__y0_finite@@GLIBC_2.15 000000000000df40 739
__finitef@@GLIBC_2.2.5 000000000003ca90 18
rintl@@GLIBC_2.2.5 0000000000043c00 7
asinhl@@GLIBC_2.2.5 0000000000042a10 279
__finitel@@GLIBC_2.2.5 000000000004a9a0 15
nexttoward@@GLIBC_2.2.5 0000000000018190 393
__signgam@@GLIBC_2.23 00000000003080f0 4
erfcf@@GLIBC_2.2.5 0000000000035b80 1268
jn@@GLIBC_2.2.5 0000000000021b40 77
cosf@@GLIBC_2.2.5 0000000000035340 840
cosh@@GLIBC_2.2.5 0000000000021550 108
erfcl@@GLIBC_2.2.5 0000000000043270 1301
csin@@GLIBC_2.2.5 0000000000027910 1235
cosl@@GLIBC_2.2.5 0000000000042cd0 304
fegetround@@GLIBC_2.2.5 0000000000005840 14
__lgamma_r_finite@@GLIBC_2.15 000000000000f7a0 2551
pow@@GLIBC_2.2.5 0000000000021e40 420
crealf@@GLIBC_2.2.5 0000000000038c60 13
exp2f@@GLIBC_2.2.5 00000000000374a0 119
creall@@GLIBC_2.2.5 0000000000045d20 5
ctan@@GLIBC_2.2.5 0000000000027df0 893
exp2l@@GLIBC_2.2.5 0000000000044430 138
log10@@GLIBC_2.2.5 0000000000021de0 94
fetestexcept@@GLIBC_2.2.5 0000000000005820 23
lgammaf_r@@GLIBC_2.2.5 0000000000037aa0 135
carg@@GLIBC_2.2.5 0000000000025fc0 17
__expl_finite@@GLIBC_2.15 000000000003ea10 195
__sqrtf_finite@@GLIBC_2.15 0000000000033590 5
lgamma@@GLIBC_2.23 0000000000021c40 151
lgamma@GLIBC_2.2.5 000000000002ed70 183
ceilf@@GLIBC_2.2.5 0000000000035300 34
ceill@@GLIBC_2.2.5 0000000000042ca0 39
clogf@@GLIBC_2.2.5 00000000000399d0 1226
sqrt@@GLIBC_2.2.5 0000000000022250 42
cpowf@@GLIBC_2.2.5 000000000003c160 153
clogl@@GLIBC_2.2.5 0000000000046ac0 1324
__acosh_finite@@GLIBC_2.15 00000000000061b0 246
llroundf@@GLIBC_2.2.5 000000000003c920 125
drem@@GLIBC_2.2.5 0000000000021ff0 90
cpowl@@GLIBC_2.2.5 00000000000494a0 98
sinf@@GLIBC_2.2.5 0000000000036c60 904
lrint@@GLIBC_2.2.5 000000000002a680 6
sinh@@GLIBC_2.2.5 00000000000221e0 108
__gammal_r_finite@@GLIBC_2.15 0000000000042030 1042
llroundl@@GLIBC_2.2.5 000000000004a630 285
sinl@@GLIBC_2.2.5 0000000000043dc0 301
ceil@@GLIBC_2.2.5 0000000000016b30 34
floorf@@GLIBC_2.2.5 0000000000036470 34
floorl@@GLIBC_2.2.5 0000000000043870 39
__gamma_r_finite@@GLIBC_2.15 0000000000013770 1129
casin@@GLIBC_2.2.5 0000000000027840 169
logbf@@GLIBC_2.2.5 00000000000367f0 93
ynf@@GLIBC_2.2.5 0000000000037970 160
__atan2_finite@@GLIBC_2.15 000000000000c460 56
log1p@@GLIBC_2.2.5 0000000000017f60 57
logbl@@GLIBC_2.2.5 0000000000043940 9
pow10@@GLIBC_2.2.5 00000000000216c0 126
ynl@@GLIBC_2.2.5 0000000000044b30 239
__acoshf_finite@@GLIBC_2.15 000000000002f100 213
hypotf@@GLIBC_2.2.5 0000000000037720 123
catan@@GLIBC_2.2.5 0000000000027220 1554
ctanf@@GLIBC_2.2.5 000000000003a9b0 840
csinhf@@GLIBC_2.2.5 00000000000390a0 1245
hypotl@@GLIBC_2.2.5 0000000000044760 179
ctanh@@GLIBC_2.2.5 0000000000028170 921
ctanl@@GLIBC_2.2.5 0000000000047b70 904
csinhl@@GLIBC_2.2.5 0000000000046190 1238
log2f@@GLIBC_2.2.5 000000000003c9c0 89
__issignalingf@@GLIBC_2.18 000000000003ca20 26
lgammaf@@GLIBC_2.23 0000000000037a10 143
lgammaf@GLIBC_2.2.5 000000000003e390 175
lgammal_r@@GLIBC_2.2.5 0000000000044cd0 169
exp2@@GLIBC_2.2.5 0000000000021640 126
lround@@GLIBC_2.2.5 000000000002a690 165
log2l@@GLIBC_2.2.5 000000000004a820 157
__issignalingl@@GLIBC_2.18 000000000004a8c0 65
lgammal@@GLIBC_2.23 0000000000044c20 169
lgammal@GLIBC_2.2.5 000000000004c530 193
fegetenv@@GLIBC_2.2.5 00000000000058a0 11
feupdateenv@@GLIBC_2.2.5 0000000000005a20 52
