free@GLIBC_2.2.5 0000000000000000 0
strncpy@GLIBC_2.2.5 0000000000000000 0
_ITM_deregisterTMCloneTab 0000000000000000 0
errno@GLIBC_PRIVATE 0000000000000000 0
ferror@GLIBC_2.2.5 0000000000000000 0
fread@GLIBC_2.2.5 0000000000000000 0
__pthread_mutex_unlock 0000000000000000 0
__stpncpy@GLIBC_2.2.5 0000000000000000 0
strlen@GLIBC_2.2.5 0000000000000000 0
snprintf@GLIBC_2.2.5 0000000000000000 0
memset@GLIBC_2.2.5 0000000000000000 0
__pthread_mutex_lock 0000000000000000 0
__gmon_start__ 0000000000000000 0
strtol@GLIBC_2.2.5 0000000000000000 0
memcpy@GLIBC_2.14 0000000000000000 0
malloc@GLIBC_2.2.5 0000000000000000 0
realloc@GLIBC_2.2.5 0000000000000000 0
_Jv_RegisterClasses 0000000000000000 0
strtoul@GLIBC_2.2.5 0000000000000000 0
_ITM_registerTMCloneTable 0000000000000000 0
__libc_alloca_cutoff@GLIBC_PRIVATE 0000000000000000 0
__cxa_finalize@GLIBC_2.2.5 0000000000000000 0
encrypt@@GLIBC_2.2.5 0000000000004a80 12
encrypt_r@@GLIBC_2.2.5 0000000000004800 636
setkey@@GLIBC_2.2.5 0000000000004c20 12
crypt@@GLIBC_2.2.5 0000000000000f30 169
crypt_r@@GLIBC_2.2.5 0000000000000d70 437
fcrypt@@GLIBC_2.2.5 0000000000000f30 169
setkey_r@@GLIBC_2.2.5 0000000000004a90 400
GLIBC_2.2.5 0000000000000000 0
