__asprintf@GLIBC_2.2.5 0000000000000000 0
free@GLIBC_2.2.5 0000000000000000 0
__pthread_key_create 0000000000000000 0
_ITM_deregisterTMCloneTab 0000000000000000 0
__pthread_getspecific 0000000000000000 0
strcpy@GLIBC_2.2.5 0000000000000000 0
_environ@GLIBC_2.2.5 0000000000000000 0
calloc@GLIBC_2.2.5 0000000000000000 0
__dcgettext@GLIBC_2.2.5 0000000000000000 0
__gmon_start__ 0000000000000000 0
environ@GLIBC_2.2.5 0000000000000000 0
_rtld_global_ro@GLIBC_PRIVATE 0000000000000000 0
_dl_vsym@GLIBC_PRIVATE 0000000000000000 0
__pthread_once 0000000000000000 0
_dl_addr@GLIBC_PRIVATE 0000000000000000 0
_libc_intl_domainname@GLIBC_2.2.5 0000000000000000 0
_dl_sym@GLIBC_PRIVATE 0000000000000000 0
_Jv_RegisterClasses 0000000000000000 0
_dl_rtld_di_serinfo@GLIBC_PRIVATE 0000000000000000 0
__environ@GLIBC_2.2.5 0000000000000000 0
_ITM_registerTMCloneTable 0000000000000000 0
__pthread_setspecific 0000000000000000 0
strerror@GLIBC_2.2.5 0000000000000000 0
_rtld_global@GLIBC_PRIVATE 0000000000000000 0
__cxa_finalize@GLIBC_2.2.5 0000000000000000 0
dlclose@@GLIBC_2.2.5 0000000000000fe0 54
dlinfo@@GLIBC_2.3.3 00000000000017f0 85
dladdr1@@GLIBC_2.3.3 00000000000016b0 54
GLIBC_2.2.5 0000000000000000 0
dlsym@@GLIBC_2.2.5 0000000000001040 127
dladdr@@GLIBC_2.2.5 0000000000001690 30
dlopen@@GLIBC_2.2.5 0000000000000f70 84
_dlfcn_hook@@GLIBC_PRIVATE 00000000002030a0 8
GLIBC_2.3.3 0000000000000000 0
GLIBC_2.3.4 0000000000000000 0
dlmopen@@GLIBC_2.3.4 0000000000001920 92
dlerror@@GLIBC_2.2.5 00000000000012b0 579
GLIBC_PRIVATE 0000000000000000 0
dlvsym@@GLIBC_2.2.5 00000000000010e0 127
