__tsearch@GLIBC_PRIVATE 0000000000000000 0
__clone@GLIBC_2.2.5 0000000000000000 0
free@GLIBC_2.2.5 0000000000000000 0
__getrlimit@GLIBC_PRIVATE 0000000000000000 0
abort@GLIBC_2.2.5 0000000000000000 0
unlink@GLIBC_2.2.5 0000000000000000 0
_ITM_deregisterTMCloneTab 0000000000000000 0
_exit@GLIBC_2.2.5 0000000000000000 0
__sched_getscheduler@GLIBC_2.2.5 0000000000000000 0
__libc_dlclose@GLIBC_PRIVATE 0000000000000000 0
errno@GLIBC_PRIVATE 0000000000000000 0
__libc_fatal@GLIBC_PRIVATE 0000000000000000 0
__statfs@GLIBC_2.2.5 0000000000000000 0
__sched_get_priority_max@GLIBC_2.2.5 0000000000000000 0
__mempcpy@GLIBC_2.2.5 0000000000000000 0
__resp@GLIBC_PRIVATE 0000000000000000 0
fclose@GLIBC_2.2.5 0000000000000000 0
strlen@GLIBC_2.2.5 0000000000000000 0
__libc_system@GLIBC_PRIVATE 0000000000000000 0
getuid@GLIBC_2.2.5 0000000000000000 0
mmap@GLIBC_2.2.5 0000000000000000 0
strchr@GLIBC_2.2.5 0000000000000000 0
__gettimeofday@GLIBC_2.2.5 0000000000000000 0
__assert_fail@GLIBC_2.2.5 0000000000000000 0
memset@GLIBC_2.2.5 0000000000000000 0
__libc_fork@GLIBC_PRIVATE 0000000000000000 0
__register_atfork@GLIBC_2.3.2 0000000000000000 0
sched_yield@GLIBC_2.2.5 0000000000000000 0
_dl_deallocate_tls@GLIBC_PRIVATE 0000000000000000 0
__call_tls_dtors@GLIBC_PRIVATE 0000000000000000 0
__sched_getparam@GLIBC_2.2.5 0000000000000000 0
_setjmp@GLIBC_2.2.5 0000000000000000 0
calloc@GLIBC_2.2.5 0000000000000000 0
__getdelim@GLIBC_2.2.5 0000000000000000 0
__getmntent_r@GLIBC_2.2.5 0000000000000000 0
__fxstat64@GLIBC_2.2.5 0000000000000000 0
__libc_stack_end@GLIBC_2.2.5 0000000000000000 0
strcmp@GLIBC_2.2.5 0000000000000000 0
__libc_thread_freeres@GLIBC_PRIVATE 0000000000000000 0
__endmntent@GLIBC_2.2.5 0000000000000000 0
memcpy@GLIBC_2.14 0000000000000000 0
_rtld_global_ro@GLIBC_PRIVATE 0000000000000000 0
prctl@GLIBC_2.2.5 0000000000000000 0
__libc_current_sigrtmax_p@GLIBC_PRIVATE 0000000000000000 0
__tdelete@GLIBC_PRIVATE 0000000000000000 0
__sched_setscheduler@GLIBC_2.2.5 0000000000000000 0
__libc_dlopen_mode@GLIBC_PRIVATE 0000000000000000 0
__getpagesize@GLIBC_2.2.5 0000000000000000 0
malloc@GLIBC_2.2.5 0000000000000000 0
sched_get_priority_min@GLIBC_2.2.5 0000000000000000 0
_dl_make_stack_executable@GLIBC_PRIVATE 0000000000000000 0
__libc_pthread_init@GLIBC_PRIVATE 0000000000000000 0
__ctype_init@GLIBC_PRIVATE 0000000000000000 0
sscanf@GLIBC_2.2.5 0000000000000000 0
realloc@GLIBC_2.2.5 0000000000000000 0
__libc_dlsym@GLIBC_PRIVATE 0000000000000000 0
__tfind@GLIBC_PRIVATE 0000000000000000 0
munmap@GLIBC_2.2.5 0000000000000000 0
__libc_current_sigrtmin_p@GLIBC_PRIVATE 0000000000000000 0
__libc_vfork@GLIBC_PRIVATE 0000000000000000 0
__madvise@GLIBC_PRIVATE 0000000000000000 0
__libc_dl_error_tsd@GLIBC_PRIVATE 0000000000000000 0
mprotect@GLIBC_2.2.5 0000000000000000 0
__h_errno@GLIBC_PRIVATE 0000000000000000 0
fopen@GLIBC_2.2.5 0000000000000000 0
__mktemp@GLIBC_PRIVATE 0000000000000000 0
_Jv_RegisterClasses 0000000000000000 0
__twalk@GLIBC_PRIVATE 0000000000000000 0
_dl_allocate_tls@GLIBC_PRIVATE 0000000000000000 0
__setmntent@GLIBC_2.2.5 0000000000000000 0
sched_setparam@GLIBC_2.2.5 0000000000000000 0
_dl_get_tls_static_info@GLIBC_PRIVATE 0000000000000000 0
sprintf@GLIBC_2.2.5 0000000000000000 0
link@GLIBC_2.2.5 0000000000000000 0
exit@GLIBC_2.2.5 0000000000000000 0
sched_get_priority_max@GLIBC_2.2.5 0000000000000000 0
getrlimit@GLIBC_2.2.5 0000000000000000 0
_ITM_registerTMCloneTable 0000000000000000 0
__libc_alloca_cutoff@GLIBC_PRIVATE 0000000000000000 0
_dl_allocate_tls_init@GLIBC_PRIVATE 0000000000000000 0
_rtld_global@GLIBC_PRIVATE 0000000000000000 0
__libc_allocate_rtsig_pri@GLIBC_PRIVATE 0000000000000000 0
__libc_longjmp@GLIBC_PRIVATE 0000000000000000 0
__cxa_finalize@GLIBC_2.2.5 0000000000000000 0
__sched_get_priority_min@GLIBC_2.2.5 0000000000000000 0
pthread_getaffinity_np@@GLIBC_2.3.4 0000000000011670 78
write@@GLIBC_2.2.5 0000000000010490 90
pthread_getaffinity_np@GLIBC_2.3.3 00000000000116c0 13
pthread_setname_np@@GLIBC_2.12 0000000000012340 301
pthread_mutexattr_setrobu@@GLIBC_2.12 0000000000011870 38
__wait@@GLIBC_2.2.5 0000000000010e70 159
__pthread_clock_gettime@@GLIBC_PRIVATE 000000000000eb90 150
__pthread_rwlock_init@@GLIBC_2.2.5 000000000000bfc0 87
__pthread_cleanup_routine@@GLIBC_2.3.3 00000000000118d0 28
sem_close@@GLIBC_2.2.5 000000000000f5b0 237
pthread_cond_init@GLIBC_2.2.5 000000000000dbe0 35
pthread_cond_init@@GLIBC_2.3.2 000000000000d0c0 115
__pthread_mutexattr_setty@@GLIBC_2.2.5 000000000000bf90 40
pthread_mutexattr_setkind@@GLIBC_2.2.5 000000000000bf90 40
pthread_rwlock_trywrlock@@GLIBC_2.2.5 000000000000cd80 291
pthread_mutex_destroy@@GLIBC_2.2.5 00000000000096b0 34
__pthread_rwlock_destroy@@GLIBC_2.2.5 000000000000c020 4
send@@GLIBC_2.2.5 0000000000010980 186
open64@@GLIBC_2.2.5 0000000000010c50 90
pthread_yield@@GLIBC_2.2.5 0000000000008c30 5
pthread_equal@@GLIBC_2.2.5 0000000000008c20 9
read@@GLIBC_2.2.5 00000000000104f0 90
pthread_getconcurrency@@GLIBC_2.2.5 0000000000008c40 7
pthread_self@@GLIBC_2.2.5 0000000000008c10 10
__pthread_rwlock_rdlock@@GLIBC_2.2.5 000000000000c240 491
pthread_spin_trylock@@GLIBC_2.2.5 000000000000de90 20
__pthread_getspecific@@GLIBC_2.2.5 000000000000e2d0 129
pthread_rwlock_wrlock@@GLIBC_2.2.5 000000000000c810 264
pthread_attr_setscope@@GLIBC_2.2.5 0000000000009120 31
pthread_condattr_setpshar@@GLIBC_2.2.5 000000000000de10 28
recvfrom@@GLIBC_2.2.5 00000000000108c0 96
sem_getvalue@@GLIBC_2.2.5 000000000000f7d0 8
__libc_current_sigrtmin@@GLIBC_2.2.5 0000000000011630 5
__shm_directory@@GLIBC_PRIVATE 000000000000ee40 66
system@GLIBC_2.2.5 0000000000011290 8
pthread_setschedparam@@GLIBC_2.2.5 0000000000008da0 236
__pthread_key_create@@GLIBC_2.2.5 000000000000e230 86
pthread_condattr_setclock@@GLIBC_2.3.3 000000000000de40 30
pthread_mutex_getprioceil@@GLIBC_2.4 0000000000012170 22
wait@@GLIBC_2.2.5 0000000000010e70 159
_pthread_cleanup_push_def@@GLIBC_2.2.5 000000000000fde0 100
pthread_getname_np@@GLIBC_2.12 0000000000012470 282
pthread_attr_getdetachsta@@GLIBC_2.2.5 0000000000008fd0 11
pthread_mutex_consistent@@GLIBC_2.12 00000000000118a0 39
pthread_tryjoin_np@@GLIBC_2.3.3 0000000000008a40 108
pthread_sigmask@@GLIBC_2.2.5 000000000000e470 247
__pthread_rwlock_trywrloc@@GLIBC_2.2.5 000000000000cd80 291
__pthread_register_cancel@@GLIBC_2.3.3 000000000000fc90 100
tcdrain@@GLIBC_2.2.5 0000000000010dd0 156
pthread_atfork@GLIBC_2.2.5 000000000000eb40 31
pthread_mutexattr_getkind@@GLIBC_2.2.5 000000000000bf80 12
pthread_mutex_init@@GLIBC_2.2.5 00000000000095a0 272
pthread_cond_wait@@GLIBC_2.3.2 000000000000d2a0 546
pthread_cond_wait@GLIBC_2.2.5 000000000000dc30 90
__h_errno_location@@GLIBC_2.2.5 0000000000011600 17
pthread_exit@@GLIBC_2.2.5 0000000000008820 37
pthread_setcancelstate@@GLIBC_2.2.5 000000000000e780 311
pthread_cond_destroy@GLIBC_2.2.5 000000000000dc10 19
pthread_cond_destroy@@GLIBC_2.3.2 000000000000d140 343
pthread_mutexattr_settype@@GLIBC_2.2.5 000000000000bf90 40
sem_timedwait@@GLIBC_2.2.5 000000000000fb50 100
pthread_setattr_default_n@@GLIBC_2.18 0000000000012590 427
pthread_rwlock_unlock@@GLIBC_2.2.5 000000000000ceb0 395
GLIBC_2.3.2 0000000000000000 0
GLIBC_2.3.3 0000000000000000 0
GLIBC_2.3.4 0000000000000000 0
recv@@GLIBC_2.2.5 0000000000010800 186
fsync@@GLIBC_2.2.5 0000000000010b00 90
pthread_timedjoin_np@@GLIBC_2.3.3 0000000000008ac0 334
pthread_mutexattr_gettype@@GLIBC_2.2.5 000000000000bf80 12
__errno_location@@GLIBC_2.2.5 0000000000012a40 17
GLIBC_PRIVATE 0000000000000000 0
__pthread_get_minstack@@GLIBC_PRIVATE 0000000000006070 31
pthread_key_delete@@GLIBC_2.2.5 000000000000e290 52
pthread_once@@GLIBC_2.2.5 000000000000eb20 21
pthread_sigqueue@@GLIBC_2.11 000000000000e5c0 179
pthread_kill_other_thread@GLIBC_2.2.5 0000000000011660 2
pthread_attr_setstackaddr@@GLIBC_2.2.5 0000000000009150 11
raise@@GLIBC_2.2.5 0000000000011240 74
sem_post@@GLIBC_2.2.5 000000000000fbc0 142
pthread_kill@@GLIBC_2.2.5 000000000000e570 79
pthread_mutex_lock@@GLIBC_2.2.5 0000000000009d40 657
pthread_mutexattr_init@@GLIBC_2.2.5 000000000000bf20 9
pthread_setspecific@@GLIBC_2.2.5 000000000000e360 269
pread64@@GLIBC_2.2.5 0000000000010d10 96
pthread_barrierattr_setps@@GLIBC_2.2.5 000000000000e210 21
__fcntl@@GLIBC_2.2.5 0000000000010640 251
pwrite@@GLIBC_2.2.5 0000000000010d70 96
__pthread_mutex_init@@GLIBC_2.2.5 00000000000095a0 272
pthread_mutexattr_setpsha@@GLIBC_2.2.5 000000000000bf50 41
pthread_cond_signal@@GLIBC_2.3.2 000000000000d9c0 222
pthread_cond_signal@GLIBC_2.2.5 000000000000dd20 92
pread@@GLIBC_2.2.5 0000000000010d10 96
pthread_rwlockattr_init@@GLIBC_2.2.5 000000000000d040 16
pthread_attr_getschedpoli@@GLIBC_2.2.5 00000000000090a0 8
__connect@@GLIBC_2.2.5 00000000000107a0 90
__pthread_unregister_canc@@GLIBC_2.3.3 000000000000fd00 132
pthread_mutexattr_setprio@@GLIBC_2.4 0000000000011c10 123
__nanosleep@@GLIBC_2.2.6 0000000000010bf0 90
pthread_cond_timedwait@GLIBC_2.2.5 000000000000dc90 140
pthread_cond_timedwait@@GLIBC_2.3.2 000000000000d5e0 695
pthread_rwlock_timedwrloc@@GLIBC_2.2.5 000000000000c920 603
accept@@GLIBC_2.2.5 0000000000010740 90
__fork@GLIBC_2.2.5 0000000000010470 5
pthread_spin_init@@GLIBC_2.2.5 000000000000deb0 9
pthread_getattr_np@@GLIBC_2.2.5 0000000000009240 860
pthread_mutexattr_getprot@@GLIBC_2.4 0000000000011b70 15
lseek64@@GLIBC_2.2.5 0000000000010b60 33
sem_destroy@@GLIBC_2.2.5 000000000000eed0 3
pthread_attr_getstackaddr@@GLIBC_2.2.5 0000000000009140 10
fcntl@@GLIBC_2.2.5 0000000000010640 251
pthread_attr_setstack@@GLIBC_2.2.5 0000000000009210 34
__pthread_mutex_lock@@GLIBC_2.2.5 0000000000009d40 657
pthread_attr_getscope@@GLIBC_2.2.5 0000000000009110 14
__pthread_initialize_mini@@GLIBC_PRIVATE 0000000000005d00 880
pthread_cancel@@GLIBC_2.2.5 000000000000e680 182
pthread_rwlock_init@@GLIBC_2.2.5 000000000000bfc0 87
pthread_attr_setaffinity_@@GLIBC_2.3.4 00000000000117e0 112
pthread_attr_setaffinity_@GLIBC_2.3.3 0000000000011850 13
pthread_create@@GLIBC_2.2.5 0000000000007990 3720
pthread_barrierattr_destr@@GLIBC_2.2.5 000000000000e1f0 3
__pthread_mutexattr_destr@@GLIBC_2.2.5 000000000000bf30 3
pwrite64@@GLIBC_2.2.5 0000000000010d70 96
__pthread_mutex_destroy@@GLIBC_2.2.5 00000000000096b0 34
pthread_join@@GLIBC_2.2.5 00000000000088d0 367
GLIBC_2.11 0000000000000000 0
pthread_barrierattr_getps@@GLIBC_2.3.3 000000000000e200 7
GLIBC_2.12 0000000000000000 0
pthread_condattr_getclock@@GLIBC_2.3.3 000000000000de30 12
sem_open@@GLIBC_2.2.5 000000000000f130 1116
pthread_attr_getinheritsc@@GLIBC_2.2.5 00000000000090d0 13
sigaction@@GLIBC_2.2.5 00000000000115d0 36
pthread_mutexattr_getpsha@@GLIBC_2.2.5 000000000000bf40 10
pthread_setconcurrency@@GLIBC_2.2.5 0000000000008c50 19
GLIBC_2.18 0000000000000000 0
__pthread_once@@GLIBC_2.2.5 000000000000eb20 21
pthread_spin_lock@@GLIBC_2.2.5 000000000000de70 25
pthread_attr_getschedpara@@GLIBC_2.2.5 0000000000009030 7
__pthread_rwlock_wrlock@@GLIBC_2.2.5 000000000000c810 264
sem_unlink@@GLIBC_2.2.5 000000000000f6a0 304
pthread_getspecific@@GLIBC_2.2.5 000000000000e2d0 129
__pthread_unwind@@GLIBC_PRIVATE 0000000000010030 69
pthread_mutex_timedlock@@GLIBC_2.2.5 000000000000a650 2490
pthread_barrier_destroy@@GLIBC_2.2.5 000000000000df30 135
pthread_mutexattr_setprot@@GLIBC_2.4 0000000000011b80 38
fork@GLIBC_2.2.5 0000000000010470 5
siglongjmp@GLIBC_2.2.5 0000000000010090 8
__pthread_mutexattr_init@@GLIBC_2.2.5 000000000000bf20 9
__pthread_unwind_next@@GLIBC_2.3.3 0000000000010080 13
pthread_setschedprio@@GLIBC_2.3.4 0000000000008e90 220
__res_state@@GLIBC_2.2.5 0000000000011620 12
ftrylockfile@@GLIBC_2.2.5 00000000000112f0 79
funlockfile@@GLIBC_2.2.5 0000000000011340 50
pthread_barrier_init@@GLIBC_2.2.5 000000000000dec0 102
pthread_mutex_consistent_@@GLIBC_2.4 00000000000118a0 39
pthread_getschedparam@@GLIBC_2.2.5 0000000000008c70 298
__pthread_mutex_unlock@@GLIBC_2.2.5 000000000000b4c0 223
__libc_current_sigrtmax@@GLIBC_2.2.5 0000000000011640 5
pthread_mutexattr_getrobu@@GLIBC_2.12 0000000000011860 13
pthread_getcpuclockid@@GLIBC_2.2.5 000000000000eb60 38
__pthread_unregister_canc@@GLIBC_2.3.3 000000000000fc80 14
__libc_allocate_rtsig@@GLIBC_2.2.5 0000000000011650 5
pthread_rwlock_tryrdlock@@GLIBC_2.2.5 000000000000cb80 498
pthread_attr_setinheritsc@@GLIBC_2.2.5 00000000000090e0 39
__pthread_barrier_init@@GLIBC_PRIVATE 000000000000dec0 102
pthread_rwlock_timedrdloc@@GLIBC_2.2.5 000000000000c430 629
__open@@GLIBC_2.2.5 0000000000010c50 90
pthread_barrierattr_init@@GLIBC_2.2.5 000000000000e1e0 9
msync@@GLIBC_2.2.5 0000000000010b90 90
pthread_attr_init@@GLIBC_2.2.5 0000000000008f70 59
_pthread_cleanup_pop_rest@@GLIBC_2.2.5 000000000000fe50 148
__pthread_clock_settime@@GLIBC_PRIVATE 000000000000ec30 81
pthread_mutexattr_destroy@@GLIBC_2.2.5 000000000000bf30 3
pthread_key_create@@GLIBC_2.2.5 000000000000e230 86
pthread_rwlock_rdlock@@GLIBC_2.2.5 000000000000c240 491
__pthread_rwlock_unlock@@GLIBC_2.2.5 000000000000ceb0 395
pthread_rwlockattr_getkin@@GLIBC_2.2.5 000000000000d090 7
connect@@GLIBC_2.2.5 00000000000107a0 90
sem_init@@GLIBC_2.2.5 000000000000ee90 52
__pthread_register_cancel@@GLIBC_2.3.3 000000000000fc50 36
pthread_attr_getaffinity_@@GLIBC_2.3.4 0000000000011720 170
pthread_attr_getaffinity_@GLIBC_2.3.3 00000000000117d0 13
pthread_cond_broadcast@@GLIBC_2.3.2 000000000000daa0 311
pthread_cond_broadcast@GLIBC_2.2.5 000000000000dd80 92
pthread_detach@@GLIBC_2.2.5 0000000000008850 85
pthread_attr_setschedpara@@GLIBC_2.2.5 0000000000009040 95
sem_trywait@@GLIBC_2.2.5 000000000000f980 60
__pthread_mutex_trylock@@GLIBC_2.2.5 0000000000009fe0 1646
pthread_attr_setstacksize@@GLIBC_2.2.5 00000000000091d0 23
__pthread_rwlock_tryrdloc@@GLIBC_2.2.5 000000000000cb80 498
pthread_setaffinity_np@GLIBC_2.3.3 0000000000011710 13
pthread_setaffinity_np@@GLIBC_2.3.4 00000000000116d0 57
pthread_barrier_wait@@GLIBC_2.2.5 000000000000dfc0 535
pthread_mutexattr_getrobu@@GLIBC_2.4 0000000000011860 13
_IO_ftrylockfile@@GLIBC_2.2.5 00000000000112f0 79
pthread_attr_setschedpoli@@GLIBC_2.2.5 00000000000090b0 26
__close@@GLIBC_2.2.5 0000000000010550 90
pthread_attr_destroy@@GLIBC_2.2.5 0000000000008fb0 20
sendto@@GLIBC_2.2.5 0000000000010aa0 96
flockfile@@GLIBC_2.2.5 00000000000112a0 76
pthread_spin_unlock@@GLIBC_2.2.5 000000000000deb0 9
pthread_rwlockattr_destro@@GLIBC_2.2.5 000000000000d050 3
open@@GLIBC_2.2.5 0000000000010c50 90
pthread_attr_getstack@@GLIBC_2.2.5 00000000000091f0 20
__pthread_barrier_wait@@GLIBC_PRIVATE 000000000000dfc0 535
pthread_rwlockattr_setpsh@@GLIBC_2.2.5 000000000000d070 22
pthread_condattr_init@@GLIBC_2.2.5 000000000000dde0 9
_pthread_cleanup_pop@@GLIBC_2.2.5 000000000000fdb0 36
pthread_attr_setguardsize@@GLIBC_2.2.5 0000000000009020 7
pthread_rwlock_destroy@@GLIBC_2.2.5 000000000000c020 4
pthread_spin_destroy@@GLIBC_2.2.5 000000000000de60 3
__lseek@@GLIBC_2.2.5 0000000000010b60 33
pthread_rwlockattr_setkin@@GLIBC_2.2.5 000000000000d0a0 22
pause@@GLIBC_2.2.5 0000000000010cb0 90
__open64@@GLIBC_2.2.5 0000000000010c50 90
pthread_attr_getstacksize@@GLIBC_2.2.5 0000000000009160 103
sem_wait@@GLIBC_2.2.5 000000000000f940 63
close@@GLIBC_2.2.5 0000000000010550 90
pthread_mutex_unlock@@GLIBC_2.2.5 000000000000b4c0 223
__pwrite64@@GLIBC_2.2.5 0000000000010d70 96
longjmp@GLIBC_2.2.5 0000000000010090 8
nanosleep@@GLIBC_2.2.5 0000000000010bf0 90
pthread_mutex_setprioceil@@GLIBC_2.4 0000000000012190 419
__pthread_setspecific@@GLIBC_2.2.5 000000000000e360 269
__vfork@GLIBC_2.2.5 0000000000010480 8
__write@@GLIBC_2.2.5 0000000000010490 90
_IO_funlockfile@@GLIBC_2.2.5 0000000000011340 50
_IO_flockfile@@GLIBC_2.2.5 00000000000112a0 76
pthread_attr_setdetachsta@@GLIBC_2.2.5 0000000000008fe0 38
__send@@GLIBC_2.2.5 0000000000010980 186
sigwait@@GLIBC_2.2.5 0000000000011070 305
pthread_condattr_destroy@@GLIBC_2.2.5 000000000000ddf0 3
GLIBC_2.4 0000000000000000 0
pthread_condattr_getpshar@@GLIBC_2.2.5 000000000000de00 10
sendmsg@@GLIBC_2.2.5 0000000000010a40 90
__read@@GLIBC_2.2.5 00000000000104f0 90
lseek@@GLIBC_2.2.5 0000000000010b60 33
pthread_getattr_default_n@@GLIBC_2.18 0000000000012740 160
pthread_attr_getguardsize@@GLIBC_2.2.5 0000000000009010 10
recvmsg@@GLIBC_2.2.5 0000000000010920 90
pthread_mutexattr_getprio@@GLIBC_2.4 0000000000011bb0 89
pthread_setcanceltype@@GLIBC_2.2.5 000000000000e8c0 300
waitpid@@GLIBC_2.2.5 0000000000010f10 159
pthread_rwlockattr_getpsh@@GLIBC_2.2.5 000000000000d060 8
pthread_mutexattr_setrobu@@GLIBC_2.4 0000000000011870 38
_pthread_cleanup_push@@GLIBC_2.2.5 000000000000fd90 30
pthread_mutex_trylock@@GLIBC_2.2.5 0000000000009fe0 1646
__pread64@@GLIBC_2.2.5 0000000000010d10 96
pthread_testcancel@@GLIBC_2.2.5 000000000000e740 56
__sigaction@@GLIBC_2.2.5 00000000000115d0 36
vfork@GLIBC_2.2.5 0000000000010480 8
GLIBC_2.2.5 0000000000000000 0
GLIBC_2.2.6 0000000000000000 0
__JCR_LIST__ 0000000000217b90 0
deregister_tm_clones 0000000000005a30 0
register_tm_clones 0000000000005a70 0
__do_global_dtors_aux 0000000000005ac0 0
completed.7594 00000000002182a0 1
__do_global_dtors_aux_fin 0000000000217b88 0
frame_dummy 0000000000005b00 0
__frame_dummy_init_array_ 0000000000217b78 0
__nptl_set_robust 0000000000005b30 20
nptl_freeres 0000000000012a60 20
sigcancel_handler 0000000000005b50 131
sighandler_setxid 0000000000005be0 286
__nptl_initial_report_eve 00000000002182a1 1
pthread_functions 0000000000217ba0 432
nptl_version 0000000000012b16 5
banner 0000000000012b20 286
create_thread 00000000000060e0 460
start_thread 00000000000075f0 928
__PRETTY_FUNCTION__.12030 0000000000012ca0 14
setxid_mark_thread.isra.1 00000000000062b0 248
__nptl_deallocate_tsd.par 00000000000063b0 322
stack_cache 0000000000218270 16
in_flight_stack 000000000021c2e0 8
stack_cache_actsize 000000000021c2f0 8
stack_cache_lock 000000000021c2e8 4
stack_used 0000000000218260 16
__PRETTY_FUNCTION__.11831 0000000000012d90 17
__PRETTY_FUNCTION__.12176 0000000000012c90 13
__nptl_threads_events 000000000021c300 8
__nptl_last_event 000000000021c2f8 8
__PRETTY_FUNCTION__.11765 0000000000012cb0 15
__PRETTY_FUNCTION__.12226 0000000000012d70 21
cleanup 00000000000088b0 17
cleanup 0000000000008ab0 8
__evoke_link_warning_pthr 0000000000000000 82
__evoke_link_warning_pthr 0000000000000000 82
__PRETTY_FUNCTION__.9946 0000000000012fe0 19
default_mutexattr 0000000000012ff4 4
__pthread_mutex_lock_full 00000000000096e0 1622
__PRETTY_FUNCTION__.8794 0000000000013160 26
__PRETTY_FUNCTION__.8623 0000000000013180 21
__PRETTY_FUNCTION__.7838 00000000000131c0 24
__PRETTY_FUNCTION__.8787 0000000000013200 24
__pthread_mutex_unlock_fu 000000000000b010 934
__PRETTY_FUNCTION__.7695 0000000000013330 31
__pthread_mutex_cond_lock 000000000000b5a0 1639
__PRETTY_FUNCTION__.8798 0000000000013460 31
__PRETTY_FUNCTION__.8623 0000000000013480 26
__PRETTY_FUNCTION__.8914 0000000000013420 33
default_rwlockattr 00000000000134a0 8
__pthread_rwlock_rdlock_s 000000000000c030 516
__pthread_rwlock_wrlock_s 000000000000c6b0 344
__pthread_once_slow 000000000000e9f0 240
clear_once_control 000000000000eae0 63
where_is_shmfs 000000000000ec90 420
defaultdir 00000000000134c8 10
mountpoint 000000000021c320 16
freeit 0000000000012a80 34
once 000000000021c310 4
__elf_set___libc_subfreer 0000000000217b98 8
check_add_mapping 000000000000eee0 535
walker 000000000000f590 32
the_sem 000000000021c340 8
rec 000000000021c338 8
__sem_wait_cleanup 000000000000f7e0 15
do_futex_wait.constprop.3 000000000000f7f0 140
__new_sem_wait_slow.const 000000000000f880 191
__sem_wait_cleanup 000000000000f9c0 15
do_futex_wait 000000000000f9d0 172
__new_sem_wait_slow 000000000000fa80 207
unwind_stop 000000000000fef0 303
unwind_cleanup 0000000000010020 16
longjmp_resolve 0000000000010090 8
fork_compat 0000000000010470 5
vfork_resolve 0000000000010480 8
system_resolve 0000000000011290 8
__restore_rt 0000000000011390 0
libgcc_s_handle 000000000021c360 8
libgcc_s_getcfa 000000000021c348 8
libgcc_s_personality 000000000021c358 8
libgcc_s_forcedunwind 000000000021c350 8
__PRETTY_FUNCTION__.7703 0000000000013650 30
elision_init 00000000000127e0 43
__condvar_cleanup2 000000000000d8a0 285
__FRAME_END__ 00000000000169d0 0
__JCR_END__ 0000000000217b90 0
__write_nocancel 0000000000010499 16
__unwind_freeres 0000000000012ab0 34
__pread_nocancel 0000000000010d19 19
__GI___libc_fsync 0000000000010b00 90
__GI___pthread_keys 00000000002182c0 16384
__pthread_getschedparam 0000000000008c70 298
__GI_pread64 0000000000010d10 96
__concurrency_level 000000000021c3fc 4
__GI_pwrite 0000000000010d70 96
__pthread_attr_setschedpa 0000000000009040 95
__pthread_cond_signal_2_0 000000000000dd20 92
_thread_db_pthread_eventb 0000000000012ee0 12
__pthread_cleanup_pop 000000000000fdb0 36
__pthread_condattr_destro 000000000000ddf0 3
__pthread_cleanup_upto 00000000000100a0 180
__pthread_setcanceltype 000000000000e8c0 300
_thread_db__rtld_global 0000000000012e00 12
__GI_close 0000000000010550 90
__GI___write 0000000000010490 90
__pthread_kill_other_thre 0000000000011660 2
__dyn_pthread_atfork 000000000000eb40 31
__lll_timedlock_wait 0000000000010280 75
__libc_pwrite64 0000000000010d70 96
__msync_nocancel 0000000000010b99 16
__new_sem_getvalue 000000000000f7d0 8
__sigsuspend 00000000000111b0 134
__GI_recvmsg 0000000000010920 90
__xidcmd 000000000021c368 8
_thread_db_sizeof_td_thr_ 0000000000012db8 4
_thread_db_td_eventbuf_t_ 0000000000012e80 12
__lll_lock_elision 0000000000012810 186
_thread_db___pthread_keys 0000000000012e50 12
__pthread_create_2_1 0000000000007990 3720
__GI___libc_close 0000000000010550 90
system_ifunc 0000000000011290 8
__pthread_cond_init 000000000000d0c0 115
__static_tls_align_m1 000000000021c370 8
_thread_db_dtv_slotinfo_l 0000000000012dd0 12
__GI_sendto 0000000000010aa0 96
__GI_open64 0000000000010c50 90
__pthread_attr_getscope 0000000000009110 14
__open_nocancel 0000000000010c59 16
__libc_pause 0000000000010cb0 90
__lll_unlock_wake_private 00000000000102d0 28
__pthread_attr_init_2_1 0000000000008f70 59
__GI_lseek64 0000000000010b60 33
_thread_db_const_thread_a 0000000000012da4 4
__nptl_main 00000000000060b0 33
__GI___pthread_mutex_init 00000000000095a0 272
_thread_db_sizeof_pthread 0000000000012da8 4
__fsync_nocancel 0000000000010b09 16
_thread_db___nptl_initial 0000000000012e60 12
__libc_recv 0000000000010800 186
__GI___pthread_register_c 000000000000fc50 36
__pthread_cond_destroy 000000000000d140 343
__pthread_attr_setdetachs 0000000000008fe0 38
_thread_db_dtv_slotinfo_g 0000000000012dd0 12
_edata 00000000002182a0 0
__sendto_nocancel 0000000000010aa9 19
__libc_pread 0000000000010d10 96
__nptl_death_event 00000000000060a0 2
_.stapsdt.base 00000000000136ac 1
__attr_list_lock 000000000021c308 4
__deallocate_stack 00000000000065c0 428
longjmp_ifunc 0000000000010090 8
__GI___libc_lseek64 0000000000010b60 33
__pthread_attr_setstacksi 00000000000091d0 23
__nanosleep_nocancel 0000000000010bf9 16
__pwrite 0000000000010d70 96
__GI___pthread_once 000000000000eb20 21
__lll_trylock_elision 00000000000129e0 83
__GI___libc_pause 0000000000010cb0 90
__pthread_force_elision 000000000021c420 4
__nptl_setxid 0000000000006c70 927
__GI___libc_lseek 0000000000010b60 33
__pthread_setcancelstate 000000000000e780 311
__libc_read 00000000000104f0 90
_thread_db_pthread_report 0000000000012f60 12
__GI___pthread_rwlock_unl 000000000000ceb0 395
__fork_generation 000000000021c408 8
_thread_db_td_eventbuf_t_ 0000000000012e90 12
__GI_accept 0000000000010740 90
__libc_sendto 0000000000010aa0 96
__GI___libc_sendmsg 0000000000010a40 90
DW.ref.__gcc_personality_ 0000000000218280 8
_fini 0000000000012ad4 0
__libc_send 0000000000010980 186
__GI___libc_connect 00000000000107a0 90
__libgcc_s_resume 000000000021c418 8
__pthread_getaffinity_old 00000000000116c0 13
__pthread_cond_timedwait_ 000000000000dc90 140
_thread_db_sizeof_list_t 0000000000012da8 4
_thread_db_pthread_eventb 0000000000012ec0 12
_thread_db_pthread_key_st 0000000000012dc0 12
__libc_accept 0000000000010740 90
__pthread_cond_wait_2_0 000000000000dc30 90
__libc_lseek 0000000000010b60 33
_thread_db_pthread_key_st 0000000000012dd0 12
__nptl_create_event 0000000000006090 2
__msgsnd_nocancel 0000000000011019 19
__GI___recvmsg 0000000000010920 90
__pthread_debug 000000000021c3f8 4
__pthread_cond_wait 000000000000d2a0 546
__nptl_setxid_error 0000000000006c50 30
_thread_db_link_map_l_tls 0000000000012e30 12
__GI_fsync 0000000000010b00 90
__recv 0000000000010800 186
__pthread_attr_setstack 0000000000009210 34
_thread_db_rtld_global__d 0000000000012df0 12
__new_sem_wait 000000000000f940 63
__nptl_nthreads 0000000000218258 4
__pthread_tpp_change_prio 0000000000011cc0 904
__elision_available 000000000021c424 4
__sem_search 000000000000f100 37
__GI_lseek 0000000000010b60 33
_thread_db_pthread_key_da 0000000000012dc0 12
__msgrcv_nocancel 0000000000010fb9 19
__pthread_cond_destroy_2_ 000000000000dc10 19
__GI_open 0000000000010c50 90
vfork_ifunc 0000000000010480 8
__pthread_attr_getinherit 00000000000090d0 13
__find_in_stack_list 0000000000007310 193
__GI___accept 0000000000010740 90
__sched_fifo_max_prio 0000000000218288 4
__GI___libc_msync 0000000000010b90 90
__lll_unlock_elision 00000000000128d0 54
__sem_mappings_lock 000000000021c330 4
_Unwind_GetCFA 0000000000011b20 65
_thread_db_dtv_slotinfo_m 0000000000012dc0 12
__GI___pread64 0000000000010d10 96
__GI_connect 00000000000107a0 90
__pthread_condattr_init 000000000000dde0 9
__lll_unlock_wake 00000000000102f0 29
__GI___libc_read 00000000000104f0 90
_Unwind_ForcedUnwind 0000000000011ac0 85
__accept_nocancel 0000000000010749 16
__GI___pread 0000000000010d10 96
__GI___stack_user 000000000021c2d0 16
__GI___libc_accept 0000000000010740 90
__GI___pthread_mutex_lock 0000000000009d40 657
__GI___libc_pwrite 0000000000010d70 96
__GI___libc_pread64 0000000000010d10 96
__msgrcv 0000000000010fb0 96
__accept 0000000000010740 90
__GI_write 0000000000010490 90
__GI___pthread_unregister 000000000000fc80 14
_thread_db_pthread_specif 0000000000012ef0 12
__pthread_mutex_cond_lock 000000000000bc10 640
__elision_aconf 0000000000218290 16
__GI_pause 0000000000010cb0 90
__GI_llseek 0000000000010b60 33
_thread_db___nptl_last_ev 0000000000012dd0 12
siglongjmp_ifunc 0000000000010090 8
_thread_db_pthread_tid 0000000000012f50 12
__GI___pwrite 0000000000010d70 96
__GI_msync 0000000000010b90 90
__pthread_getaffinity_new 0000000000011670 78
__recvfrom_nocancel 00000000000108c9 19
__GI___pthread_unwind_nex 0000000000010080 13
sigsuspend 00000000000111b0 134
__pthread_kill 000000000000e570 79
__pthread_cleanup_pop_res 000000000000fe50 148
__sendmsg_nocancel 0000000000010a49 16
__stack_user 000000000021c2d0 16
__pthread_multiple_thread 000000000021c3a0 4
__libc_fcntl 0000000000010640 251
__vfork_ifunc 0000000000010480 8
__libc_pread64 0000000000010d10 96
__pthread_attr_setstackad 0000000000009150 11
_thread_db_dtv_dtv 0000000000012e10 12
_thread_db_sizeof_pthread 0000000000012db0 4
__sendto 0000000000010aa0 96
_thread_db_pthread_key_da 0000000000012e40 12
__pthread_keys 00000000002182c0 16384
__pthread_disable_asyncca 00000000000101c0 89
_thread_db_pthread_list 0000000000012f70 12
__lll_robust_lock_wait 00000000000103a0 74
_thread_db_pthread_cancel 0000000000012f20 12
__pthread_attr_getaffinit 0000000000011720 170
__GI___pthread_setcancels 000000000000e780 311
__dso_handle 0000000000218250 0
__libc_close 0000000000010550 90
__pthread_setschedparam 0000000000008da0 236
__GI___msgrcv 0000000000010fb0 96
_thread_db_td_thr_events_ 0000000000012ea0 12
__GI___libc_open 0000000000010c50 90
__new_sem_init 000000000000ee90 52
__pthread_attr_getaffinit 00000000000117d0 13
__close_nocancel 0000000000010559 16
__lll_timedwait_tid 0000000000010310 130
__libc_open 0000000000010c50 90
llseek 0000000000010b60 33
__pthread_setaffinity_new 00000000000116d0 57
__pthread_cond_broadcast 000000000000daa0 311
__pthread_exit 0000000000008820 37
__pthread_cond_signal 000000000000d9c0 222
__libc_multiple_threads_p 000000000021c378 8
__GI___read 00000000000104f0 90
__GI___nptl_create_event 0000000000006090 2
__sched_fifo_min_prio 000000000021828c 4
__pthread_init_static_tls 0000000000007010 284
__libc_sigaction 00000000000113a0 560
__pthread_equal 0000000000008c20 9
__GI_recvfrom 00000000000108c0 96
__pthread_mutex_cond_lock 000000000000be90 137
pthread_cancel_init 00000000000118f0 271
_thread_db_pthread_eventb 0000000000012ed0 12
__GI___libc_write 0000000000010490 90
__libc_write 0000000000010490 90
__pthread_attr_getdetachs 0000000000008fd0 11
__pthread_cleanup_push_de 000000000000fde0 100
_thread_db_dtv_t_counter 0000000000012dd0 12
__libc_msync 0000000000010b90 90
__GI___pthread_rwlock_rdl 000000000000c240 491
__fcntl_nocancel 00000000000105b0 130
__GI___nanosleep 0000000000010bf0 90
__libc_lseek64 0000000000010b60 33
_thread_db_pthread_start_ 0000000000012f30 12
_thread_db_pthread_key_da 0000000000012dd0 12
_thread_db_sizeof_dtv_slo 0000000000012da8 4
__sem_mappings 000000000021c410 8
__GI___lseek64 0000000000010b60 33
_end 000000000021c428 0
__GI___libc_sendto 0000000000010aa0 96
__GI_pread 0000000000010d10 96
__pthread_attr_getschedpo 00000000000090a0 8
__pthread_attr_getschedpa 0000000000009030 7
__libc_connect 00000000000107a0 90
__GI___llseek 0000000000010b60 33
__new_sem_destroy 000000000000eed0 3
__GI___pthread_setspecifi 000000000000e360 269
__recvmsg_nocancel 0000000000010929 16
__GI___connect 00000000000107a0 90
__free_tcb 0000000000007400 484
__pthread_attr_setinherit 00000000000090e0 39
_thread_db_list_t_prev 0000000000012dc0 12
__GI___libc_pwrite64 0000000000010d70 96
__pthread_attr_setaffinit 0000000000011850 13
_thread_db_sizeof_td_even 0000000000012db4 4
__is_smp 000000000021c3a4 4
__GI_msgrcv 0000000000010fb0 96
_thread_db_pthread_schedp 0000000000012f10 12
__libc_recvfrom 00000000000108c0 96
__GI___pthread_mutex_unlo 000000000000b4c0 223
__GI___sendto 0000000000010aa0 96
__GI___recvfrom 00000000000108c0 96
__pthread_enable_asynccan 0000000000010160 86
__bss_start 00000000002182a0 0
__connect_nocancel 00000000000107a9 16
__attr_list 000000000021c400 8
__waitpid 0000000000010f10 159
__pthread_attr_setaffinit 00000000000117e0 112
_thread_db_dtv_slotinfo_l 0000000000012dc0 12
__GI___libc_pread 0000000000010d10 96
__pthread_attr_getstacksi 0000000000009160 103
__gcc_personality_v0 0000000000011a50 99
fork_alias 0000000000010470 5
__pthread_current_priorit 0000000000012050 288
__free_stacks 0000000000006500 182
__pthread_cleanup_push 000000000000fd90 30
__pthread_cond_init_2_0 000000000000dbe0 35
_thread_db_pthread_dtvp 0000000000012dc0 12
__read_nocancel 00000000000104f9 16
__libc_fsync 0000000000010b00 90
__pause_nocancel 0000000000010cb9 16
__condvar_cleanup1 000000000000d4d0 262
__pthread_cond_timedwait 000000000000d5e0 695
_thread_db_pthread_pid 0000000000012f40 12
__pthread_getaffinity_np 0000000000011670 78
_Unwind_Resume 0000000000011a00 65
__new_sem_post 000000000000fbc0 142
__GI_read 00000000000104f0 90
__pthread_attr_setschedpo 00000000000090b0 26
__GI___libc_recvfrom 00000000000108c0 96
__GI_pwrite64 0000000000010d70 96
_thread_db_sizeof_pthread 0000000000012da8 4
__GI___pthread_rwlock_wrl 000000000000c810 264
__GI___sendmsg 0000000000010a40 90
__GI___nptl_death_event 00000000000060a0 2
_DYNAMIC 0000000000217d50 0
msgrcv 0000000000010fb0 96
__pthread_init_array 0000000000217b80 8
__wait_lookup_done 0000000000007130 465
__init_sched_fifo_prio 0000000000011c90 41
__pwrite_nocancel 0000000000010d79 19
__make_stacks_executable 0000000000006770 281
__sendmsg 0000000000010a40 90
__GI___pthread_mutex_dest 00000000000096b0 34
__nptl_deallocate_tsd 00000000000073e0 26
__lll_timedlock_elision 0000000000012910 194
__libc_sendmsg 0000000000010a40 90
__GI___pthread_getspecifi 000000000000e2d0 129
_thread_db_link_map_l_tls 0000000000012e20 12
__pthread_self 0000000000008c10 10
msgsnd 0000000000011010 96
__libc_recvmsg 0000000000010920 90
__GI___open 0000000000010c50 90
__recvfrom 00000000000108c0 96
__pthread_initialize_mini 0000000000005d00 880
__pthread_attr_getstackad 0000000000009140 10
__llseek 0000000000010b60 33
__libc_sigwait 0000000000011070 305
__GI___msgsnd 0000000000011010 96
__ftrylockfile 00000000000112f0 79
__fork_alias 0000000000010470 5
__libc_sigsuspend 00000000000111b0 134
__libc_tcdrain 0000000000010dd0 156
_thread_db_pthread_nextev 0000000000012eb0 12
__default_pthread_attr 000000000021c3c0 56
__pthread_setaffinity_old 0000000000011710 13
_thread_db_sizeof_rtld_gl 0000000000012dac 4
__pthread_attr_getstack 00000000000091f0 20
__GI_msgsnd 0000000000011010 96
__pthread_mutex_unlock_us 000000000000b3c0 248
__new_sem_trywait 000000000000f980 60
__msgsnd 0000000000011010 96
__GNU_EH_FRAME_HDR 00000000000136b0 0
__lll_lock_wait 0000000000010250 41
__libc_wait 0000000000010e70 159
__TMC_END__ 00000000002182a0 0
_GLOBAL_OFFSET_TABLE_ 0000000000218000 0
__default_pthread_attr_lo 000000000021c2c0 4
__GI___open64 0000000000010c50 90
__GI___lseek 0000000000010b60 33
_thread_db_sizeof_pthread 0000000000012dbc 4
__lll_robust_timedlock_wa 00000000000103f0 115
__GI___pthread_cleanup_up 00000000000100a0 180
__invoke_dynamic_linker__ 0000000000013690 28
__GI___pwrite64 0000000000010d70 96
_thread_db___nptl_nthread 0000000000012e70 12
__lseek64 0000000000010b60 33
__pthread_attr_setscope 0000000000009120 31
__reclaim_stacks 0000000000006890 763
__GI___shm_directory 000000000000ee40 66
_thread_db_pthread_schedp 0000000000012f00 12
__libc_pwrite 0000000000010d70 96
_thread_db_dtv_slotinfo_l 0000000000012de0 12
__GI___pthread_unwind 0000000000010030 69
__static_tls_size 000000000021c380 8
__funlockfile 0000000000011340 50
__pthread_attr_destroy 0000000000008fb0 20
__flockfile 00000000000112a0 76
__sigwait 0000000000011070 305
_init 0000000000005580 0
__GI___libc_recvmsg 0000000000010920 90
_thread_db_sizeof_dtv_slo 0000000000012da8 4
__find_thread_by_id 0000000000006b90 179
_thread_db_dtv_t_pointer_ 0000000000012dd0 12
__GI_nanosleep 0000000000010bf0 90
__lll_lock_wait_private 0000000000010220 40
__pthread_cond_broadcast_ 000000000000dd80 92
__GI___pthread_key_create 000000000000e230 86
_thread_db_list_t_next 0000000000012dd0 12
__recvmsg 0000000000010920 90
__GI_sendmsg 0000000000010a40 90
__GI___close 0000000000010550 90
__pread 0000000000010d10 96
pthread_detach 0000000000008850 85
__h_errno_location 0000000000011600 17
__tsearch@@GLIBC_PRIVATE 0000000000000000 0
raise 0000000000011240 74
pthread_rwlockattr_init 000000000000d040 16
__pthread_unregister_canc 000000000000fc80 14
pthread_attr_setguardsize 0000000000009020 7
pthread_setaffinity_np@GL 0000000000011710 13
__clone@@GLIBC_2.2.5 0000000000000000 0
pthread_attr_getguardsize 0000000000009010 10
free@@GLIBC_2.2.5 0000000000000000 0
pthread_sigqueue 000000000000e5c0 179
pthread_condattr_destroy 000000000000ddf0 3
__pthread_key_create 000000000000e230 86
pthread_create@@GLIBC_2.2 0000000000007990 3720
pthread_mutexattr_setprio 0000000000011c10 123
__pread64 0000000000010d10 96
pthread_mutex_lock 0000000000009d40 657
pwrite64 0000000000010d70 96
__getrlimit@@GLIBC_PRIVAT 0000000000000000 0
pthread_mutexattr_settype 000000000000bf90 40
abort@@GLIBC_2.2.5 0000000000000000 0
__sigaction 00000000000115d0 36
flockfile 00000000000112a0 76
unlink@@GLIBC_2.2.5 0000000000000000 0
__pwrite64 0000000000010d70 96
__pthread_unwind_next 0000000000010080 13
pthread_rwlock_rdlock 000000000000c240 491
fork@GLIBC_2.2.5 0000000000010470 5
pthread_getattr_default_n 0000000000012740 160
_ITM_deregisterTMCloneTab 0000000000000000 0
recvmsg 0000000000010920 90
__fork@GLIBC_2.2.5 0000000000010470 5
pthread_sigmask 000000000000e470 247
__pthread_getspecific 000000000000e2d0 129
_exit@@GLIBC_2.2.5 0000000000000000 0
pthread_attr_setinheritsc 00000000000090e0 39
__sched_getscheduler@@GLI 0000000000000000 0
pthread_attr_setstacksize 00000000000091d0 23
__libc_dlclose@@GLIBC_PRI 0000000000000000 0
__pthread_mutexattr_setty 000000000000bf90 40
pthread_barrier_init 000000000000dec0 102
close 0000000000010550 90
pthread_cond_broadcast@@G 000000000000daa0 311
__libc_allocate_rtsig 0000000000011650 5
errno@@GLIBC_PRIVATE 0000000000000000 0
pthread_rwlock_init 000000000000bfc0 87
pthread_self 0000000000008c10 10
pthread_mutexattr_getprot 0000000000011b70 15
pthread_spin_destroy 000000000000de60 3
pthread_rwlockattr_setkin 000000000000d0a0 22
__libc_fatal@@GLIBC_PRIVA 0000000000000000 0
__vfork@GLIBC_2.2.5 0000000000010480 8
pthread_attr_getstack 00000000000091f0 20
pthread_rwlock_trywrlock 000000000000cd80 291
pthread_attr_getstacksize 0000000000009160 103
__statfs@@GLIBC_2.2.5 0000000000000000 0
pthread_attr_setaffinity_ 00000000000117e0 112
__res_state 0000000000011620 12
__pthread_mutex_trylock 0000000000009fe0 1646
msync 0000000000010b90 90
__shm_directory 000000000000ee40 66
__pthread_mutex_unlock 000000000000b4c0 223
__sched_get_priority_max@ 0000000000000000 0
pthread_cond_init@GLIBC_2 000000000000dbe0 35
pthread_equal 0000000000008c20 9
__mempcpy@@GLIBC_2.2.5 0000000000000000 0
__resp@@GLIBC_PRIVATE 0000000000000000 0
pread 0000000000010d10 96
pthread_setschedprio 0000000000008e90 220
__pthread_register_cancel 000000000000fc50 36
__open 0000000000010c50 90
__pthread_register_cancel 000000000000fc90 100
pthread_cond_wait@@GLIBC_ 000000000000d2a0 546
pthread_testcancel 000000000000e740 56
pthread_attr_getstackaddr 0000000000009140 10
fclose@@GLIBC_2.2.5 0000000000000000 0
sem_open 000000000000f130 1116
pthread_attr_getinheritsc 00000000000090d0 13
__pthread_cleanup_routine 00000000000118d0 28
__pthread_mutexattr_init 000000000000bf20 9
siglongjmp@GLIBC_2.2.5 0000000000010090 8
strlen@@GLIBC_2.2.5 0000000000000000 0
vfork@GLIBC_2.2.5 0000000000010480 8
pthread_attr_setstackaddr 0000000000009150 11
pthread_exit 0000000000008820 37
pthread_rwlockattr_getkin 000000000000d090 7
__libc_system@@GLIBC_PRIV 0000000000000000 0
GLIBC_PRIVATE 0000000000000000 0
getuid@@GLIBC_2.2.5 0000000000000000 0
mmap@@GLIBC_2.2.5 0000000000000000 0
pthread_condattr_setpshar 000000000000de10 28
waitpid 0000000000010f10 159
pthread_setaffinity_np@@G 00000000000116d0 57
__pthread_clock_settime 000000000000ec30 81
pthread_getspecific 000000000000e2d0 129
strchr@@GLIBC_2.2.5 0000000000000000 0
pthread_atfork@GLIBC_2.2. 000000000000eb40 31
funlockfile 0000000000011340 50
__pthread_rwlock_destroy 000000000000c020 4
pthread_mutex_getprioceil 0000000000012170 22
pthread_attr_setscope 0000000000009120 31
_IO_flockfile 00000000000112a0 76
pthread_rwlock_destroy 000000000000c020 4
pthread_mutexattr_setprot 0000000000011b80 38
__nanosleep 0000000000010bf0 90
__gettimeofday@@GLIBC_2.2 0000000000000000 0
__pthread_unwind 0000000000010030 69
pthread_rwlockattr_setpsh 000000000000d070 22
accept 0000000000010740 90
pthread_mutex_timedlock 000000000000a650 2490
__libc_current_sigrtmin 0000000000011630 5
__assert_fail@@GLIBC_2.2. 0000000000000000 0
recv 0000000000010800 186
pthread_mutex_unlock 000000000000b4c0 223
GLIBC_2.11 0000000000000000 0
open64 0000000000010c50 90
memset@@GLIBC_2.2.5 0000000000000000 0
__pthread_mutexattr_destr 000000000000bf30 3
pthread_tryjoin_np 0000000000008a40 108
pthread_cond_broadcast@GL 000000000000dd80 92
pthread_mutex_destroy 00000000000096b0 34
pthread_attr_getaffinity_ 0000000000011720 170
__libc_fork@@GLIBC_PRIVAT 0000000000000000 0
pthread_cond_destroy@GLIB 000000000000dc10 19
pthread_cond_wait@GLIBC_2 000000000000dc30 90
pthread_mutexattr_getprio 0000000000011bb0 89
pthread_setconcurrency 0000000000008c50 19
wait 0000000000010e70 159
__register_atfork@@GLIBC_ 0000000000000000 0
_IO_ftrylockfile 00000000000112f0 79
sigaction 00000000000115d0 36
pthread_setcanceltype 000000000000e8c0 300
sched_yield@@GLIBC_2.2.5 0000000000000000 0
_dl_deallocate_tls@@GLIBC 0000000000000000 0
system@GLIBC_2.2.5 0000000000011290 8
pthread_attr_init@@GLIBC_ 0000000000008f70 59
__call_tls_dtors@@GLIBC_P 0000000000000000 0
pthread_cond_signal@@GLIB 000000000000d9c0 222
__sched_getparam@@GLIBC_2 0000000000000000 0
pthread_condattr_setclock 000000000000de40 30
__pthread_mutex_lock 0000000000009d40 657
_pthread_cleanup_push 000000000000fd90 30
_setjmp@@GLIBC_2.2.5 0000000000000000 0
longjmp@GLIBC_2.2.5 0000000000010090 8
pthread_setattr_default_n 0000000000012590 427
calloc@@GLIBC_2.2.5 0000000000000000 0
__getdelim@@GLIBC_2.2.5 0000000000000000 0
sem_timedwait 000000000000fb50 100
pthread_spin_init 000000000000deb0 9
__getmntent_r@@GLIBC_2.2. 0000000000000000 0
__fxstat64@@GLIBC_2.2.5 0000000000000000 0
__libc_stack_end@@GLIBC_2 0000000000000000 0
strcmp@@GLIBC_2.2.5 0000000000000000 0
pthread_cond_timedwait@GL 000000000000dc90 140
__libc_current_sigrtmax 0000000000011640 5
__libc_thread_freeres@@GL 0000000000000000 0
pthread_attr_getscope 0000000000009110 14
__endmntent@@GLIBC_2.2.5 0000000000000000 0
sem_wait@@GLIBC_2.2.5 000000000000f940 63
GLIBC_2.3.2 0000000000000000 0
GLIBC_2.3.4 0000000000000000 0
pthread_key_create 000000000000e230 86
__pthread_mutex_destroy 00000000000096b0 34
pthread_attr_setschedpara 0000000000009040 95
GLIBC_2.4 0000000000000000 0
pthread_spin_unlock 000000000000deb0 9
memcpy@@GLIBC_2.14 0000000000000000 0
sendmsg 0000000000010a40 90
_rtld_global_ro@@GLIBC_PR 0000000000000000 0
pthread_rwlock_wrlock 000000000000c810 264
pthread_barrierattr_getps 000000000000e200 7
read 00000000000104f0 90
__pthread_rwlock_init 000000000000bfc0 87
prctl@@GLIBC_2.2.5 0000000000000000 0
GLIBC_2.2.6 0000000000000000 0
__wait 0000000000010e70 159
__pthread_mutex_init 00000000000095a0 272
pthread_mutexattr_getpsha 000000000000bf40 10
__libc_current_sigrtmax_p 0000000000000000 0
sendto 0000000000010aa0 96
__tdelete@@GLIBC_PRIVATE 0000000000000000 0
pthread_rwlock_timedrdloc 000000000000c430 629
pthread_cond_init@@GLIBC_ 000000000000d0c0 115
pthread_once 000000000000eb20 21
GLIBC_2.18 0000000000000000 0
__sched_setscheduler@@GLI 0000000000000000 0
__libc_dlopen_mode@@GLIBC 0000000000000000 0
pthread_getaffinity_np@@G 0000000000011670 78
__getpagesize@@GLIBC_2.2. 0000000000000000 0
__pthread_clock_gettime 000000000000eb90 150
pthread_kill 000000000000e570 79
__pthread_unregister_canc 000000000000fd00 132
pthread_mutexattr_setpsha 000000000000bf50 41
malloc@@GLIBC_2.2.5 0000000000000000 0
pwrite 0000000000010d70 96
sched_get_priority_min@@G 0000000000000000 0
__read 00000000000104f0 90
pthread_mutexattr_getrobu 0000000000011860 13
_dl_make_stack_executable 0000000000000000 0
pthread_kill_other_thread 0000000000011660 2
__libc_pthread_init@@GLIB 0000000000000000 0
_pthread_cleanup_push_def 000000000000fde0 100
lseek64 0000000000010b60 33
pthread_mutex_trylock 0000000000009fe0 1646
pthread_mutexattr_getrobu 0000000000011860 13
__ctype_init@@GLIBC_PRIVA 0000000000000000 0
sscanf@@GLIBC_2.2.5 0000000000000000 0
pthread_setschedparam 0000000000008da0 236
tcdrain 0000000000010dd0 156
pthread_setspecific 000000000000e360 269
__write 0000000000010490 90
__close 0000000000010550 90
pthread_barrierattr_destr 000000000000e1f0 3
__pthread_barrier_wait 000000000000dfc0 535
pthread_getattr_np 0000000000009240 860
pthread_barrierattr_setps 000000000000e210 21
pthread_attr_setstack 0000000000009210 34
sem_post@@GLIBC_2.2.5 000000000000fbc0 142
_IO_funlockfile 0000000000011340 50
__pthread_barrier_init 000000000000dec0 102
__pthread_once 000000000000eb20 21
pthread_rwlock_unlock 000000000000ceb0 395
realloc@@GLIBC_2.2.5 0000000000000000 0
fcntl 0000000000010640 251
__libc_dlsym@@GLIBC_PRIVA 0000000000000000 0
__pthread_rwlock_wrlock 000000000000c810 264
__tfind@@GLIBC_PRIVATE 0000000000000000 0
munmap@@GLIBC_2.2.5 0000000000000000 0
pthread_setname_np 0000000000012340 301
pthread_key_delete 000000000000e290 52
sem_getvalue@@GLIBC_2.2.5 000000000000f7d0 8
__pthread_rwlock_rdlock 000000000000c240 491
pthread_cond_signal@GLIBC 000000000000dd20 92
pthread_barrier_wait 000000000000dfc0 535
pthread_yield 0000000000008c30 5
_pthread_cleanup_pop_rest 000000000000fe50 148
__pthread_get_minstack 0000000000006070 31
write 0000000000010490 90
pthread_spin_lock 000000000000de70 25
__libc_current_sigrtmin_p 0000000000000000 0
pthread_join 00000000000088d0 367
__libc_vfork@@GLIBC_PRIVA 0000000000000000 0
pthread_cond_timedwait@@G 000000000000d5e0 695
__madvise@@GLIBC_PRIVATE 0000000000000000 0
pthread_attr_destroy 0000000000008fb0 20
sem_init@@GLIBC_2.2.5 000000000000ee90 52
pread64 0000000000010d10 96
sem_trywait@@GLIBC_2.2.5 000000000000f980 60
pthread_attr_getschedpara 0000000000009030 7
pthread_mutexattr_setrobu 0000000000011870 38
pthread_mutexattr_getkind 000000000000bf80 12
__libc_dl_error_tsd@@GLIB 0000000000000000 0
pthread_spin_trylock 000000000000de90 20
pthread_cond_destroy@@GLI 000000000000d140 343
mprotect@@GLIBC_2.2.5 0000000000000000 0
pthread_barrierattr_init 000000000000e1e0 9
pthread_mutex_consistent 00000000000118a0 39
pthread_attr_getaffinity_ 00000000000117d0 13
__h_errno@@GLIBC_PRIVATE 0000000000000000 0
fopen@@GLIBC_2.2.5 0000000000000000 0
_pthread_cleanup_pop 000000000000fdb0 36
pthread_barrier_destroy 000000000000df30 135
__open64 0000000000010c50 90
__mktemp@@GLIBC_PRIVATE 0000000000000000 0
pthread_mutex_init 00000000000095a0 272
_Jv_RegisterClasses 0000000000000000 0
__fcntl 0000000000010640 251
recvfrom 00000000000108c0 96
pthread_mutexattr_init 000000000000bf20 9
pthread_mutexattr_setrobu 0000000000011870 38
__pthread_rwlock_trywrloc 000000000000cd80 291
GLIBC_2.12 0000000000000000 0
pthread_mutexattr_destroy 000000000000bf30 3
pthread_rwlock_timedwrloc 000000000000c920 603
__twalk@@GLIBC_PRIVATE 0000000000000000 0
_dl_allocate_tls@@GLIBC_P 0000000000000000 0
__setmntent@@GLIBC_2.2.5 0000000000000000 0
__lseek 0000000000010b60 33
__send 0000000000010980 186
lseek 0000000000010b60 33
sched_setparam@@GLIBC_2.2 0000000000000000 0
pthread_attr_setschedpoli 00000000000090b0 26
fsync 0000000000010b00 90
pthread_rwlockattr_destro 000000000000d050 3
pthread_getaffinity_np@GL 00000000000116c0 13
pthread_attr_setdetachsta 0000000000008fe0 38
ftrylockfile 00000000000112f0 79
pthread_mutex_setprioceil 0000000000012190 419
_dl_get_tls_static_info@@ 0000000000000000 0
open 0000000000010c50 90
pthread_mutex_consistent_ 00000000000118a0 39
sprintf@@GLIBC_2.2.5 0000000000000000 0
link@@GLIBC_2.2.5 0000000000000000 0
exit@@GLIBC_2.2.5 0000000000000000 0
__pthread_initialize_mini 0000000000005d00 880
sched_get_priority_max@@G 0000000000000000 0
sem_close 000000000000f5b0 237
connect 00000000000107a0 90
__connect 00000000000107a0 90
getrlimit@@GLIBC_2.2.5 0000000000000000 0
__pthread_rwlock_tryrdloc 000000000000cb80 498
sigwait 0000000000011070 305
_ITM_registerTMCloneTable 0000000000000000 0
pthread_condattr_getpshar 000000000000de00 10
pthread_setcancelstate 000000000000e780 311
__libc_alloca_cutoff@@GLI 0000000000000000 0
pthread_getconcurrency 0000000000008c40 7
pthread_condattr_init 000000000000dde0 9
__pthread_rwlock_unlock 000000000000ceb0 395
__pthread_setspecific 000000000000e360 269
_dl_allocate_tls_init@@GL 0000000000000000 0
sem_destroy@@GLIBC_2.2.5 000000000000eed0 3
pthread_attr_getschedpoli 00000000000090a0 8
nanosleep 0000000000010bf0 90
_rtld_global@@GLIBC_PRIVA 0000000000000000 0
__libc_allocate_rtsig_pri 0000000000000000 0
pthread_getname_np 0000000000012470 282
pthread_mutexattr_setkind 000000000000bf90 40
__libc_longjmp@@GLIBC_PRI 0000000000000000 0
pthread_rwlock_tryrdlock 000000000000cb80 498
pthread_getschedparam 0000000000008c70 298
pthread_mutexattr_gettype 000000000000bf80 12
pause 0000000000010cb0 90
pthread_cancel 000000000000e680 182
__cxa_finalize@@GLIBC_2.2 0000000000000000 0
pthread_timedjoin_np 0000000000008ac0 334
pthread_getcpuclockid 000000000000eb60 38
sem_unlink 000000000000f6a0 304
pthread_attr_setaffinity_ 0000000000011850 13
__errno_location 0000000000012a40 17
GLIBC_2.3.3 0000000000000000 0
send 0000000000010980 186
__sched_get_priority_min@ 0000000000000000 0
pthread_condattr_getclock 000000000000de30 12
pthread_rwlockattr_getpsh 000000000000d060 8
pthread_attr_getdetachsta 0000000000008fd0 11
GLIBC_2.2.5 0000000000000000 0
