__ctype_toupper_loc@GLIBC_2.3 0000000000000000 0
free@GLIBC_2.2.5 0000000000000000 0
strncmp@GLIBC_2.2.5 0000000000000000 0
_ITM_deregisterTMCloneTab 0000000000000000 0
strlen@GLIBC_2.2.5 0000000000000000 0
__stack_chk_fail@GLIBC_2.4 0000000000000000 0
mmap@GLIBC_2.2.5 0000000000000000 0
strchr@GLIBC_2.2.5 0000000000000000 0
memset@GLIBC_2.2.5 0000000000000000 0
memcmp@GLIBC_2.2.5 0000000000000000 0
strcmp@GLIBC_2.2.5 0000000000000000 0
__memcpy_chk@GLIBC_2.3.4 0000000000000000 0
__gmon_start__ 0000000000000000 0
memcpy@GLIBC_2.14 0000000000000000 0
pthread_mutex_unlock@GLIBC_2.2.5 0000000000000000 0
malloc@GLIBC_2.2.5 0000000000000000 0
munmap@GLIBC_2.2.5 0000000000000000 0
madvise@GLIBC_2.2.5 0000000000000000 0
memmove@GLIBC_2.2.5 0000000000000000 0
sysconf@GLIBC_2.2.5 0000000000000000 0
_Jv_RegisterClasses 0000000000000000 0
_ITM_registerTMCloneTable 0000000000000000 0
__cxa_finalize@GLIBC_2.2.5 0000000000000000 0
pthread_mutex_lock@GLIBC_2.2.5 0000000000000000 0
__ctype_tolower_loc@GLIBC_2.3 0000000000000000 0
__ctype_b_loc@GLIBC_2.3 0000000000000000 0
pcre_study 000000000004f520 934
pcre_refcount 000000000004e1c0 95
pcre_jit_exec 000000000004d590 428
pcre_free_substring 0000000000026cb0 9
pcre_version 000000000004fcb0 8
_fini 0000000000050624 0
pcre_free 000000000026f018 8
pcre_jit_stack_alloc 000000000004d7c0 291
pcre_stack_malloc 000000000026f010 8
pcre_callout 000000000026f050 8
pcre_get_named_substring 0000000000026c40 103
pcre_free_study 000000000004f4e0 50
pcre_malloc 000000000026f020 8
pcre_assign_jit_stack 000000000004d920 29
pcre_info 0000000000026cd0 80
pcre_stack_guard 000000000026f048 8
pcre_copy_substring 00000000000269d0 86
pcre_exec 0000000000024e40 5472
pcre_get_substring 0000000000026bb0 135
pcre_compile2 000000000000ad50 5510
pcre_get_stringtable_entr 0000000000026740 472
pcre_pattern_to_host_byte 0000000000001830 228
pcre_copy_named_substring 0000000000026a30 109
__bss_start 000000000026f030 0
pcre_jit_stack_free 000000000004d8f0 36
pcre_config 000000000000c2f0 161
_end 000000000026f108 0
pcre_get_stringnumber 0000000000026620 285
pcre_stack_free 000000000026f008 8
pcre_get_substring_list 0000000000026aa0 258
pcre_jit_free_unused_memo 000000000004d940 137
_edata 000000000026f030 0
pcre_compile 000000000000c2e0 16
pcre_fullinfo 00000000000263a0 640
pcre_free_substring_list 0000000000026cc0 2
_init 0000000000001448 0
pcre_dfa_exec 0000000000012ba0 3563
pcre_maketables 000000000004d9d0 806
