getenv@GLIBC_2.2.5 0000000000000000 0
__asprintf@GLIBC_2.2.5 0000000000000000 0
free@GLIBC_2.2.5 0000000000000000 0
svc_getreq_poll@GLIBC_2.2.5 0000000000000000 0
__poll@GLIBC_2.2.5 0000000000000000 0
clnt_pcreateerror@GLIBC_2.2.5 0000000000000000 0
abort@GLIBC_2.2.5 0000000000000000 0
strncpy@GLIBC_2.2.5 0000000000000000 0
strncmp@GLIBC_2.2.5 0000000000000000 0
_ITM_deregisterTMCloneTab 0000000000000000 0
stdout@GLIBC_2.2.5 0000000000000000 0
strcpy@GLIBC_2.2.5 0000000000000000 0
errno@GLIBC_PRIVATE 0000000000000000 0
puts@GLIBC_2.2.5 0000000000000000 0
__pthread_mutex_unlock 0000000000000000 0
fcntl@GLIBC_2.2.5 0000000000000000 0
__mempcpy@GLIBC_2.2.5 0000000000000000 0
getpid@GLIBC_2.2.5 0000000000000000 0
inet_ntoa@GLIBC_2.2.5 0000000000000000 0
svcerr_decode@GLIBC_2.2.5 0000000000000000 0
xdrmem_create@GLIBC_2.2.5 0000000000000000 0
fclose@GLIBC_2.2.5 0000000000000000 0
xdr_u_char@GLIBC_2.2.5 0000000000000000 0
__xstat64@GLIBC_2.2.5 0000000000000000 0
ctime@GLIBC_2.2.5 0000000000000000 0
getdomainname@GLIBC_2.2.5 0000000000000000 0
dcgettext@GLIBC_2.2.5 0000000000000000 0
strlen@GLIBC_2.2.5 0000000000000000 0
xdr_void@GLIBC_2.2.5 0000000000000000 0
strchr@GLIBC_2.2.5 0000000000000000 0
printf@GLIBC_2.2.5 0000000000000000 0
xdr_pointer@GLIBC_2.2.5 0000000000000000 0
snprintf@GLIBC_2.2.5 0000000000000000 0
gettimeofday@GLIBC_2.2.5 0000000000000000 0
__assert_fail@GLIBC_2.2.5 0000000000000000 0
xdr_opaque@GLIBC_2.2.5 0000000000000000 0
fputs@GLIBC_2.2.5 0000000000000000 0
clnttcp_create@GLIBC_2.2.5 0000000000000000 0
geteuid@GLIBC_2.2.5 0000000000000000 0
ioctl@GLIBC_2.2.5 0000000000000000 0
close@GLIBC_2.2.5 0000000000000000 0
authunix_create_default@GLIBC_2.2.5 0000000000000000 0
xdr_array@GLIBC_2.2.5 0000000000000000 0
fputc@GLIBC_2.2.5 0000000000000000 0
__strdup@GLIBC_2.2.5 0000000000000000 0
xdr_enum@GLIBC_2.2.5 0000000000000000 0
memcmp@GLIBC_2.2.5 0000000000000000 0
__pthread_mutex_lock 0000000000000000 0
svcerr_noproc@GLIBC_2.2.5 0000000000000000 0
rawmemchr@GLIBC_2.2.5 0000000000000000 0
xdr_string@GLIBC_2.2.5 0000000000000000 0
calloc@GLIBC_2.2.5 0000000000000000 0
__getdelim@GLIBC_2.2.5 0000000000000000 0
inet_addr@GLIBC_2.2.5 0000000000000000 0
strcmp@GLIBC_2.2.5 0000000000000000 0
__strndup@GLIBC_2.2.5 0000000000000000 0
__dcgettext@GLIBC_2.2.5 0000000000000000 0
fprintf@GLIBC_2.2.5 0000000000000000 0
svcerr_systemerr@GLIBC_2.2.5 0000000000000000 0
__gmon_start__ 0000000000000000 0
strtol@GLIBC_2.2.5 0000000000000000 0
__libc_clntudp_bufcreate@GLIBC_PRIVATE 0000000000000000 0
memcpy@GLIBC_2.14 0000000000000000 0
xdr_uint32_t@GLIBC_2.2.5 0000000000000000 0
time@GLIBC_2.2.5 0000000000000000 0
__stpcpy@GLIBC_2.2.5 0000000000000000 0
xdr_u_int@GLIBC_2.2.5 0000000000000000 0
malloc@GLIBC_2.2.5 0000000000000000 0
__libc_rpc_getport@GLIBC_PRIVATE 0000000000000000 0
syslog@GLIBC_2.2.5 0000000000000000 0
xdr_bytes@GLIBC_2.2.5 0000000000000000 0
xdr_int@GLIBC_2.2.5 0000000000000000 0
authdes_pk_create@GLIBC_2.2.5 0000000000000000 0
xdrstdio_create@GLIBC_2.2.5 0000000000000000 0
clnt_perror@GLIBC_2.2.5 0000000000000000 0
__pthread_once 0000000000000000 0
realloc@GLIBC_2.2.5 0000000000000000 0
asprintf@GLIBC_2.2.5 0000000000000000 0
clntudp_create@GLIBC_2.2.5 0000000000000000 0
get_myaddress@GLIBC_2.2.5 0000000000000000 0
host2netname@GLIBC_2.2.5 0000000000000000 0
memmove@GLIBC_2.2.5 0000000000000000 0
svctcp_create@GLIBC_2.2.5 0000000000000000 0
__rpc_thread_svc_max_poll@GLIBC_2.2.5 0000000000000000 0
clnt_create@GLIBC_2.2.5 0000000000000000 0
open@GLIBC_2.2.5 0000000000000000 0
_libc_intl_domainname@GLIBC_2.2.5 0000000000000000 0
fopen@GLIBC_2.2.5 0000000000000000 0
perror@GLIBC_2.2.5 0000000000000000 0
_Jv_RegisterClasses 0000000000000000 0
getsockname@GLIBC_2.2.5 0000000000000000 0
xdr_netobj@GLIBC_2.2.5 0000000000000000 0
pread@GLIBC_2.2.5 0000000000000000 0
xdr_free@GLIBC_2.2.5 0000000000000000 0
gethostname@GLIBC_2.2.5 0000000000000000 0
xprt_unregister@GLIBC_2.2.5 0000000000000000 0
key_secretkey_is_set@GLIBC_2.2.5 0000000000000000 0
exit@GLIBC_2.2.5 0000000000000000 0
fwrite@GLIBC_2.2.5 0000000000000000 0
_ITM_registerTMCloneTable 0000000000000000 0
xdr_bool@GLIBC_2.2.5 0000000000000000 0
__rpc_thread_svc_pollfd@GLIBC_2.2.5 0000000000000000 0
key_gendes@GLIBC_2.2.5 0000000000000000 0
svc_register@GLIBC_2.2.5 0000000000000000 0
__cxa_finalize@GLIBC_2.2.5 0000000000000000 0
xdr_sizeof@GLIBC_2.2.5 0000000000000000 0
strstr@GLIBC_2.2.5 0000000000000000 0
authdes_create@GLIBC_2.2.5 0000000000000000 0
svc_sendreply@GLIBC_2.2.5 0000000000000000 0
__ctype_b_loc@GLIBC_2.3 0000000000000000 0
stderr@GLIBC_2.2.5 0000000000000000 0
socket@GLIBC_2.2.5 0000000000000000 0
svcudp_bufcreate@GLIBC_2.2.5 0000000000000000 0
nis_name_of_r@@GLIBC_2.2.5 00000000000064c0 159
nis_clone_result@@GLIBC_2.2.5 0000000000010de0 323
nis_print_group_entry@@GLIBC_2.2.5 000000000000e870 1606
nis_verifygroup@@GLIBC_2.2.5 000000000000db40 219
readColdStartFile@@GLIBC_2.2.5 0000000000007440 164
nis_leaf_of@@GLIBC_2.2.5 0000000000006360 108
xdr_ypmap_parms@@GLIBC_2.2.5 00000000000041d0 100
yp_all@@GLIBC_2.2.5 0000000000005ab0 594
nis_print_directory@@GLIBC_2.2.5 0000000000007930 2116
xdr_keydat@@GLIBC_2.2.5 0000000000004190 17
nis_read_obj@@GLIBC_2.2.5 0000000000007560 156
nis_free_object@@GLIBC_2.2.5 00000000000073e0 42
xdr_ypresp_order@@GLIBC_2.2.5 0000000000004460 50
nis_print_result@@GLIBC_2.2.5 0000000000008e30 174
__follow_path@@GLIBC_PRIVATE 000000000000b8a0 356
yp_match@@GLIBC_2.2.5 0000000000005400 318
nis_sperror@@GLIBC_2.2.5 0000000000009060 149
xdr_ypresp_xfr@@GLIBC_2.2.5 0000000000004530 50
__free_fdresult@@GLIBC_2.2.5 0000000000007350 42
nis_lookup@@GLIBC_2.2.5 000000000000b110 1175
nis_add_entry@@GLIBC_2.2.5 000000000000c190 615
xdr_ypreq_xfr@@GLIBC_2.2.5 00000000000042e0 148
nis_sperror_r@@GLIBC_2.2.5 0000000000008fd0 133
yp_first@@GLIBC_2.2.5 0000000000005540 426
nis_mkdir@@GLIBC_2.2.5 000000000000d650 145
nis_print_group@@GLIBC_2.2.5 0000000000008180 184
xdr_ypbind_setdom@@GLIBC_2.2.5 00000000000046d0 100
__prepare_niscall@@GLIBC_PRIVATE 000000000000aa30 199
nis_freeresult@@GLIBC_2.2.5 0000000000007410 42
__nisbind_next@@GLIBC_2.2.5 0000000000009950 368
nis_free_request@@GLIBC_2.2.5 0000000000007380 42
__nis_hash@@GLIBC_2.2.5 000000000000e280 276
__nis_default_access@@GLIBC_2.2.5 000000000000fdd0 113
nis_domain_of_r@@GLIBC_2.2.5 000000000000ef20 141
xdr_ypmaplist@@GLIBC_2.2.5 00000000000040f0 70
xdr_cback_data@@GLIBC_2.2.5 000000000000d250 30
nis_getservlist@@GLIBC_2.2.5 000000000000d750 912
nis_free_directory@@GLIBC_2.2.5 00000000000073b0 42
nis_print_entry@@GLIBC_2.2.5 0000000000008800 328
nis_stats@@GLIBC_2.2.5 000000000000d300 134
xdr_ypstat@@GLIBC_2.2.5 0000000000004140 5
__yp_check@@GLIBC_2.2.5 00000000000052e0 284
xdr_mapname@@GLIBC_2.2.5 0000000000004170 10
xdr_domainname@@GLIBC_2.2.5 0000000000004160 10
nis_local_group@@GLIBC_2.2.5 0000000000006fe0 313
nis_modify_entry@@GLIBC_2.2.5 000000000000c400 615
nis_creategroup@@GLIBC_2.2.5 000000000000e5b0 465
nis_ismember@@GLIBC_2.2.5 000000000000dfa0 51
nis_add@@GLIBC_2.2.5 000000000000f2a0 551
nis_local_principal@@GLIBC_2.2.5 0000000000007190 29
GLIBC_2.2.5 0000000000000000 0
__nis_default_owner@@GLIBC_2.2.5 000000000000fb10 299
xdr_obj_p@@GLIBC_2.2.5 000000000000cb40 17
nis_remove_entry@@GLIBC_2.2.5 000000000000c670 236
yp_master@@GLIBC_2.2.5 00000000000058f0 218
yp_next@@GLIBC_2.2.5 00000000000056f0 498
nis_next_entry@@GLIBC_2.2.5 000000000000c800 236
xdr_ypresp_master@@GLIBC_2.2.5 0000000000004420 55
xdr_ypbind_resp@@GLIBC_2.2.5 0000000000004650 119
xdr_yppushresp_xfr@@GLIBC_2.2.5 00000000000045c0 50
nis_lerror@@GLIBC_2.2.5 0000000000008f80 77
nis_modify@@GLIBC_2.2.5 000000000000efb0 551
nis_perror@@GLIBC_2.2.5 0000000000008f20 82
_xdr_nis_result@@GLIBC_PRIVATE 000000000000cf00 153
yp_order@@GLIBC_2.2.5 00000000000059d0 215
ypbinderr_string@@GLIBC_2.2.5 0000000000005f20 84
xdr_ypbind_binding@@GLIBC_2.2.5 0000000000004610 63
nis_dir_cmp@@GLIBC_2.2.5 0000000000006ba0 166
nis_checkpoint@@GLIBC_2.2.5 000000000000d4e0 356
nis_addmember@@GLIBC_2.2.5 000000000000dfe0 537
yp_unbind@@GLIBC_2.2.5 0000000000005180 184
nis_destroygroup@@GLIBC_2.2.5 000000000000e790 219
nis_clone_object@@GLIBC_2.2.5 0000000000010ca0 319
xdr_valdat@@GLIBC_2.2.5 00000000000041b0 17
nis_first_entry@@GLIBC_2.2.5 000000000000c760 156
xdr_peername@@GLIBC_2.2.5 0000000000004180 10
yp_get_default_domain@@GLIBC_2.2.5 0000000000005240 146
xdr_ypdelete_args@@GLIBC_2.2.5 0000000000006310 67
xdr_ypbind_resptype@@GLIBC_2.2.5 0000000000004600 5
nis_write_obj@@GLIBC_2.2.5 0000000000007600 97
nis_remove@@GLIBC_2.2.5 000000000000f1e0 180
__nisbind_create@@GLIBC_2.2.5 0000000000009c10 114
nis_print_object@@GLIBC_2.2.5 0000000000008950 1235
nis_print_table@@GLIBC_2.2.5 0000000000008240 1151
nis_leaf_of_r@@GLIBC_2.2.5 00000000000063d0 92
nis_name_of@@GLIBC_2.2.5 0000000000006430 133
xdr_ypall@@GLIBC_2.2.5 0000000000004740 287
xdr_ypresp_val@@GLIBC_2.2.5 0000000000004380 59
GLIBC_PRIVATE 0000000000000000 0
yp_bind@@GLIBC_2.2.5 0000000000005110 99
__nisbind_destroy@@GLIBC_2.2.5 0000000000009900 66
nis_rmdir@@GLIBC_2.2.5 000000000000d6f0 86
nis_local_host@@GLIBC_2.2.5 00000000000071b0 408
xdr_yp_buf@@GLIBC_2.2.5 0000000000006290 17
nis_freetags@@GLIBC_2.2.5 000000000000d390 61
_nsl_default_nss@@GLIBC_PRIVATE 0000000000011190 81
nis_removemember@@GLIBC_2.2.5 000000000000e3a0 520
yperr_string@@GLIBC_2.2.5 0000000000005db0 332
nis_destroy_object@@GLIBC_2.2.5 0000000000006c50 5
__create_ib_request@@GLIBC_PRIVATE 000000000000b5b0 749
__nisbind_connect@@GLIBC_2.2.5 0000000000009bf0 22
xdr_ypreq_nokey@@GLIBC_2.2.5 00000000000042a0 63
nis_local_directory@@GLIBC_2.2.5 0000000000007120 105
xdr_yppush_status@@GLIBC_2.2.5 00000000000045b0 5
xdr_ypxfrstat@@GLIBC_2.2.5 0000000000004150 5
writeColdStartFile@@GLIBC_2.2.5 00000000000074f0 104
nis_domain_of@@GLIBC_2.2.5 000000000000eec0 17
nis_freeservlist@@GLIBC_2.2.5 000000000000dae0 82
__nis_default_group@@GLIBC_2.2.5 000000000000fc40 299
nis_print_link@@GLIBC_2.2.5 00000000000086c0 317
__nis_finddirectory@@GLIBC_2.2.5 000000000000e200 124
nis_freenames@@GLIBC_2.2.5 0000000000006b60 56
nis_ping@@GLIBC_2.2.5 000000000000d3d0 258
_xdr_ib_request@@GLIBC_PRIVATE 000000000000d000 217
xdr_ypupdate_args@@GLIBC_2.2.5 00000000000062b0 92
ypprot_err@@GLIBC_2.2.5 0000000000005f00 31
__nis_default_ttl@@GLIBC_2.2.5 000000000000fd70 87
nis_servstate@@GLIBC_2.2.5 000000000000d270 134
yp_update@@GLIBC_2.2.5 0000000000005f80 778
nis_clone_directory@@GLIBC_2.2.5 0000000000010b50 323
xdr_ypresp_all@@GLIBC_2.2.5 00000000000044a0 132
xdr_ypresp_maplist@@GLIBC_2.2.5 0000000000004570 62
nis_list@@GLIBC_2.2.5 000000000000ba10 1914
nis_print_rights@@GLIBC_2.2.5 00000000000077c0 358
nis_sperrno@@GLIBC_2.2.5 0000000000008ee0 51
nis_getnames@@GLIBC_2.2.5 0000000000006560 1525
xdr_ypreq_key@@GLIBC_2.2.5 0000000000004240 88
__do_niscall3@@GLIBC_PRIVATE 0000000000009c90 22
xdr_ypresp_key_val@@GLIBC_2.2.5 00000000000043c0 84
yp_maplist@@GLIBC_2.2.5 0000000000005d10 155
