free@GLIBC_2.2.5 0000000000000000 0
strncpy@GLIBC_2.2.5 0000000000000000 0
_nss_files_parse_protoent@GLIBC_PRIVATE 0000000000000000 0
_ITM_deregisterTMCloneTab 0000000000000000 0
strcpy@GLIBC_2.2.5 0000000000000000 0
errno@GLIBC_PRIVATE 0000000000000000 0
__pthread_mutex_unlock 0000000000000000 0
__mempcpy@GLIBC_2.2.5 0000000000000000 0
__resp@GLIBC_PRIVATE 0000000000000000 0
inet_ntoa@GLIBC_2.2.5 0000000000000000 0
_nss_files_parse_netent@GLIBC_PRIVATE 0000000000000000 0
_nss_files_parse_pwent@GLIBC_PRIVATE 0000000000000000 0
strlen@GLIBC_2.2.5 0000000000000000 0
strchr@GLIBC_2.2.5 0000000000000000 0
_nsl_default_nss@GLIBC_PRIVATE 0000000000000000 0
yp_next@GLIBC_2.2.5 0000000000000000 0
snprintf@GLIBC_2.2.5 0000000000000000 0
__assert_fail@GLIBC_2.2.5 0000000000000000 0
_nss_netgroup_parseline@GLIBC_PRIVATE 0000000000000000 0
yp_first@GLIBC_2.2.5 0000000000000000 0
memcmp@GLIBC_2.2.5 0000000000000000 0
xdecrypt@GLIBC_2.2.5 0000000000000000 0
__pthread_mutex_lock 0000000000000000 0
strcmp@GLIBC_2.2.5 0000000000000000 0
__gmon_start__ 0000000000000000 0
memcpy@GLIBC_2.14 0000000000000000 0
yp_get_default_domain@GLIBC_2.2.5 0000000000000000 0
inet_pton@GLIBC_2.2.5 0000000000000000 0
__stpcpy@GLIBC_2.2.5 0000000000000000 0
__rawmemchr@GLIBC_2.2.5 0000000000000000 0
malloc@GLIBC_2.2.5 0000000000000000 0
yp_all@GLIBC_2.2.5 0000000000000000 0
syslog@GLIBC_2.2.5 0000000000000000 0
realloc@GLIBC_2.2.5 0000000000000000 0
getpwnam_r@GLIBC_2.2.5 0000000000000000 0
_nss_files_parse_etherent@GLIBC_PRIVATE 0000000000000000 0
_nss_files_parse_rpcent@GLIBC_PRIVATE 0000000000000000 0
sysconf@GLIBC_2.2.5 0000000000000000 0
_Jv_RegisterClasses 0000000000000000 0
strtoul@GLIBC_2.2.5 0000000000000000 0
yp_match@GLIBC_2.2.5 0000000000000000 0
sprintf@GLIBC_2.2.5 0000000000000000 0
_nss_files_parse_servent@GLIBC_PRIVATE 0000000000000000 0
_ITM_registerTMCloneTable 0000000000000000 0
__libc_alloca_cutoff@GLIBC_PRIVATE 0000000000000000 0
_nss_files_parse_spent@GLIBC_PRIVATE 0000000000000000 0
__cxa_finalize@GLIBC_2.2.5 0000000000000000 0
_nss_files_parse_grent@GLIBC_PRIVATE 0000000000000000 0
__ctype_tolower_loc@GLIBC_2.3 0000000000000000 0
__ctype_b_loc@GLIBC_2.3 0000000000000000 0
_nss_nis_getetherent_r@@GLIBC_PRIVATE 0000000000006a30 340
_nss_nis_getaliasent_r@@GLIBC_PRIVATE 0000000000007730 589
_nss_nis_getservbyport_r@@GLIBC_PRIVATE 0000000000002fa0 752
_nss_nis_getpwnam_r@@GLIBC_PRIVATE 0000000000005a20 779
_nss_nis_getspnam_r@@GLIBC_PRIVATE 00000000000071f0 520
_nss_nis_getntohost_r@@GLIBC_PRIVATE 0000000000006cf0 406
_nss_nis_gethostent_r@@GLIBC_PRIVATE 0000000000003960 825
_nss_nis_getnetbyname_r@@GLIBC_PRIVATE 0000000000004570 555
_nss_nis_endetherent@@GLIBC_PRIVATE 00000000000068f0 110
_nss_nis_endrpcent@@GLIBC_PRIVATE 0000000000006270 107
_nss_nis_getnetent_r@@GLIBC_PRIVATE 0000000000004300 612
_nss_nis_setpwent@@GLIBC_PRIVATE 0000000000005470 169
_nss_nis_getgrgid_r@@GLIBC_PRIVATE 0000000000005060 343
_nss_nis_setnetgrent@@GLIBC_PRIVATE 0000000000007400 228
_nss_nis_endpwent@@GLIBC_PRIVATE 0000000000005330 147
_nss_nis_gethostbyname2_r@@GLIBC_PRIVATE 0000000000003ca0 86
_nss_nis_getnetbyaddr_r@@GLIBC_PRIVATE 00000000000047a0 470
_nss_nis_setspent@@GLIBC_PRIVATE 0000000000006e90 105
_nss_nis_endhostent@@GLIBC_PRIVATE 00000000000038f0 106
_nss_nis_getgrent_r@@GLIBC_PRIVATE 0000000000004b80 889
_nss_nis_endspent@@GLIBC_PRIVATE 0000000000006e90 105
_nss_nis_getnetgrent_r@@GLIBC_PRIVATE 0000000000007520 24
_nss_nis_setservent@@GLIBC_PRIVATE 00000000000029a0 261
_nss_nis_setaliasent@@GLIBC_PRIVATE 00000000000076c0 106
_nss_nis_setnetent@@GLIBC_PRIVATE 0000000000004290 106
_nss_nis_getrpcbyname_r@@GLIBC_PRIVATE 0000000000006420 705
_nss_nis_getsecretkey@@GLIBC_PRIVATE 0000000000007d10 353
_nss_nis_gethostbyname4_r@@GLIBC_PRIVATE 0000000000003fa0 747
_nss_nis_getpublickey@@GLIBC_PRIVATE 0000000000007c10 255
_nss_nis_endnetgrent@@GLIBC_PRIVATE 00000000000074f0 44
_nss_nis_gethostton_r@@GLIBC_PRIVATE 0000000000006b90 350
_nss_nis_getaliasbyname_r@@GLIBC_PRIVATE 0000000000007980 649
_nss_nis_netname2user@@GLIBC_PRIVATE 0000000000007e80 554
_nss_nis_endaliasent@@GLIBC_PRIVATE 00000000000076c0 106
_nss_nis_getprotoent_r@@GLIBC_PRIVATE 0000000000002390 340
_nss_nis_setgrent@@GLIBC_PRIVATE 0000000000004ac0 185
_nss_nis_setprotoent@@GLIBC_PRIVATE 0000000000002250 200
_nss_nis_getpwent_r@@GLIBC_PRIVATE 0000000000005520 1267
_nss_nis_initgroups_dyn@@GLIBC_PRIVATE 0000000000008190 1818
_nss_nis_endgrent@@GLIBC_PRIVATE 0000000000004980 155
_nss_nis_getspent_r@@GLIBC_PRIVATE 0000000000006f00 742
_nss_nis_setetherent@@GLIBC_PRIVATE 0000000000006960 200
_nss_nis_getpwuid_r@@GLIBC_PRIVATE 0000000000005d30 792
_nss_nis_gethostbyname_r@@GLIBC_PRIVATE 0000000000003d00 128
_nss_nis_getrpcbynumber_r@@GLIBC_PRIVATE 00000000000066f0 351
_nss_nis_getprotobynumber@@GLIBC_PRIVATE 0000000000002650 351
_nss_nis_endnetent@@GLIBC_PRIVATE 0000000000004290 106
_nss_nis_getgrnam_r@@GLIBC_PRIVATE 0000000000004f00 350
_nss_nis_endprotoent@@GLIBC_PRIVATE 0000000000002320 110
_nss_nis_getrpcent_r@@GLIBC_PRIVATE 00000000000062e0 313
_nss_nis_getservent_r@@GLIBC_PRIVATE 0000000000002ab0 529
GLIBC_PRIVATE 0000000000000000 0
_nss_nis_getservbyname_r@@GLIBC_PRIVATE 0000000000002cd0 719
_nss_nis_gethostbyaddr_r@@GLIBC_PRIVATE 0000000000003d80 539
_nss_nis_sethostent@@GLIBC_PRIVATE 00000000000038f0 106
_nss_nis_endservent@@GLIBC_PRIVATE 0000000000002930 107
_nss_nis_getprotobyname_r@@GLIBC_PRIVATE 00000000000024f0 350
_nss_nis_setrpcent@@GLIBC_PRIVATE 0000000000006160 261
