free@GLIBC_2.2.5 0000000000000000 0
_ITM_deregisterTMCloneTab 0000000000000000 0
strcpy@GLIBC_2.2.5 0000000000000000 0
errno@GLIBC_PRIVATE 0000000000000000 0
__internal_getnetgrent_r@GLIBC_PRIVATE 0000000000000000 0
__pthread_mutex_unlock 0000000000000000 0
__libc_scratch_buffer_gro@GLIBC_PRIVATE 0000000000000000 0
_nss_files_parse_pwent@GLIBC_PRIVATE 0000000000000000 0
fclose@GLIBC_2.2.5 0000000000000000 0
strlen@GLIBC_2.2.5 0000000000000000 0
__nss_database_lookup@GLIBC_2.2.5 0000000000000000 0
fgetpos@GLIBC_2.2.5 0000000000000000 0
rewind@GLIBC_2.2.5 0000000000000000 0
__strdup@GLIBC_2.2.5 0000000000000000 0
__pthread_mutex_lock 0000000000000000 0
strcmp@GLIBC_2.2.5 0000000000000000 0
__gmon_start__ 0000000000000000 0
memcpy@GLIBC_2.14 0000000000000000 0
yp_get_default_domain@GLIBC_2.2.5 0000000000000000 0
__internal_endnetgrent@GLIBC_PRIVATE 0000000000000000 0
__internal_setnetgrent@GLIBC_PRIVATE 0000000000000000 0
__stpcpy@GLIBC_2.2.5 0000000000000000 0
__nss_lookup_function@GLIBC_PRIVATE 0000000000000000 0
fgets_unlocked@GLIBC_2.2.5 0000000000000000 0
malloc@GLIBC_2.2.5 0000000000000000 0
realloc@GLIBC_2.2.5 0000000000000000 0
fopen@GLIBC_2.2.5 0000000000000000 0
_Jv_RegisterClasses 0000000000000000 0
fsetpos@GLIBC_2.2.5 0000000000000000 0
_ITM_registerTMCloneTable 0000000000000000 0
__libc_alloca_cutoff@GLIBC_PRIVATE 0000000000000000 0
innetgr@GLIBC_2.2.5 0000000000000000 0
_nss_files_parse_spent@GLIBC_PRIVATE 0000000000000000 0
__cxa_finalize@GLIBC_2.2.5 0000000000000000 0
_nss_files_parse_grent@GLIBC_PRIVATE 0000000000000000 0
strstr@GLIBC_2.2.5 0000000000000000 0
__ctype_b_loc@GLIBC_2.3 0000000000000000 0
_nss_compat_setgrent@@GLIBC_PRIVATE 0000000000001990 440
_nss_compat_getspent_r@@GLIBC_PRIVATE 0000000000005800 406
_nss_compat_setpwent@@GLIBC_PRIVATE 0000000000003810 640
_nss_compat_getgrnam_r@@GLIBC_PRIVATE 0000000000002150 952
_nss_compat_endspent@@GLIBC_PRIVATE 00000000000056c0 311
_nss_compat_getpwnam_r@@GLIBC_PRIVATE 0000000000003d90 1167
_nss_compat_getpwuid_r@@GLIBC_PRIVATE 0000000000004220 1535
_nss_compat_getgrgid_r@@GLIBC_PRIVATE 0000000000002510 1047
_nss_compat_getspnam_r@@GLIBC_PRIVATE 00000000000059a0 1134
_nss_compat_endgrent@@GLIBC_PRIVATE 0000000000001b50 156
_nss_compat_initgroups_dy@@GLIBC_PRIVATE 0000000000006650 1441
_nss_compat_endpwent@@GLIBC_PRIVATE 0000000000003a90 295
_nss_compat_setspent@@GLIBC_PRIVATE 0000000000005440 632
GLIBC_PRIVATE 0000000000000000 0
_nss_compat_getgrent_r@@GLIBC_PRIVATE 0000000000001bf0 1366
_nss_compat_getpwent_r@@GLIBC_PRIVATE 0000000000003bc0 454
