_res_hconf@GLIBC_2.2.5 0000000000000000 0
__uflow@GLIBC_2.2.5 0000000000000000 0
free@GLIBC_2.2.5 0000000000000000 0
strncpy@GLIBC_2.2.5 0000000000000000 0
strncmp@GLIBC_2.2.5 0000000000000000 0
_ITM_deregisterTMCloneTab 0000000000000000 0
strcpy@GLIBC_2.2.5 0000000000000000 0
errno@GLIBC_PRIVATE 0000000000000000 0
inet_network@GLIBC_2.2.5 0000000000000000 0
__pthread_mutex_unlock 0000000000000000 0
__resp@GLIBC_PRIVATE 0000000000000000 0
_nss_files_parse_pwent@GLIBC_PRIVATE 0000000000000000 0
fclose@GLIBC_2.2.5 0000000000000000 0
strlen@GLIBC_2.2.5 0000000000000000 0
strchr@GLIBC_2.2.5 0000000000000000 0
fgetpos@GLIBC_2.2.5 0000000000000000 0
rewind@GLIBC_2.2.5 0000000000000000 0
__assert_fail@GLIBC_2.2.5 0000000000000000 0
__strtok_r@GLIBC_2.2.5 0000000000000000 0
__strdup@GLIBC_2.2.5 0000000000000000 0
memcmp@GLIBC_2.2.5 0000000000000000 0
xdecrypt@GLIBC_2.2.5 0000000000000000 0
__pthread_mutex_lock 0000000000000000 0
__getdelim@GLIBC_2.2.5 0000000000000000 0
strcmp@GLIBC_2.2.5 0000000000000000 0
__gmon_start__ 0000000000000000 0
memcpy@GLIBC_2.14 0000000000000000 0
inet_pton@GLIBC_2.2.5 0000000000000000 0
__stpcpy@GLIBC_2.2.5 0000000000000000 0
fgets_unlocked@GLIBC_2.2.5 0000000000000000 0
__rawmemchr@GLIBC_2.2.5 0000000000000000 0
malloc@GLIBC_2.2.5 0000000000000000 0
ungetc@GLIBC_2.2.5 0000000000000000 0
realloc@GLIBC_2.2.5 0000000000000000 0
__strtoull_internal@GLIBC_2.2.5 0000000000000000 0
fopen@GLIBC_2.2.5 0000000000000000 0
_Jv_RegisterClasses 0000000000000000 0
__strcasecmp@GLIBC_2.2.5 0000000000000000 0
fsetpos@GLIBC_2.2.5 0000000000000000 0
_nss_files_parse_sgent@GLIBC_PRIVATE 0000000000000000 0
_ITM_registerTMCloneTable 0000000000000000 0
__libc_alloca_cutoff@GLIBC_PRIVATE 0000000000000000 0
_nss_files_parse_spent@GLIBC_PRIVATE 0000000000000000 0
__cxa_finalize@GLIBC_2.2.5 0000000000000000 0
_nss_files_parse_grent@GLIBC_PRIVATE 0000000000000000 0
__ctype_b_loc@GLIBC_2.3 0000000000000000 0
_nss_files_endservent@@GLIBC_PRIVATE 0000000000002e70 86
_nss_files_getsgent_r@@GLIBC_PRIVATE 00000000000070d0 202
_nss_files_getpwnam_r@@GLIBC_PRIVATE 00000000000054a0 181
_nss_files_getspent_r@@GLIBC_PRIVATE 0000000000005e30 202
_nss_files_setspent@@GLIBC_PRIVATE 0000000000005d40 137
_nss_files_parse_servent@@GLIBC_PRIVATE 00000000000029c0 742
_nss_files_endaliasent@@GLIBC_PRIVATE 0000000000006cd0 86
_nss_files_getpwent_r@@GLIBC_PRIVATE 00000000000053d0 202
_nss_netgroup_parseline@@GLIBC_PRIVATE 0000000000006390 802
_nss_files_parse_netent@@GLIBC_PRIVATE 00000000000044e0 905
_nss_files_endnetgrent@@GLIBC_PRIVATE 0000000000006360 44
_nss_files_endpwent@@GLIBC_PRIVATE 0000000000005370 86
_nss_files_endrpcent@@GLIBC_PRIVATE 0000000000007900 86
_nss_files_gethostbyname4@@GLIBC_PRIVATE 00000000000041b0 807
_nss_files_getprotobynumb@@GLIBC_PRIVATE 0000000000002920 157
_nss_files_gethostton_r@@GLIBC_PRIVATE 0000000000005aa0 173
_nss_files_setrpcent@@GLIBC_PRIVATE 0000000000007870 137
_nss_files_endspent@@GLIBC_PRIVATE 0000000000005dd0 86
_nss_files_getgrnam_r@@GLIBC_PRIVATE 0000000000005050 181
_nss_files_getprotoent_r@@GLIBC_PRIVATE 0000000000002780 202
_nss_files_initgroups_dyn@@GLIBC_PRIVATE 0000000000007ba0 923
_nss_files_gethostbyname_@@GLIBC_PRIVATE 0000000000004140 67
_nss_files_setgrent@@GLIBC_PRIVATE 0000000000004e90 137
_nss_files_getgrent_r@@GLIBC_PRIVATE 0000000000004f80 202
_nss_files_parse_protoent@@GLIBC_PRIVATE 00000000000022b0 686
_nss_files_init@@GLIBC_PRIVATE 0000000000007f40 865
_nss_files_setsgent@@GLIBC_PRIVATE 0000000000006fe0 137
_nss_files_endprotoent@@GLIBC_PRIVATE 0000000000002720 86
_nss_files_getnetgrent_r@@GLIBC_PRIVATE 00000000000066c0 24
_nss_files_parse_etherent@@GLIBC_PRIVATE 0000000000005600 423
_nss_files_endetherent@@GLIBC_PRIVATE 0000000000005970 86
_nss_files_setnetent@@GLIBC_PRIVATE 00000000000049c0 137
_nss_files_getetherent_r@@GLIBC_PRIVATE 00000000000059d0 202
_nss_files_getnetbyname_r@@GLIBC_PRIVATE 0000000000004b90 216
_nss_files_getsecretkey@@GLIBC_PRIVATE 0000000000007410 119
_nss_files_getntohost_r@@GLIBC_PRIVATE 0000000000005b50 181
_nss_files_setaliasent@@GLIBC_PRIVATE 0000000000006c40 137
_nss_files_endgrent@@GLIBC_PRIVATE 0000000000004f20 86
_nss_files_getservent_r@@GLIBC_PRIVATE 0000000000002ed0 202
_nss_files_endsgent@@GLIBC_PRIVATE 0000000000007070 86
_nss_files_sethostent@@GLIBC_PRIVATE 0000000000003750 137
_nss_files_setnetgrent@@GLIBC_PRIVATE 0000000000005fc0 924
_nss_files_setservent@@GLIBC_PRIVATE 0000000000002de0 137
_nss_files_endnetent@@GLIBC_PRIVATE 0000000000004a50 86
_nss_files_getnetent_r@@GLIBC_PRIVATE 0000000000004ab0 211
_nss_files_gethostbyaddr_@@GLIBC_PRIVATE 0000000000003950 229
_nss_files_getaliasbyname@@GLIBC_PRIVATE 0000000000006df0 186
_nss_files_getprotobyname@@GLIBC_PRIVATE 0000000000002850 208
_nss_files_getservbyport_@@GLIBC_PRIVATE 0000000000003090 221
_nss_files_getrpcbyname_r@@GLIBC_PRIVATE 0000000000007a30 208
_nss_files_getnetbyaddr_r@@GLIBC_PRIVATE 0000000000004c70 229
_nss_files_gethostent_r@@GLIBC_PRIVATE 0000000000003840 265
_nss_files_setetherent@@GLIBC_PRIVATE 00000000000058e0 137
_nss_files_gethostbyname2@@GLIBC_PRIVATE 0000000000004190 22
_nss_files_getrpcbynumber@@GLIBC_PRIVATE 0000000000007b00 157
_nss_files_getaliasent_r@@GLIBC_PRIVATE 0000000000006d30 185
_nss_files_getservbyname_@@GLIBC_PRIVATE 0000000000002fa0 240
_nss_files_getrpcent_r@@GLIBC_PRIVATE 0000000000007960 202
_nss_files_getgrgid_r@@GLIBC_PRIVATE 0000000000005110 158
GLIBC_PRIVATE 0000000000000000 0
_nss_files_getpwuid_r@@GLIBC_PRIVATE 0000000000005560 158
_nss_files_getpublickey@@GLIBC_PRIVATE 0000000000007400 7
_nss_files_setpwent@@GLIBC_PRIVATE 00000000000052e0 137
_nss_files_parse_rpcent@@GLIBC_PRIVATE 0000000000007490 686
_nss_files_getsgnam_r@@GLIBC_PRIVATE 00000000000071a0 181
_nss_files_gethostbyname3@@GLIBC_PRIVATE 0000000000003a40 1785
_nss_files_endhostent@@GLIBC_PRIVATE 00000000000037e0 86
_nss_files_getspnam_r@@GLIBC_PRIVATE 0000000000005f00 181
_nss_files_setprotoent@@GLIBC_PRIVATE 0000000000002690 137
