__ctype_toupper_loc@GLIBC_2.3 0000000000000000 0
inet_ntop@GLIBC_2.2.5 0000000000000000 0
getenv@GLIBC_2.2.5 0000000000000000 0
free@GLIBC_2.2.5 0000000000000000 0
__poll@GLIBC_2.2.5 0000000000000000 0
strcasecmp@GLIBC_2.2.5 0000000000000000 0
abort@GLIBC_2.2.5 0000000000000000 0
strncpy@GLIBC_2.2.5 0000000000000000 0
_ITM_deregisterTMCloneTab 0000000000000000 0
stdout@GLIBC_2.2.5 0000000000000000 0
strcpy@GLIBC_2.2.5 0000000000000000 0
errno@GLIBC_PRIVATE 0000000000000000 0
writev@GLIBC_2.2.5 0000000000000000 0
in6addr_any@GLIBC_2.2.5 0000000000000000 0
__resp@GLIBC_PRIVATE 0000000000000000 0
getpeername@GLIBC_2.2.5 0000000000000000 0
fclose@GLIBC_2.2.5 0000000000000000 0
strlen@GLIBC_2.2.5 0000000000000000 0
__stack_chk_fail@GLIBC_2.4 0000000000000000 0
setbuf@GLIBC_2.2.5 0000000000000000 0
send@GLIBC_2.2.5 0000000000000000 0
strchr@GLIBC_2.2.5 0000000000000000 0
rewind@GLIBC_2.2.5 0000000000000000 0
_IO_putc@GLIBC_2.2.5 0000000000000000 0
snprintf@GLIBC_2.2.5 0000000000000000 0
__res_maybe_init@GLIBC_PRIVATE 0000000000000000 0
gettimeofday@GLIBC_2.2.5 0000000000000000 0
__assert_fail@GLIBC_2.2.5 0000000000000000 0
fputs@GLIBC_2.2.5 0000000000000000 0
__res_iclose@GLIBC_PRIVATE 0000000000000000 0
ioctl@GLIBC_2.2.5 0000000000000000 0
fputc@GLIBC_2.2.5 0000000000000000 0
__strdup@GLIBC_2.2.5 0000000000000000 0
read@GLIBC_2.2.5 0000000000000000 0
memcmp@GLIBC_2.2.5 0000000000000000 0
fgets@GLIBC_2.2.5 0000000000000000 0
fprintf@GLIBC_2.2.5 0000000000000000 0
__gmon_start__ 0000000000000000 0
strtol@GLIBC_2.2.5 0000000000000000 0
memcpy@GLIBC_2.14 0000000000000000 0
inet_pton@GLIBC_2.2.5 0000000000000000 0
__rawmemchr@GLIBC_2.2.5 0000000000000000 0
malloc@GLIBC_2.2.5 0000000000000000 0
strncasecmp@GLIBC_2.2.5 0000000000000000 0
recvfrom@GLIBC_2.2.5 0000000000000000 0
__sendmmsg@GLIBC_PRIVATE 0000000000000000 0
inet_nsap_ntoa@GLIBC_2.2.5 0000000000000000 0
memmove@GLIBC_2.2.5 0000000000000000 0
__h_errno@GLIBC_PRIVATE 0000000000000000 0
fopen@GLIBC_2.2.5 0000000000000000 0
_Jv_RegisterClasses 0000000000000000 0
gmtime@GLIBC_2.2.5 0000000000000000 0
sprintf@GLIBC_2.2.5 0000000000000000 0
connect@GLIBC_2.2.5 0000000000000000 0
fwrite@GLIBC_2.2.5 0000000000000000 0
_ITM_registerTMCloneTable 0000000000000000 0
strerror@GLIBC_2.2.5 0000000000000000 0
__cxa_finalize@GLIBC_2.2.5 0000000000000000 0
__ctype_tolower_loc@GLIBC_2.3 0000000000000000 0
__ctype_b_loc@GLIBC_2.3 0000000000000000 0
socket@GLIBC_2.2.5 0000000000000000 0
_sethtent@@GLIBC_2.2.5 0000000000003a70 66
__p_fqname@@GLIBC_2.2.5 0000000000006210 258
__putlong@@GLIBC_2.2.5 0000000000005930 7
ns_put16@@GLIBC_2.9 000000000000ee20 8
GLIBC_2.9 0000000000000000 0
__dn_comp@@GLIBC_2.2.5 0000000000005770 8
__fp_resstat@@GLIBC_2.2.5 0000000000005de0 764
__res_querydomain@@GLIBC_2.2.5 00000000000087f0 134
ns_initparse@@GLIBC_2.9 000000000000d310 530
__res_nquery@@GLIBC_2.2.5 0000000000009420 24
__dn_skipname@@GLIBC_2.2.5 0000000000005780 40
res_gethostbyname2@@GLIBC_2.2.5 0000000000004cd0 1340
__res_isourserver@@GLIBC_2.2.5 00000000000086c0 19
__p_rcode@@GLIBC_2.3.2 0000000000007730 79
__b64_ntop@@GLIBC_2.2.5 000000000000cbb0 417
__putshort@@GLIBC_2.2.5 0000000000005940 8
ns_msg_getflag@@GLIBC_2.9 000000000000d220 25
__libc_res_nsearch@@GLIBC_PRIVATE 0000000000009600 1868
_getshort@@GLIBC_2.2.5 0000000000005960 14
ns_name_pack@@GLIBC_2.9 000000000000e4c0 1355
__loc_ntoa@@GLIBC_2.2.5 0000000000007bf0 1240
__sym_ntop@@GLIBC_2.2.5 0000000000006400 114
__sym_ntos@@GLIBC_2.2.5 0000000000006390 110
ns_skiprr@@GLIBC_2.9 000000000000d240 197
__libc_res_nquery@@GLIBC_PRIVATE 0000000000008bd0 1750
__res_query@@GLIBC_2.2.5 00000000000085f0 131
__p_time@@GLIBC_2.2.5 00000000000076e0 72
ns_get32@@GLIBC_2.9 000000000000ee10 7
res_send_setqhook@@GLIBC_2.2.5 0000000000008680 19
__res_nameinquery@@GLIBC_2.2.5 000000000000aa10 265
ns_makecanon@@GLIBC_2.9 0000000000012860 237
__ns_name_ntop@@GLIBC_PRIVATE 000000000000d840 1040
__p_query@@GLIBC_2.2.5 0000000000008450 69
ns_parse_ttl@@GLIBC_2.9 000000000000f290 367
ns_datetosecs@@GLIBC_2.9 0000000000012e00 1208
_getlong@@GLIBC_2.2.5 0000000000005950 14
__p_fqnname@@GLIBC_2.2.5 0000000000006190 124
__fp_query@@GLIBC_2.2.5 00000000000084a0 69
__res_hnok@@GLIBC_2.2.5 00000000000057b0 157
_gethtbyname2@@GLIBC_2.2.5 0000000000003f70 178
ns_put32@@GLIBC_2.9 000000000000ee30 5
__res_hostalias@@GLIBC_2.2.5 0000000000009460 404
__hostalias@@GLIBC_2.2.5 0000000000008880 31
__res_mkquery@@GLIBC_2.2.5 0000000000008550 150
ns_format_ttl@@GLIBC_2.9 000000000000ee40 1089
ns_name_rollback@@GLIBC_2.9 000000000000ed30 56
__res_search@@GLIBC_2.2.5 0000000000008760 131
ns_subdomain@@GLIBC_2.9 0000000000012c40 445
res_gethostbyname@@GLIBC_2.2.5 0000000000005210 110
_gethtbyname@@GLIBC_2.2.5 0000000000003e00 363
__res_ownok@@GLIBC_2.2.5 0000000000005850 49
__res_nmkquery@@GLIBC_2.2.5 00000000000088a0 663
ns_samedomain@@GLIBC_2.9 00000000000126b0 421
inet_net_pton@@GLIBC_2.2.5 000000000000c630 1208
ns_name_pton@@GLIBC_2.9 000000000000dc50 1219
ns_parserr@@GLIBC_2.9 000000000000d530 776
GLIBC_PRIVATE 0000000000000000 0
ns_name_uncompress@@GLIBC_2.9 000000000000ea10 664
inet_neta@@GLIBC_2.2.5 000000000000caf0 192
ns_name_unpack@@GLIBC_2.9 000000000000e2b0 526
ns_name_skip@@GLIBC_2.9 000000000000ed70 141
__ns_get16@@GLIBC_PRIVATE 000000000000ee00 11
__res_send@@GLIBC_2.2.5 00000000000086e0 89
__res_nsend@@GLIBC_2.2.5 000000000000c440 34
__loc_aton@@GLIBC_2.2.5 0000000000007780 1125
__p_cdname@@GLIBC_2.2.5 0000000000006180 13
__p_secstodate@@GLIBC_2.2.5 00000000000083d0 124
__res_queriesmatch@@GLIBC_2.2.5 000000000000ab20 518
__p_type_syms@@GLIBC_2.2.5 0000000000217640 1104
ns_sprintrrf@@GLIBC_2.9 000000000000f8c0 11652
ns_name_compress@@GLIBC_2.9 000000000000ecb0 124
__ns_name_unpack@@GLIBC_PRIVATE 000000000000e2b0 526
_res_opcodes@@GLIBC_2.2.5 00000000002181e0 128
__dn_count_labels@@GLIBC_2.2.5 00000000000080d0 756
__res_close@@GLIBC_2.2.5 0000000000008740 31
ns_name_ntol@@GLIBC_2.9 000000000000e120 386
__sym_ston@@GLIBC_2.2.5 0000000000006320 100
inet_net_ntop@@GLIBC_2.2.5 000000000000c470 438
ns_name_ntop@@GLIBC_2.9 000000000000d840 1040
_gethtent@@GLIBC_2.2.5 0000000000003b00 767
__p_class@@GLIBC_2.2.5 0000000000007410 79
__dn_expand@@GLIBC_2.2.5 0000000000005740 37
GLIBC_2.3.2 0000000000000000 0
__res_dnok@@GLIBC_2.2.5 0000000000005900 43
ns_samename@@GLIBC_2.9 0000000000012950 746
res_gethostbyaddr@@GLIBC_2.2.5 0000000000005280 1210
__res_nquerydomain@@GLIBC_2.2.5 0000000000009440 29
_gethtbyaddr@@GLIBC_2.2.5 0000000000004030 135
__p_cdnname@@GLIBC_2.2.5 00000000000060e0 153
ns_sprintrr@@GLIBC_2.9 0000000000012650 95
GLIBC_2.2.5 0000000000000000 0
__fp_nquery@@GLIBC_2.2.5 00000000000084f0 91
__p_option@@GLIBC_2.2.5 0000000000007460 636
__p_type@@GLIBC_2.2.5 0000000000006480 79
ns_get16@@GLIBC_2.9 000000000000ee00 11
__b64_pton@@GLIBC_2.2.5 000000000000cd60 1216
__res_mailok@@GLIBC_2.2.5 0000000000005890 101
__res_nsearch@@GLIBC_2.2.5 0000000000009d50 24
__p_class_syms@@GLIBC_2.2.5 0000000000217ce0 168
res_send_setrhook@@GLIBC_2.2.5 00000000000086a0 19
__ns_get32@@GLIBC_PRIVATE 000000000000ee10 7
