RSA_get0_crt_params 0000000000000000 0
inet_ntop@GLIBC_2.2.5 0000000000000000 0
getenv@GLIBC_2.2.5 0000000000000000 0
EC_GROUP_set_asn1_flag 0000000000000000 0
freezero 0000000000000000 0
__progname@GLIBC_2.2.5 0000000000000000 0
RAND_status 0000000000000000 0
BN_rand 0000000000000000 0
__snprintf_chk@GLIBC_2.3.4 0000000000000000 0
EVP_PKEY_base_id 0000000000000000 0
raise@GLIBC_2.2.5 0000000000000000 0
free@GLIBC_2.2.5 0000000000000000 0
BN_add 0000000000000000 0
dlopen 0000000000000000 0
strcasecmp@GLIBC_2.2.5 0000000000000000 0
closelog@GLIBC_2.2.5 0000000000000000 0
BN_hex2bn 0000000000000000 0
localtime@GLIBC_2.2.5 0000000000000000 0
EC_KEY_set_public_key 0000000000000000 0
BN_value_one 0000000000000000 0
__errno_location@GLIBC_2.2.5 0000000000000000 0
unlink@GLIBC_2.2.5 0000000000000000 0
BN_CTX_get 0000000000000000 0
EVP_CipherInit 0000000000000000 0
strncmp@GLIBC_2.2.5 0000000000000000 0
_ITM_deregisterTMCloneTab 0000000000000000 0
stdout@GLIBC_2.2.5 0000000000000000 0
EVP_MD_CTX_free 0000000000000000 0
EVP_CIPHER_CTX_get_iv 0000000000000000 0
localtime_r@GLIBC_2.2.5 0000000000000000 0
_exit@GLIBC_2.2.5 0000000000000000 0
ERR_peek_last_error 0000000000000000 0
BN_set_word 0000000000000000 0
readpassphrase 0000000000000000 0
DSA_SIG_set0 0000000000000000 0
inflate 0000000000000000 0
__read_chk@GLIBC_2.4 0000000000000000 0
EVP_aes_128_gcm 0000000000000000 0
sendmsg@GLIBC_2.2.5 0000000000000000 0
EC_GROUP_free 0000000000000000 0
ECDSA_SIG_set0 0000000000000000 0
RSA_get_ex_data 0000000000000000 0
ERR_peek_error 0000000000000000 0
ECDSA_do_verify 0000000000000000 0
isatty@GLIBC_2.2.5 0000000000000000 0
EVP_PKEY_get1_DSA 0000000000000000 0
setsockopt@GLIBC_2.2.5 0000000000000000 0
EVP_md5 0000000000000000 0
EVP_DigestFinal_ex 0000000000000000 0
EC_POINT_clear_free 0000000000000000 0
fcntl@GLIBC_2.2.5 0000000000000000 0
clock_gettime@GLIBC_2.17 0000000000000000 0
DSA_new 0000000000000000 0
write@GLIBC_2.2.5 0000000000000000 0
BN_new 0000000000000000 0
RSA_generate_key_ex 0000000000000000 0
RSA_size 0000000000000000 0
sys_tun_open 0000000000000000 0
getpid@GLIBC_2.2.5 0000000000000000 0
cfgetispeed@GLIBC_2.2.5 0000000000000000 0
EVP_aes_256_cbc 0000000000000000 0
inet_ntoa@GLIBC_2.2.5 0000000000000000 0
RSA_set0_crt_params 0000000000000000 0
strlcat 0000000000000000 0
arc4random_uniform 0000000000000000 0
BN_is_prime_ex 0000000000000000 0
EVP_sha512 0000000000000000 0
EC_POINT_mul 0000000000000000 0
getpeername@GLIBC_2.2.5 0000000000000000 0
RSA_set_ex_data 0000000000000000 0
fclose@GLIBC_2.2.5 0000000000000000 0
EVP_aes_192_cbc 0000000000000000 0
DH_set0_pqg 0000000000000000 0
EC_KEY_get0_public_key 0000000000000000 0
getpwuid@GLIBC_2.2.5 0000000000000000 0
ctime@GLIBC_2.2.5 0000000000000000 0
shutdown@GLIBC_2.2.5 0000000000000000 0
cfsetospeed@GLIBC_2.2.5 0000000000000000 0
AES_set_encrypt_key 0000000000000000 0
BN_num_bits 0000000000000000 0
explicit_bzero 0000000000000000 0
__ctype_get_mb_cur_max@GLIBC_2.2.5 0000000000000000 0
arc4random_buf 0000000000000000 0
arc4random 0000000000000000 0
strlen@GLIBC_2.2.5 0000000000000000 0
kludge_FD_SET 0000000000000000 0
DSA_SIG_new 0000000000000000 0
__stack_chk_fail@GLIBC_2.4 0000000000000000 0
EVP_sha1 0000000000000000 0
getuid@GLIBC_2.2.5 0000000000000000 0
recallocarray 0000000000000000 0
dup2@GLIBC_2.2.5 0000000000000000 0
BN_bin2bn 0000000000000000 0
DH_get0_key 0000000000000000 0
RSA_free 0000000000000000 0
strchr@GLIBC_2.2.5 0000000000000000 0
BN_sub 0000000000000000 0
EC_KEY_get0_private_key 0000000000000000 0
EC_POINT_get_affine_coord 0000000000000000 0
rewind@GLIBC_2.2.5 0000000000000000 0
RSA_set_method 0000000000000000 0
EVP_PKEY_free 0000000000000000 0
EC_POINT_oct2point 0000000000000000 0
snprintf@GLIBC_2.2.5 0000000000000000 0
nanosleep@GLIBC_2.2.5 0000000000000000 0
gai_strerror@GLIBC_2.2.5 0000000000000000 0
strrchr@GLIBC_2.2.5 0000000000000000 0
dirname@GLIBC_2.2.5 0000000000000000 0
getsid@GLIBC_2.2.5 0000000000000000 0
gettimeofday@GLIBC_2.2.5 0000000000000000 0
fputs@GLIBC_2.2.5 0000000000000000 0
EVP_Cipher 0000000000000000 0
EVP_PKEY_get1_EC_KEY 0000000000000000 0
deflate 0000000000000000 0
RSA_get_default_method 0000000000000000 0
getservbyname@GLIBC_2.2.5 0000000000000000 0
dlclose 0000000000000000 0
memset@GLIBC_2.2.5 0000000000000000 0
fscanf@GLIBC_2.2.5 0000000000000000 0
BN_CTX_free 0000000000000000 0
ioctl@GLIBC_2.2.5 0000000000000000 0
EC_GROUP_get_order 0000000000000000 0
alarm@GLIBC_2.2.5 0000000000000000 0
close@GLIBC_2.2.5 0000000000000000 0
ECDSA_SIG_free 0000000000000000 0
pipe@GLIBC_2.2.5 0000000000000000 0
getnameinfo@GLIBC_2.2.5 0000000000000000 0
strspn@GLIBC_2.2.5 0000000000000000 0
BN_add_word 0000000000000000 0
DSA_free 0000000000000000 0
BN_CTX_start 0000000000000000 0
fputc@GLIBC_2.2.5 0000000000000000 0
BN_dup 0000000000000000 0
__strdup@GLIBC_2.2.5 0000000000000000 0
RSAPublicKey_dup 0000000000000000 0
memchr@GLIBC_2.2.5 0000000000000000 0
read@GLIBC_2.2.5 0000000000000000 0
EVP_DigestInit_ex 0000000000000000 0
EVP_aes_192_ctr 0000000000000000 0
memcmp@GLIBC_2.2.5 0000000000000000 0
fgets@GLIBC_2.2.5 0000000000000000 0
BN_is_bit_set 0000000000000000 0
getsockopt@GLIBC_2.2.5 0000000000000000 0
DH_new 0000000000000000 0
DSA_SIG_free 0000000000000000 0
__asprintf_chk@GLIBC_2.8 0000000000000000 0
EVP_aes_128_ctr 0000000000000000 0
calloc@GLIBC_2.2.5 0000000000000000 0
BN_free 0000000000000000 0
EC_KEY_generate_key 0000000000000000 0
EVP_CIPHER_CTX_free 0000000000000000 0
__getdelim@GLIBC_2.2.5 0000000000000000 0
ECDSA_SIG_new 0000000000000000 0
strcmp@GLIBC_2.2.5 0000000000000000 0
EVP_aes_256_ctr 0000000000000000 0
deflateInit_ 0000000000000000 0
EC_KEY_set_private_key 0000000000000000 0
RSA_blinding_on 0000000000000000 0
BN_copy 0000000000000000 0
getpwnam@GLIBC_2.2.5 0000000000000000 0
__strndup@GLIBC_2.2.5 0000000000000000 0
EC_GROUP_new_by_curve_nam 0000000000000000 0
BN_print_fp 0000000000000000 0
__memcpy_chk@GLIBC_2.3.4 0000000000000000 0
RSA_meth_set_priv_enc 0000000000000000 0
feof@GLIBC_2.2.5 0000000000000000 0
DSA_set0_pqg 0000000000000000 0
__gmon_start__ 0000000000000000 0
umask@GLIBC_2.2.5 0000000000000000 0
ECDSA_do_sign 0000000000000000 0
DSA_do_verify 0000000000000000 0
strtol@GLIBC_2.2.5 0000000000000000 0
mbtowc@GLIBC_2.2.5 0000000000000000 0
X509_get_pubkey 0000000000000000 0
memcpy@GLIBC_2.14 0000000000000000 0
BN_bn2hex 0000000000000000 0
RSA_meth_dup 0000000000000000 0
SSLeay 0000000000000000 0
EVP_MD_CTX_copy_ex 0000000000000000 0
EVP_CIPHER_CTX_iv_length 0000000000000000 0
BN_CTX_new 0000000000000000 0
prctl@GLIBC_2.2.5 0000000000000000 0
inflateEnd 0000000000000000 0
DH_free 0000000000000000 0
EC_POINT_cmp 0000000000000000 0
EVP_DigestUpdate 0000000000000000 0
time@GLIBC_2.2.5 0000000000000000 0
EC_KEY_get0_group 0000000000000000 0
select@GLIBC_2.2.5 0000000000000000 0
tcgetpgrp@GLIBC_2.2.5 0000000000000000 0
__xstat@GLIBC_2.2.5 0000000000000000 0
bcrypt_pbkdf 0000000000000000 0
reallocarray 0000000000000000 0
wcwidth@GLIBC_2.2.5 0000000000000000 0
timingsafe_bcmp 0000000000000000 0
RSA_public_decrypt 0000000000000000 0
_ssh_compat_realpath 0000000000000000 0
EVP_PKEY_get1_RSA 0000000000000000 0
malloc@GLIBC_2.2.5 0000000000000000 0
strncasecmp@GLIBC_2.2.5 0000000000000000 0
fflush@GLIBC_2.2.5 0000000000000000 0
ECDSA_SIG_get0 0000000000000000 0
EC_KEY_set_asn1_flag 0000000000000000 0
nl_langinfo@GLIBC_2.2.5 0000000000000000 0
DSA_set0_key 0000000000000000 0
__vasprintf_chk@GLIBC_2.8 0000000000000000 0
DSA_generate_parameters_e 0000000000000000 0
BIO_new 0000000000000000 0
BIO_ctrl 0000000000000000 0
__fxstat@GLIBC_2.2.5 0000000000000000 0
BIO_free 0000000000000000 0
listen@GLIBC_2.2.5 0000000000000000 0
sscanf@GLIBC_2.2.5 0000000000000000 0
EC_GROUP_method_of 0000000000000000 0
EC_METHOD_get_field_type 0000000000000000 0
getpeereid 0000000000000000 0
mktime@GLIBC_2.2.5 0000000000000000 0
mkstemp@GLIBC_2.2.5 0000000000000000 0
strpbrk@GLIBC_2.2.5 0000000000000000 0
strlcpy 0000000000000000 0
DSA_get0_key 0000000000000000 0
fseek@GLIBC_2.2.5 0000000000000000 0
PEM_write_bio_DSAPrivateK 0000000000000000 0
DH_get0_pqg 0000000000000000 0
DH_compute_key 0000000000000000 0
DH_generate_key 0000000000000000 0
deflateEnd 0000000000000000 0
dlerror 0000000000000000 0
AES_encrypt 0000000000000000 0
__vsnprintf_chk@GLIBC_2.3.4 0000000000000000 0
RSA_get0_key 0000000000000000 0
DH_set_length 0000000000000000 0
EVP_Digest 0000000000000000 0
BN_bn2bin 0000000000000000 0
RSA_new 0000000000000000 0
EC_POINT_point2oct 0000000000000000 0
PEM_write_bio_RSAPrivateK 0000000000000000 0
EVP_CIPHER_CTX_ctrl 0000000000000000 0
realloc@GLIBC_2.2.5 0000000000000000 0
EVP_MD_CTX_new 0000000000000000 0
RSA_get0_factors 0000000000000000 0
fdopen@GLIBC_2.2.5 0000000000000000 0
strtonum 0000000000000000 0
recvmsg@GLIBC_2.2.5 0000000000000000 0
EC_GROUP_get_curve_name 0000000000000000 0
setlocale@GLIBC_2.2.5 0000000000000000 0
EVP_aes_256_gcm 0000000000000000 0
cfgetospeed@GLIBC_2.2.5 0000000000000000 0
ssh_compatible_openssl 0000000000000000 0
dlsym 0000000000000000 0
inflateInit_ 0000000000000000 0
poll@GLIBC_2.2.5 0000000000000000 0
DH_size 0000000000000000 0
bind@GLIBC_2.2.5 0000000000000000 0
readv@GLIBC_2.2.5 0000000000000000 0
EVP_aes_128_cbc 0000000000000000 0
strftime@GLIBC_2.2.5 0000000000000000 0
EVP_CIPHER_CTX_new 0000000000000000 0
memmove@GLIBC_2.2.5 0000000000000000 0
__syslog_chk@GLIBC_2.4 0000000000000000 0
EC_KEY_free 0000000000000000 0
X509_free 0000000000000000 0
EVP_des_ede3_cbc 0000000000000000 0
BN_cmp 0000000000000000 0
DSA_generate_key 0000000000000000 0
waitpid@GLIBC_2.2.5 0000000000000000 0
tcgetattr@GLIBC_2.2.5 0000000000000000 0
getpgrp@GLIBC_2.2.5 0000000000000000 0
tcsetattr@GLIBC_2.2.5 0000000000000000 0
d2i_X509 0000000000000000 0
DSA_SIG_get0 0000000000000000 0
BN_set_bit 0000000000000000 0
open@GLIBC_2.2.5 0000000000000000 0
EVP_sha384 0000000000000000 0
EVP_PKEY_get0_RSA 0000000000000000 0
BN_rshift 0000000000000000 0
EC_POINT_is_at_infinity 0000000000000000 0
BN_lshift 0000000000000000 0
BN_mod_word 0000000000000000 0
fopen@GLIBC_2.2.5 0000000000000000 0
cfsetispeed@GLIBC_2.2.5 0000000000000000 0
strnvis 0000000000000000 0
RSA_set0_factors 0000000000000000 0
__b64_ntop 0000000000000000 0
EVP_MD_CTX_md 0000000000000000 0
strcasestr@GLIBC_2.2.5 0000000000000000 0
PEM_write_bio_ECPrivateKe 0000000000000000 0
_Jv_RegisterClasses 0000000000000000 0
rename@GLIBC_2.2.5 0000000000000000 0
EVP_CIPHER_CTX_set_key_le 0000000000000000 0
gmtime@GLIBC_2.2.5 0000000000000000 0
vis 0000000000000000 0
EVP_CIPHER_CTX_set_iv 0000000000000000 0
ERR_get_error 0000000000000000 0
accept@GLIBC_2.2.5 0000000000000000 0
getsockname@GLIBC_2.2.5 0000000000000000 0
RSA_sign 0000000000000000 0
strtoul@GLIBC_2.2.5 0000000000000000 0
EC_GROUP_get_degree 0000000000000000 0
openlog@GLIBC_2.2.5 0000000000000000 0
RSA_meth_set_priv_dec 0000000000000000 0
gethostname@GLIBC_2.2.5 0000000000000000 0
RSA_meth_set1_name 0000000000000000 0
link@GLIBC_2.2.5 0000000000000000 0
PEM_read_bio_PrivateKey 0000000000000000 0
getppid@GLIBC_2.2.5 0000000000000000 0
exit@GLIBC_2.2.5 0000000000000000 0
connect@GLIBC_2.2.5 0000000000000000 0
fwrite@GLIBC_2.2.5 0000000000000000 0
__fprintf_chk@GLIBC_2.3.4 0000000000000000 0
EC_KEY_set_group 0000000000000000 0
ssh_libcrypto_init 0000000000000000 0
EC_GROUP_cmp 0000000000000000 0
_ITM_registerTMCloneTable 0000000000000000 0
getrrsetbyname 0000000000000000 0
BN_div 0000000000000000 0
freerrset 0000000000000000 0
mysignal 0000000000000000 0
EVP_CIPHER_CTX_key_length 0000000000000000 0
getaddrinfo@GLIBC_2.2.5 0000000000000000 0
BIO_write 0000000000000000 0
program_invocation_short_@GLIBC_2.2.5 0000000000000000 0
BN_clear_free 0000000000000000 0
execlp@GLIBC_2.2.5 0000000000000000 0
strerror@GLIBC_2.2.5 0000000000000000 0
EVP_sha256 0000000000000000 0
EC_POINT_free 0000000000000000 0
EC_POINT_new 0000000000000000 0
kludge_FD_ISSET 0000000000000000 0
ECDH_compute_key 0000000000000000 0
__b64_pton 0000000000000000 0
strptime@GLIBC_2.2.5 0000000000000000 0
__cxa_finalize@GLIBC_2.2.5 0000000000000000 0
BIO_s_mem 0000000000000000 0
fork@GLIBC_2.2.5 0000000000000000 0
EC_KEY_new_by_curve_name 0000000000000000 0
DSA_do_sign 0000000000000000 0
RSA_set0_key 0000000000000000 0
RSA_get_ex_new_index 0000000000000000 0
__ctype_tolower_loc@GLIBC_2.3 0000000000000000 0
__ctype_b_loc@GLIBC_2.3 0000000000000000 0
DSA_get0_pqg 0000000000000000 0
freeaddrinfo@GLIBC_2.2.5 0000000000000000 0
EVP_MD_block_size 0000000000000000 0
stderr@GLIBC_2.2.5 0000000000000000 0
socket@GLIBC_2.2.5 0000000000000000 0
X509_new 0000000000000000 0
crypto_verify_32 000000000004f540 301
channel_after_select 000000000002bc50 19
pkcs11_terminate 0000000000048e10 111
sshbuf_get_u32 000000000001e0f0 68
sshkey_save_private 00000000000250d0 282
cipher_by_name 000000000002f860 81
sshpkt_put_ec 0000000000038500 12
dh_new_group 0000000000044620 81
crypto_sign_ed25519_ref_s 000000000004df10 694
error 0000000000032570 190
log_is_on_stderr 0000000000032180 24
sshbuf_allocate 0000000000016f60 179
ssh_packet_send2 0000000000037270 644
ssh_packet_get_connection 00000000000362f0 6
dispatch_protocol_error 000000000003cce0 122
bitmap_to_string 0000000000023de0 188
channel_cancel_lport_list 000000000002d780 485
platform_disable_tracing 0000000000056500 41
ssh_digest_copy_state 000000000004c300 54
chacha_keysetup 000000000004b1c0 240
sshkey_set_filename 000000000001e030 10
sshbuf_get_u8 000000000001e190 68
get_local_port 00000000000260f0 10
ssh_packet_get_maxsize 0000000000037d80 10
kex_names_valid 000000000004f9b0 260
chacha_ivsetup 000000000004b2b0 56
crypto_sign_ed25519_ref_f 000000000004e7e0 33
put_u32 000000000003f000 28
addr_match_cidr_list 000000000003c6d0 579
exited_cleanly 0000000000040280 253
sshkey_parse_private_file 000000000001df20 165
forward_equals 000000000003fc70 197
replacearg 000000000003e790 265
channel_close_fd 0000000000029ca0 134
tilde_expand_filename 000000000003e900 368
pwcopy 000000000003dd10 113
_init 00000000000120a8 0
ssh_packet_have_data_to_w 0000000000037910 30
sshkey_write 00000000000192b0 159
sshkey_load_private 00000000000255e0 231
sshpkt_get 0000000000038520 12
colon 000000000003e2a0 125
sshbuf_reserve 0000000000017020 79
channel_free_all 000000000002af60 204
crypto_sign_ed25519_ref_f 000000000004ee20 620
xrecallocarray 000000000003bd80 47
sshkey_fromb 000000000001c190 10
sshpkt_add_padding 0000000000039bd0 13
match_list 0000000000033160 569
do_log 0000000000032210 852
sshpkt_get_u64 0000000000038550 12
sshkey_from_private 00000000000197b0 1172
log_level_number 0000000000031e90 104
unset_nonblock 000000000003da30 190
kex_prop_free 000000000004fef0 58
sshkey_format_text 0000000000019220 130
crypto_sign_ed25519_ref_p 000000000004d990 164
sshbuf_alloc 00000000000169e0 5
sshbuf_dump 000000000001efa0 80
sshkey_private_serialize_ 000000000001ab00 783
xstrdup 000000000003bdb0 49
channel_permit_all 000000000002e0e0 67
cleanup_exit 0000000000030040 9
dh_new_group14 00000000000446a0 19
dh_new_group16 00000000000446c0 19
a2tun 000000000003de00 249
dh_new_group18 00000000000446e0 19
sshkey_generate 00000000000194d0 726
channel_by_remote_id 0000000000028a90 65
ssh_packet_set_nonblockin 00000000000362c0 34
channel_update_permission 000000000002e2d0 182
ssh_ecdsa_verify 0000000000042fb0 781
sshkey_froms 000000000001c630 93
kex_dh_keypair 0000000000051da0 168
kex_kem_sntrup4591761x255 0000000000055730 188
sshkey_ec_nid_to_hash_alg 0000000000018080 71
ssh_krl_to_blob 0000000000021fd0 3088
crypto_sign_ed25519_ref_s 000000000004cdb0 211
sshbuf_get_ec 000000000001f4a0 141
tun_open 000000000003edc0 5
cipher_ivlen 000000000002f820 18
sshpkt_put_string 00000000000384c0 12
waitrfd 000000000003f260 201
sshkey_puts_opts 0000000000018790 87
safe_path 0000000000040380 552
ssh_packet_set_mux 0000000000035f80 24
channel_init_channels 0000000000028880 409
ssh_lock_agent 00000000000242d0 249
argv_split 000000000003fdc0 599
sshbuf_get 000000000001e040 93
xasprintf 000000000003bdf0 217
monotime 000000000003f440 58
channel_close_all 000000000002a710 77
atomicio6 000000000003cb30 347
sshbuf_put_u8 000000000001e9c0 75
umac128_final 0000000000047a10 1191
channel_setup_local_fwd_l 000000000002d970 50
mm_receive_fd 0000000000041c40 483
stop_progress_meter 0000000000045550 88
platform_pledge_agent 00000000000564d0 2
channel_request_remote_fo 000000000002dc00 523
chop 000000000003d920 52
channel_register_status_c 000000000002b460 119
sshbuf_put_cstring 000000000001ead0 52
crypto_kem_sntrup4591761_ 0000000000053dc0 1493
rijndaelEncrypt 00000000000422a0 1099
fmprintf 00000000000417c0 177
umac128_delete 00000000000475f0 54
channel_input_oclose 000000000002cf00 164
crypto_kem_sntrup4591761_ 0000000000055510 531
tohex 000000000003eea0 195
ssh_packet_close 00000000000369e0 10
poly1305_auth 000000000004ab70 1602
ssh_clear_newkeys 00000000000366b0 62
sshbuf_consume 0000000000017070 208
sshbuf_dup_string 000000000001f2b0 186
channel_request_start 000000000002b370 238
mm_choose_dh 0000000000015470 3
host_hash 0000000000030950 751
pkcs11_interactive 000000000028ce60 4
ssh_dss_sign 00000000000426f0 691
chan_is_dead 0000000000035350 521
ssh_rsa_verify 0000000000043950 1285
cleanhostname 000000000003e270 43
sshpkt_getb_froms 00000000000384f0 12
sshkey_ec_validate_privat 000000000001c690 255
channel_send_open 000000000002b2e0 143
platform_pledge_sftp_serv 00000000000564e0 2
ssh_packet_connection_is_ 00000000000360b0 289
ssh_update_card 0000000000024c50 345
ssh_ecdsa_sign 0000000000042d20 655
crypto_sign_ed25519_ref_f 000000000004e2b0 30
ssh_krl_check_key 0000000000022be0 87
snmprintf 0000000000041640 244
get_peer_ipaddr 0000000000025fd0 48
ssh_packet_is_rekeying 0000000000035e00 38
mac_setup 000000000003d010 217
x11_connect_display 000000000002efe0 1087
ssh_set_newkeys 0000000000036a00 769
sshpkt_fmt_connection_id 0000000000037590 124
_ssh_host_key_sign 0000000000015430 40
crypto_sign_ed25519_ref_s 000000000004cca0 46
sshkey_curve_name_to_nid 0000000000017b30 124
chan_rcvd_oclose 00000000000350c0 272
digests 000000000028aca0 192
sshbuf_get_u64 000000000001e0a0 68
crypto_sign_ed25519_ref_f 000000000004e870 154
ssh_get_app_data 00000000000157b0 8
cipher_get_keyiv_len 000000000002fe90 49
channel_open_message 000000000002a970 649
chachapoly_get_length 000000000004bc90 176
sshbuf_put_ec 000000000001f740 252
sshpkt_msg_ignore 0000000000038690 141
kex_c25519_dec 00000000000529f0 143
sshbuf_get_stringb 000000000001e530 126
ssh_output_consume 00000000000159e0 21
unix_listener 000000000003f9c0 520
ssh_malloc_init 000000000003bc90 2
ssh_remote_port 0000000000036510 14
ssh_krl_revoke_cert_by_se 0000000000021510 1303
sshbuf_putb 000000000001e630 47
umac128_update 0000000000047ec0 429
kex_send_newkeys 00000000000500c0 304
sshbuf_putf 000000000001e780 177
crypto_sign_ed25519_ref_s 000000000004cbc0 27
sshkey_putb 0000000000018780 7
_ssh_send_banner 0000000000015cf0 142
sshbuf_put_eckey 000000000001f840 47
cipher_seclen 000000000002f7e0 40
sshkey_load_private_cert 00000000000258c0 319
sshbuf_free 0000000000016820 198
sshkey_type_is_cert 0000000000017690 52
kex_ecdh_enc 00000000000525a0 249
kex_gen_server 00000000000564a0 42
set_log_handler 0000000000032200 15
ssh_packet_log_type 0000000000036d10 13
ssh_packet_get_connection 0000000000036300 7
sshkey_load_file 00000000000251f0 353
bitmap_new 0000000000023bd0 88
put_u64 000000000003efb0 74
crypto_sign_ed25519_ref_s 000000000004cb40 119
sshkey_free 00000000000180d0 226
kex_ready 0000000000050f60 98
ssh_krl_revoke_key_explic 0000000000021e20 129
log_level_get 0000000000031dd0 7
parse_ipqos 000000000003f850 186
sshkey_type 0000000000017640 69
channel_proxy_downstream 000000000002c1a0 1591
compat_pkalg_proposal 0000000000030280 137
sshbuf_b64tod 000000000001f1c0 228
timeout_connect 000000000003f330 268
kex_free 0000000000050e30 178
chachapoly_crypt 000000000004b990 762
kex_setup 0000000000050fd0 74
pkcs11_del_provider 0000000000048e80 100
sshkey_puts 00000000000187f0 7
atomiciov 000000000003ccd0 11
ssh_krl_set_comment 00000000000214d0 49
sshpkt_get_end 00000000000385c0 32
free_hostkeys 0000000000030f10 141
sshbuf_get_cstring 000000000001e3f0 307
sshkey_ecdsa_bits_to_nid 0000000000017ca0 47
sshbuf_dtob64 000000000001f0f0 201
sshkey_sign 000000000001a040 124
bitmap_nbytes 0000000000023dc0 22
crypto_sign_ed25519_ref_s 000000000004cf00 301
ssh_digest_free 000000000004c440 34
crypto_sign_ed25519_ref_s 000000000004d030 315
sshbuf_fromb 0000000000016d30 199
_edata 000000000028c77c 0
ssh_packet_send2_wrapped 0000000000036d20 1350
sshkey_ssh_name_plain 0000000000017ae0 73
ssh_remote_ipaddr 0000000000036310 182
ssh_digest_blocksize 000000000004c2e0 28
sshbuf_max_size 00000000000169d0 5
child_set_env 0000000000040680 577
sshkey_alg_list 00000000000177f0 305
sshkey_names_valid2 0000000000017930 279
sshkey_cert_check_authori 000000000001a7e0 331
xcalloc 000000000003bce0 103
ssh_packet_write_wait 0000000000037930 442
get_u32_le 000000000003ef90 3
bandwidth_limit_init 000000000003f4e0 52
kex_verify_host_key 00000000000514d0 97
x11_create_display_inet 000000000002eb70 1131
channel_new 0000000000028b80 547
umac128_ctx 000000000028d480 1680
sshkey_cert_copy 0000000000019c50 496
ssh_packet_next 0000000000016110 200
sshbuf_froms 000000000001eb40 233
do_log2 0000000000032aa0 177
sshkey_format_cert_validi 000000000001a930 454
sshbuf_put_stringb 000000000001eb10 47
hpdelim2 000000000003e180 223
_ssh_exchange_banner 0000000000015fd0 315
sshbuf_dump_data 000000000001ee50 328
sshkey_certify 000000000001a7d0 15
crypto_sign_ed25519_ref_f 000000000004e700 215
ssh_hmac_bytes 000000000004c610 5
channel_input_status_conf 000000000002d4b0 314
kexgex_server 0000000000053610 42
ssh_msg_send 0000000000044a70 210
kex_prop2buf 000000000004fe70 118
umac_final 0000000000046850 848
kex_start_rekex 0000000000051020 100
ssh_agent_sign 00000000000246e0 659
dh_new_group1 0000000000044680 19
refresh_progress_meter 0000000000045470 59
_ssh_read_banner 0000000000015a40 687
match_usergroup_pattern_l 0000000000032fa0 7
channel_input_ieof 000000000002ce20 220
ssh_output_ptr 00000000000159b0 43
ssh_packet_read_seqnr 0000000000039740 515
bitmap_test_bit 0000000000023c90 52
kex_c25519_keypair 00000000000527f0 156
sshbuf_reset 00000000000168f0 213
chan_write_failed 00000000000351d0 366
sshkey_parse_private_file 000000000001dfd0 43
umac128_new 0000000000047630 990
channel_set_af 000000000002d5f0 14
_ssh_verify_host_key 0000000000015390 148
uudecode 000000000003d500 115
kex_load_hostkey 0000000000051450 127
ssh_packet_put 0000000000015970 62
sshkey_load_cert 00000000000257f0 196
ssh_packet_get_rekey_time 0000000000037dc0 45
ssh_dispatch_init 000000000003cd80 30
ssh_packet_set_tos 0000000000037b40 254
mac_alg_list 000000000003cf40 194
ssh_rsa_sign 0000000000043610 823
ssh_dispatch_run_fatal 000000000003cf10 43
kexc25519_shared_key 00000000000527e0 7
cipher_blocksize 000000000002f7c0 4
kexgex_hash 0000000000052040 620
ssh_packet_get_state 0000000000037e40 564
mm_send_fd 0000000000041ab0 400
sshpkt_put_u32 00000000000384a0 12
dump_base64 000000000003d580 297
sshkey_dump_ec_point 000000000001db20 376
dh_new_group_asc 0000000000044550 201
sshkey_curve_nid_to_name 0000000000017cd0 54
ssh_dss_verify 00000000000429b0 873
sshpkt_put_bignum2 0000000000038510 12
sshkey_equal_public 00000000000183f0 695
cipher_keylen 000000000002f7d0 4
chan_obuf_empty 0000000000034f20 151
chan_ibuf_empty 0000000000034e80 151
ssh_krl_revoke_key_sha256 0000000000021f00 74
ssh_alloc_session_state 0000000000035c30 419
put_host_port 000000000003e0e0 156
lookup_key_in_hostkeys_by 0000000000030fc0 30
ssh_digest_bytes 000000000004c2b0 44
umac_delete 0000000000046490 54
ssh_init 0000000000015560 572
sshbuf_set_max_size 0000000000016a10 398
sshkey_sigalg_by_name 0000000000019eb0 212
sshkey_check_cert_sigtype 0000000000019e40 103
match_pattern 0000000000032b60 222
logit 00000000000326e0 190
valid_env_name 0000000000040d40 84
set_nodelay 000000000003db30 244
addr_match_list 000000000003c500 464
channel_input_data 000000000002ca20 496
vfmprintf 0000000000041740 124
compat_datafellows 0000000000030050 166
sshkey_drop_cert 000000000001a1d0 52
ssh_packet_send_debug 0000000000038810 400
channel_connect_by_listen 000000000002e3c0 487
ciphers_valid 000000000002f8c0 199
umac_ctx 000000000028ce80 1528
datafellows 000000000028c7a0 4
sshkey_load_private_type_ 0000000000025460 127
ssh_packet_is_interactive 0000000000037cb0 10
sshkey_ec_validate_public 000000000001b530 528
ssh_local_port 0000000000036640 14
crypto_sign_ed25519_ref_f 000000000004e2d0 243
kex_assemble_names 000000000004fc60 528
uuencode 000000000003d4f0 7
bitmap_free 0000000000023c60 37
channel_input_window_adju 000000000002d370 316
hostkeys_foreach 0000000000031040 1907
get_u16 000000000003efa0 8
ssh_packet_get_output 0000000000037e30 8
sshbuf_get_bignum2_bytes_ 000000000001ed60 229
hpdelim 000000000003e260 7
sshkey_verify 000000000001a0e0 108
dh_new_group_fallback 0000000000044700 108
ssh_digest_update_buffer 000000000004c370 47
sshkey_type_plain 0000000000017a70 99
sshpkt_putb 0000000000038480 12
ssh_dispatch_range 000000000003cda0 40
monotime_double 000000000003f480 87
umac_update 0000000000046ba0 405
sshbuf_get_string_direct 000000000001e280 158
ssh_packet_set_timeout 0000000000035f30 75
channel_connect_by_listen 000000000002e5b0 178
sshkey_new 00000000000182e0 268
chan_rcvd_eow 0000000000034fc0 87
umac_new 00000000000464d0 890
sshkey_size 0000000000017be0 185
ssh_krl_set_version 00000000000214c0 4
addargs 000000000003e640 328
ssh_hmac_update 000000000004c700 9
xmalloc 000000000003bca0 50
bitmap_clear_bit 0000000000023d20 58
log_init 0000000000031f80 501
atomicio 000000000003cc90 11
get_local_name 0000000000026030 167
channel_output_poll 000000000002bc70 1321
channel_cancel_cleanup 000000000002b580 62
match_pattern_list 0000000000032c40 558
cipher_is_cbc 000000000002f840 7
ssh_krl_revoke_key 0000000000021f50 113
kex_gen_client 00000000000563c0 223
get_rdomain 000000000003dcc0 3
sshkey_load_private_type 00000000000254e0 249
sshbuf_avail 0000000000016c20 142
ssh_packet_set_protocol_f 0000000000036690 7
mac_valid 000000000003d430 180
ssh_packet_read_expect 00000000000399c0 107
sshkey_ssh_name 00000000000176d0 72
sshkey_certify_custom 000000000001a210 1457
atoi_err 0000000000040da0 111
ssh_packet_set_connection 00000000000363d0 310
sshkey_to_blob 0000000000018810 7
sshpkt_get_bignum2 00000000000385b0 12
crypto_sign_ed25519_ref_f 000000000004e840 34
channel_setup_remote_fwd_ 000000000002d9b0 584
kex_exchange_identificati 0000000000051540 1753
channel_input_open_failur 000000000002d150 544
sshkey_to_certified 000000000001a150 118
kex_free_newkeys 0000000000050d40 234
crypto_sign_ed25519_open 000000000004f3b0 397
sshpkt_disconnect 00000000000389a0 322
daemonized 000000000003fd40 114
match_host_and_ip 0000000000032ff0 119
sshkey_dump_ec_key 000000000001dca0 156
channel_input_open_confir 000000000002cfb0 413
ssh_hmac_update_buffer 000000000004c710 9
monotime_ts 000000000003f090 200
channel_clear_permission 000000000002e220 104
crypto_sign_ed25519_ref_s 000000000004ce90 97
sshbuf_mutable_ptr 0000000000016e00 150
ssh_ed25519_verify 000000000004bf30 764
monotime_tv 000000000003f160 102
dh_pub_is_valid 00000000000442a0 446
kex_kem_sntrup4591761x255 00000000000557f0 573
channel_by_id 0000000000028a20 103
chan_mark_dead 0000000000035340 7
sshkey_check_revoked 0000000000025c20 86
strdelimw 000000000003dd00 7
sshkey_read 000000000001c1a0 1158
ssh_packet_connection_af 0000000000036210 169
ssh_free 0000000000015480 212
kex_dh_enc 0000000000051f30 262
ssh_packet_disconnect 0000000000039a30 402
sock_set_v6only 000000000003fbd0 148
kex_alg_list 000000000004f8e0 194
ssh_packet_not_very_much_ 0000000000037af0 70
ssh_krl_file_contains_key 00000000000239a0 356
ssh_fetch_identitylist 0000000000024440 666
get_u32 000000000003ef80 5
sshkey_private_deserializ 000000000001c790 2052
ssh_packet_get_input 0000000000037e20 8
crypto_sign_ed25519_ref_f 000000000004e4e0 468
cipher_get_keyiv 000000000002fed0 213
bitmap_nbits 0000000000023d60 88
sshpkt_send 0000000000038720 237
get_peer_port 00000000000260e0 7
sshbuf_get_string 000000000001e320 200
rq_recip3 0000000000054a00 2820
sshpkt_put_u64 00000000000384b0 12
sshkey_putb_plain 0000000000018800 10
sshbuf_len 0000000000016ba0 126
mac_clear 000000000003d3d0 96
sshbuf_put_bignum2_bytes 000000000001ec30 298
kex_ecdh_dec 00000000000526a0 68
start_progress_meter 00000000000454b0 160
chacha_encrypt_bytes 000000000004b2f0 1612
channel_format_extended_u 000000000002a920 65
kex_dh_compute_key 0000000000051ca0 248
kexgex_client 0000000000052f70 251
ssh_packet_clear_keys 00000000000369f0 7
kex_input_ext_info 00000000000501f0 452
hostfile_replace_entries 0000000000031890 1331
ssh_packet_rdomain_in 0000000000036650 64
ssh_packet_set_authentica 0000000000037e10 14
crypto_sign_ed25519_ref_f 000000000004e6c0 49
crypto_sign_ed25519_ref_f 000000000004eae0 827
sshbuf_parent 00000000000169f0 5
pkcs11_init 0000000000048df0 30
sshkey_is_cert 0000000000017a50 19
sshbuf_put_u16 000000000001e960 88
sshbuf_consume_end 0000000000017140 180
ssh_krl_from_blob 0000000000022c40 3422
ssh_err 00000000000161e0 984
read_passphrase 0000000000039be0 1169
sshpkt_get_string_direct 0000000000038570 12
hostfile_read_key 0000000000030e10 210
ssh_get_authentication_so 0000000000024180 288
crypto_sign_ed25519_ref_f 000000000004e810 33
platform_sys_dir_uid 0000000000056530 8
channel_register_cleanup 000000000002b530 73
ssh_packet_payload 0000000000015960 5
cipher_init 000000000002f9a0 477
chan_rcvd_ieof 0000000000035020 147
parse_user_host_path 000000000003e320 361
ssh_hmac_start 000000000004c810 156
crypto_sign_ed25519 000000000004f1d0 479
put_u32_le 000000000003f020 27
log_facility_number 0000000000031de0 104
sshkey_private_serialize 000000000001b520 7
verbose 00000000000327a0 190
bitmap_zero 0000000000023c30 36
channel_request_rforward_ 000000000002de10 718
set_nonblock 000000000003d960 196
cipher_crypt 000000000002fb80 580
ssh_krl_init 0000000000020d10 69
sshkey_equal 00000000000186b0 196
ssh_digest_memory 000000000004c510 174
dispatch_protocol_ignore 000000000003cd60 29
log_change_level 0000000000031f50 46
sshbuf_putfv 000000000001e660 287
sshbuf_refcount 0000000000016a00 4
ssh_krl_revoke_cert_by_se 0000000000021a30 8
ssh_digest_update 000000000004c340 34
crypto_sign_ed25519_ref_f 000000000004e230 116
parse_uri 0000000000040a40 767
_ssh_order_hostkeyalgs 0000000000015d80 584
prime_test 0000000000033ff0 2542
sanitise_stdfd 000000000003edd0 204
crypto_sign_ed25519_ref_f 000000000004e990 307
ssh_packet_set_log_preamb 0000000000035fb0 252
crypto_scalarmult_curve25 000000000004a140 2596
crypto_sign_ed25519_ref_s 000000000004cbe0 89
ssh_hmac_init 000000000004c620 213
verify_host_key_dns 00000000000456b0 1068
argv_assemble 0000000000040020 605
proto_spec 0000000000030100 231
permitopen_port 000000000002e390 45
crypto_sign_ed25519_ref_f 000000000004e3d0 260
crypto_sign_ed25519_ref_i 000000000004da40 57
ssh_msg_recv 0000000000044b50 333
sshkey_signatures_left 000000000001e010 3
ssh_packet_set_maxsize 0000000000037cc0 133
ssh_packet_read_poll2 0000000000038bb0 2429
get_local_ipaddr 0000000000026000 48
ssh_digest_start 000000000004c470 156
ssh_packet_get_mux 0000000000035fa0 10
ssh_rsa_complete_crt_para 00000000000433c0 583
kex_send_kexinit 00000000000503c0 194
parse_absolute_time 0000000000040e10 409
mac_init 000000000003d0f0 134
mktemp_proto 000000000003f7c0 134
crypto_sign_ed25519_ref_g 000000000007bd00 512
ssh_gai_strerror 000000000003daf0 59
sshkey_ecdsa_key_to_nid 0000000000019380 332
dh_estimate 0000000000044a40 44
ssh_set_app_data 00000000000157a0 8
sshpkt_put_cstring 00000000000384d0 12
channel_connect_to_path 000000000002e920 285
r3_recip 00000000000545c0 1081
ssh_dispatch_run 000000000003cde0 292
ssh_packet_set_interactiv 0000000000037c40 102
ms_subtract_diff 000000000003f1d0 131
sshbuf_put_u32 000000000001e8f0 111
compat_cipher_proposal 00000000000301f0 137
session_id2_len 000000000028c788 4
x11_request_forwarding_wi 000000000002f420 677
channel_register_open_con 000000000002b4e0 73
kex_ecdh_keypair 00000000000524b0 232
sshkey_check_sigtype 0000000000019f90 172
chachapoly_init 000000000004b940 70
mprintf 0000000000041880 195
ssh_packet_read 0000000000039950 98
export_dns_rr 0000000000045ae0 409
channel_stop_listening 000000000002b030 140
lowercase 000000000003f980 52
channel_cancel_rport_list 000000000002d600 371
ssh_digest_alg_by_name 000000000004c230 66
crypto_sign_ed25519_ref_f 000000000004e910 114
cipher_authlen 000000000002f810 4
get_u64 000000000003ef70 7
sshkey_plain_to_blob 0000000000018820 10
channel_set_fds 000000000002b630 291
channel_register_filter 000000000002b5c0 101
ssh_input_append 0000000000015930 37
channel_prepare_select 000000000002b850 1020
ssh_krl_revoke_cert_by_ke 0000000000021a40 991
sshkey_ecdsa_nid_from_nam 0000000000017790 90
mm_sshkey_sign 0000000000015460 6
match_filter_whitelist 00000000000333b0 7
crypto_sign_ed25519_ref_u 000000000004d760 556
kex_input_kexinit 0000000000050490 2222
sshbuf_new 0000000000016630 112
sshkey_enable_maxsign 000000000001e020 6
channel_connect_stdio_fwd 000000000002b760 216
cipher_free 000000000002fe10 122
ssh_output_space 0000000000015a00 30
kex_derive_keys 0000000000051090 945
crypto_sign_ed25519_ref_d 000000000004da80 1162
platform_pledge_mux 00000000000564f0 2
a2port 000000000003dd90 110
mac_check 000000000003d350 118
crypto_sign_ed25519_ref_s 000000000004cd80 48
kexc25519_shared_key_ext 0000000000052720 188
sshpkt_get_string 0000000000038560 12
sshkey_cert_type 0000000000019350 42
parse_user_host_port 000000000003e490 422
rijndaelKeySetupEnc 0000000000041e30 1131
channel_find_open 000000000002a8a0 118
dh_gen_key 0000000000044460 236
channel_proxy_upstream 000000000002c7e0 575
ssh_krl_free 0000000000020d60 1884
ssh_packet_set_input_hook 0000000000035de0 18
bitmap_set_bit 0000000000023cd0 70
ssh_krl_revoke_key_sha1 0000000000021eb0 74
ssh_packet_process_incomi 0000000000037500 97
sshkey_type_from_name 0000000000017720 99
debug2 0000000000032920 190
ssh_packet_remaining 0000000000037570 21
channel_not_very_much_buf 000000000002a760 163
debug3 00000000000329e0 190
ssh_dispatch_set 000000000003cdd0 9
channel_lookup 0000000000028ae0 84
crypto_kem_sntrup4591761_ 00000000000543a0 538
msetlocale 0000000000041950 342
sshbuf_put_bignum2 000000000001f640 254
ms_to_timeval 000000000003f050 57
sshpkt_ptr 00000000000385e0 51
ssh_packet_set_rekey_limi 0000000000037d90 48
iptos2str 000000000003f910 111
kex_names_cat 000000000004fac0 411
ssh_set_verify_host_key_c 0000000000015900 38
sshpkt_fatal 00000000000377f0 143
sshkey_perm_ok 0000000000025360 247
channel_input_extended_da 000000000002cc10 523
gen_candidates 0000000000033980 1635
crypto_sign_ed25519_ref_s 000000000004cc80 26
cipher_warning_message 000000000002f990 3
channel_free 000000000002ac00 859
_ssh_host_public_key 0000000000015270 135
sshbuf_peek_string_direct 000000000001e1e0 159
ssh_hmac_free 000000000004c7b0 90
convtime 000000000003df00 473
ssh_add_identity_constrai 0000000000024980 379
kex_new 0000000000050ef0 100
ssh_packet_set_server 0000000000037df0 25
sshkey_private_serialize_ 000000000001e000 7
cipher_get_length 000000000002fdd0 54
sshpkt_get_cstring 0000000000038590 12
format_absolute_time 0000000000040fb0 120
compat_kex_proposal 0000000000030310 194
ssh_hmac_final 000000000004c720 144
sshkey_curve_nid_to_bits 0000000000017bb0 47
freeargs 000000000003e8a0 89
crypto_sign_ed25519_ref_s 000000000004ccd0 43
sshpkt_get_u8 0000000000038530 12
valid_domain 00000000000408d0 353
ssh_remove_all_identities 0000000000024db0 239
xreallocarray 000000000003bd50 47
crypto_sign_ed25519_ref_s 000000000004cd00 46
channel_send_window_chang 000000000002ea40 296
ssh_input_space 0000000000015a20 30
kex_kem_sntrup4591761x255 0000000000055a30 406
log_redirect_stderr_to 00000000000321a0 91
kex_c25519_enc 0000000000052890 345
match_user 0000000000033070 233
init_hostkeys 0000000000030ef0 31
channel_connect_to_port 000000000002e670 675
ipv64_normalise_mapped 0000000000025df0 113
sshpkt_get_u32 0000000000038540 12
sigdie 0000000000031f40 14
sshpkt_start 0000000000038620 104
sshbuf_from 00000000000166a0 116
_end 000000000028db20 0
cipher_alg_list 000000000002f6d0 225
sshpkt_put_stringb 00000000000384e0 12
sshpkt_put 0000000000038470 12
sshbuf_get_u16 000000000001e140 76
kex_dh_dec 0000000000051e50 223
sshbuf_ptr 0000000000016cb0 126
sshbuf_get_eckey 000000000001f530 260
bitmap_from_string 0000000000023ea0 191
bandwidth_limit 000000000003f520 661
cipher_set_keyiv 000000000002ffb0 129
crypto_sign_ed25519_ref_s 000000000004d170 219
ssh_packet_write_poll 0000000000037880 135
crypto_sign_ed25519_ref_f 000000000004ead0 8
sshbuf_put_string 000000000001ea10 177
match_filter_blacklist 00000000000333a0 10
logdie 0000000000032630 171
sshkey_in_file 0000000000025a00 534
safe_path_fd 00000000000405b0 194
atomiciov6 000000000003cca0 37
ssh_free_identitylist 00000000000243d0 98
sshpkt_peek_string_direct 0000000000038580 12
path_absolute 0000000000041030 9
log_facility_name 0000000000031e50 52
kex_dh_keygen 0000000000051c20 125
ssh_tty_parse_modes 000000000003af70 3349
add_host_to_hostfile 0000000000030fe0 94
ssh_digest_buffer 000000000004c5c0 65
ssh_digest_final 000000000004c3a0 155
set_rdomain 000000000003dcd0 28
sshbuf_set_parent 0000000000016720 245
sshbuf_put_u64 000000000001e840 174
sshpkt_get_ec 00000000000385a0 12
mac_compute 000000000003d180 463
channel_add_permission 000000000002e130 232
chan_read_failed 0000000000034e10 103
channel_disable_admin 000000000002e290 63
ssh_packet_set_state 0000000000038080 1001
put_u16 000000000003f040 13
ssh_digest_alg_name 000000000004c280 44
use_privsep 000000000028c798 4
crypto_sign_ed25519_keypa 000000000004f0f0 211
crypto_sign_ed25519_ref_s 000000000004cd30 72
ssh_close_authentication_ 00000000000242a0 34
sshbuf_check_reserve 0000000000016ea0 183
sshkey_fingerprint_raw 0000000000018830 340
fatal 00000000000303e0 171
set_reuseaddr 000000000003dc30 130
pkcs11_add_provider 0000000000048ef0 4157
sshbuf_get_bignum2 000000000001f3f0 167
sshkey_to_base64 0000000000019180 151
ssh_packet_inc_alive_time 0000000000037d50 19
sshkey_fingerprint 0000000000018990 2024
sshpkt_put_u8 0000000000038490 16
ssh_local_ipaddr 0000000000036630 15
crypto_sign_ed25519_ref_s 000000000004cc40 49
kexc25519_keygen 00000000000526f0 46
strdelim 000000000003dcf0 10
log_level_name 0000000000031f00 52
_ssh_host_private_key 0000000000015300 135
sshbuf_put 000000000001e5b0 113
ask_permission 000000000003a080 329
ssh_packet_stop_discard 0000000000036520 261
__bss_start 000000000028c77c 0
ssh_ed25519_sign 000000000004bd40 495
ssh_add_hostkey 00000000000157c0 309
sshbuf_dtob16 000000000001eff0 249
session_id2 000000000028c790 8
ssh_remove_identity 0000000000024b00 329
_fini 0000000000056538 0
channel_still_open 000000000002a810 129
check_key_in_hostkeys 0000000000030fa0 30
load_hostkeys 00000000000317c0 197
ssh_packet_read_poll_seqn 0000000000039530 524
ssh_packet_get_bytes 00000000000361e0 38
pkcs11_providers 000000000028db10 16
channel_set_x11_refuse_ti 000000000002b840 14
cipher_ctx_is_plaintext 000000000002f850 3
sshkey_load_public 00000000000256d0 287
sshkey_from_blob 000000000001c140 71
choose_dh 0000000000044770 720
kex_buf2prop 000000000004ff30 398
crypto_hash_sha512 000000000004f670 65
seed_rng 0000000000045c80 152
match_hostname 0000000000032fb0 60
ssh_packet_set_alive_time 0000000000037d70 10
percent_expand 000000000003ea70 836
ssh_tty_make_modes 000000000003a460 2824
ssh_packet_get_protocol_f 00000000000366a0 7
sshkey_private_to_fileblo 000000000001dd40 478
debug 0000000000032860 190
crtstuff.c 0000000000000000 0
__JCR_LIST__ 0000000000289eb8 0
deregister_tm_clones 0000000000015170 0
register_tm_clones 00000000000151b0 0
__do_global_dtors_aux 0000000000015200 0
completed.7594 000000000028c780 1
__do_global_dtors_aux_fin 0000000000289eb0 0
frame_dummy 0000000000015240 0
__frame_dummy_init_array_ 0000000000289ea8 0
ssh_api.c 0000000000000000 0
__func__.14398 0000000000056aa0 21
__func__.14408 0000000000056a80 22
__func__.14417 0000000000056a60 21
called.14284 000000000028c79c 4
__func__.14379 0000000000056ac0 17
__func__.14448 0000000000056a40 23
ssherr.c 0000000000000000 0
sshbuf.c 0000000000000000 0
sshbuf_maybe_pack 00000000000165c0 102
sshkey.c 0000000000000000 0
translate_libcrypto_error 0000000000017200 131
pem_passphrase_cb 0000000000017290 93
check_rsa_length 00000000000172f0 85
fingerprint_hex 0000000000017350 273
fingerprint_b64 0000000000017470 285
get_sigtype 0000000000017590 172
keytypes 0000000000289ec0 680
to_blob_buf.isra.3 0000000000017d10 663
to_blob.isra.4 0000000000017fb0 199
cert_free 00000000000181c0 138
cert_new 0000000000018250 132
default_key_sign 000000000001a0c0 22
sshkey_private_to_blob2 000000000001ae10 1794
sshkey_from_blob_internal 000000000001b740 2549
sshkey_parse_private2.isr 000000000001cfa0 2139
sshkey_parse_private_pem_ 000000000001d800 796
__func__.18368 0000000000057560 21
sshbuf-getput-basic.c 0000000000000000 0
sshbuf-misc.c 0000000000000000 0
sshbuf-getput-crypto.c 0000000000000000 0
get_ec 000000000001f370 118
krl.c 0000000000000000 0
revoked_serial_tree_RB_RE 000000000001f870 1301
revoked_blob_tree_RB_REMO 000000000001fd90 1301
plain_key_blob 00000000000202b0 161
put_bitmap 0000000000020360 135
revoked_serial_tree_RB_NE 00000000000203f0 84
revoked_key_id_tree_RB_NE 0000000000020450 84
revoked_blob_tree_RB_NEXT 00000000000204b0 84
revoked_certs_for_ca_key. 0000000000020510 245
is_cert_revoked.isra.7 0000000000020610 170
blob_cmp.isra.8 00000000000206c0 78
revoke_blob 0000000000020710 875
revoke_by_hash 0000000000020a80 103
blob_section 0000000000014f90 218
__func__.13657 0000000000057978 13
revoked_blob_tree_RB_FIND 0000000000020af0 88
is_key_revoked 0000000000020b50 447
__func__.13477 0000000000057a30 28
__func__.13490 0000000000057a10 24
__func__.13496 00000000000579f0 26
__func__.13562 00000000000579d0 23
__func__.13737 0000000000057960 18
__func__.13685 00000000000579b0 18
__func__.13636 0000000000057990 20
__func__.13748 0000000000057940 26
bitmap.c 0000000000000000 0
reserve 0000000000023b10 104
retop.part.0 0000000000023b80 70
authfd.c 0000000000000000 0
ssh_request_reply 0000000000023f60 380
encode_constraints 00000000000240e0 147
authfile.c 0000000000000000 0
sshkey_try_load_public 0000000000024ea0 552
canohost.c 0000000000000000 0
get_sock_port 0000000000025c80 360
__func__.11772 0000000000057de0 14
get_socket_address 0000000000025e70 350
__func__.11747 0000000000057e00 19
__func__.11763 0000000000057df0 15
channels.c 0000000000000000 0
fwd_ident 0000000000026100 123
read_mux 0000000000026180 280
__func__.14490 000000000005a9f0 9
open_preamble 00000000000262a0 143
fwd_perm_clear 0000000000026330 69
channel_connect_ctx_free 0000000000026380 79
rdynamic_close 00000000000263d0 69
port_open_helper 0000000000026420 636
__func__.14339 000000000005a920 17
channel_pre_connecting 00000000000266a0 46
channel_pre_listener 00000000000266d0 11
channel_pre_open 00000000000266e0 395
channel_decode_socks4 0000000000026870 1125
__func__.14233 000000000005a860 22
channel_decode_socks5 0000000000026ce0 1063
__func__.14264 000000000005a840 22
channel_parse_id 0000000000027110 183
channel_post_mux_client 00000000000271d0 498
__func__.14506 000000000005a9d0 30
connect_next.isra.6 00000000000273d0 610
__func__.15214 000000000005a980 13
channel_post_connecting 0000000000027640 898
__func__.14415 000000000005a990 24
open_match.isra.9 00000000000279d0 87
channel_handle_rfd.isra.1 0000000000027a30 522
__func__.14426 000000000005a900 19
channel_pre_mux_client 0000000000027c40 211
channel_pre_dynamic 0000000000027d20 288
channel_pre_x11_open 0000000000027e40 662
channel_register_fds.isra 00000000000280e0 345
channel_fwd_bind_addr.isr 0000000000028240 372
remote_open_match.isra.19 00000000000283c0 113
connect_to_helper.isra.17 0000000000028440 567
permission_set_get_array 0000000000028680 135
__func__.13883 000000000005a580 19
__func__.13896 000000000005a5a0 25
permission_set_add 0000000000028710 355
__func__.13911 000000000005a5c0 19
channel_post_port_listene 0000000000029120 535
channel_post_open 000000000002a130 1338
channel_post_auth_listene 0000000000028fc0 342
channel_post_x11_listener 0000000000029d30 626
channel_post_mux_listener 0000000000028db0 518
__func__.14531 000000000005aa00 21
__func__.13781 000000000005aa20 22
__func__.13787 000000000005a830 14
channel_from_packet_id 0000000000028b40 59
__func__.13843 000000000005a820 12
__func__.14525 000000000005a9b0 26
__func__.14403 000000000005a960 27
channel_setup_fwd_listene 0000000000029340 570
__func__.14914 000000000005a320 39
channel_setup_fwd_listene 0000000000029580 1519
__func__.14886 000000000005a2e0 33
connect_to 0000000000029b70 289
__func__.14328 000000000005a940 26
channel_handle_efd_read.i 0000000000029fb0 376
__func__.14462 000000000005a8a0 24
__func__.14440 000000000005a8e0 19
__func__.14474 000000000005a880 21
__func__.14451 000000000005a8c0 25
channel_close_fds 000000000002a670 158
__func__.14010 000000000005a7e0 19
__func__.14041 000000000005a7c0 18
__func__.14065 000000000005a7a0 21
__func__.13922 000000000005a800 30
channel_handler 000000000002b0c0 531
__func__.14553 000000000005a650 16
__func__.14104 000000000005a780 18
__func__.14113 000000000005a760 22
__func__.14123 000000000005a740 32
__func__.14131 000000000005a720 30
__func__.14139 000000000005a700 25
__func__.14145 000000000005a6e0 23
__func__.14155 000000000005a6c0 24
__func__.14169 000000000005a6b0 16
__func__.14281 000000000005a690 26
__func__.14308 000000000005a660 39
__func__.14592 000000000005a630 31
__func__.14599 000000000005a600 34
__func__.14627 000000000005a5e0 25
__func__.14666 000000000005a560 23
__func__.14694 000000000005a540 19
__func__.14705 000000000005a520 28
__func__.14713 000000000005a500 19
__func__.14721 000000000005a4e0 21
__func__.14729 000000000005a4c0 32
__func__.14746 000000000005a490 27
__func__.14756 000000000005a470 28
__func__.14767 000000000005a450 29
__func__.14954 000000000005a420 42
__func__.14933 000000000005a3e0 36
__func__.14993 000000000005a3a0 42
__func__.14983 000000000005a360 36
__func__.15071 000000000005a2a0 34
__func__.15150 000000000005a260 44
__func__.15137 000000000005a220 38
__func__.15186 000000000005a1f0 26
__func__.15336 000000000005a1d0 25
__func__.15325 000000000005a1b0 28
__func__.15364 000000000005a190 24
__func__.15443 000000000005a160 37
cipher.c 0000000000000000 0
ciphers 000000000028aa80 520
cleanup.c 0000000000000000 0
compat.c 0000000000000000 0
check.10922 000000000028a180 448
__func__.10953 000000000005b190 23
__func__.10957 000000000005b170 22
__func__.10961 000000000005b150 20
fatal.c 0000000000000000 0
hostfile.c 0000000000000000 0
record_hostkey 0000000000030490 311
__func__.12778 000000000005b688 15
check_hostkeys_by_key_or_ 00000000000305d0 479
host_delete 00000000000307b0 412
__func__.12863 000000000005b638 12
encoded.12716 000000000028c7c0 1024
__func__.12718 000000000005b6a8 10
write_host_entry 0000000000030c40 266
__func__.12839 000000000005b670 17
match_maybe_hashed 0000000000030d50 188
__func__.12931 000000000005b620 17
__func__.12786 000000000005b698 14
__func__.12888 000000000005b650 25
log.c 0000000000000000 0
log_level 000000000028c76c 4
log_facilities 000000000028a3e0 208
log_levels 000000000028a340 160
argv0 000000000028cbd0 8
log_handler 000000000028cbc8 8
log_handler_ctx 000000000028cbc0 8
log_on_stderr 000000000028c768 4
log_facility 000000000028c760 4
log_stderr_fd 000000000028c764 4
match.c 0000000000000000 0
filter_list 0000000000032e70 295
moduli.c 0000000000000000 0
sieve_large 00000000000333c0 331
largebase 000000000028cc70 8
largetries 000000000028cc84 4
largebits 000000000028cc7c 4
LargeSieve 000000000028cc90 8
qfileout 0000000000033510 268
fmt_time 0000000000033620 246
buf.13919 000000000028cbe0 128
write_checkpoint 0000000000033720 423
count_lines 00000000000338d0 172
largememory 000000000028cc78 4
largewords 000000000028cc88 4
TinySieve 000000000028ccb0 8
tinybits 000000000028cca8 4
smallbits 000000000028cc9c 4
SmallSieve 000000000028cca0 8
largenumbers 000000000028cc80 4
smallbase 000000000028cc98 4
time_start.13925 000000000028cc68 8
time_prev.13926 000000000028cc60 8
nchan.c 0000000000000000 0
chan_send_eof2 00000000000349e0 182
__func__.11130 000000000005c4d8 15
chan_shutdown_read.part.0 0000000000034aa0 251
__func__.11193 000000000005c4f0 19
chan_shutdown_extended_re 0000000000034ba0 184
__func__.11198 000000000005c4a0 28
chan_set_istate.isra.2 0000000000034c60 82
istates 000000000028a4c0 32
chan_set_ostate.isra.3 0000000000034cc0 82
ostates 000000000028a4e0 32
chan_shutdown_write.part. 0000000000034d20 235
__func__.11188 000000000005c4c0 20
__func__.11144 000000000005c488 15
__func__.11138 000000000005c470 17
packet.c 0000000000000000 0
start_compression_in.isra 0000000000035560 110
compress_buffer.isra.3 00000000000355d0 327
uncompress_buffer.isra.4 000000000001506a 251
newkeys_to_blob.isra.5 0000000000035720 397
newkeys_from_blob.isra.6 00000000000358b0 561
start_compression_out.isr 0000000000035af0 145
ssh_packet_enable_delayed 0000000000035b90 147
ssh_packet_need_rekeying 0000000000035e30 252
__func__.15831 000000000005cd30 26
ssh_packet_close_internal 00000000000366f0 745
__func__.16012 000000000005cd20 16
__func__.16068 000000000005cd00 17
sshpkt_vfatal 0000000000037610 471
__func__.16191 000000000005cc78 14
__func__.16243 000000000005cc40 19
__func__.16296 000000000005cc00 24
__func__.16353 000000000005cc20 21
__func__.16467 000000000005cbe0 20
__func__.16167 000000000005cc90 22
ssh_packet_start_discard 0000000000038af0 184
__func__.16113 000000000005ccb0 26
__func__.16132 000000000005ccd0 22
__func__.16097 000000000005ccf0 16
disconnecting.16206 000000000028ccb8 4
__func__.16208 000000000005cc60 22
readpass.c 0000000000000000 0
ttymodes.c 0000000000000000 0
speed_to_baud 000000000003a1d0 278
baud_to_speed 000000000003a2f0 358
__func__.10757 000000000005d200 19
__func__.10772 000000000005d1e0 20
xmalloc.c 0000000000000000 0
addrmatch.c 0000000000000000 0
addr_and 000000000003bed0 129
addr_pton 000000000003bf60 300
addr_netmask 000000000003c090 236
addr_netmatch 000000000003c180 268
addr_pton_cidr 000000000003c290 624
__func__.7095 000000000005d4e0 16
__func__.7119 000000000005d4c0 21
atomicio.c 0000000000000000 0
atomiciov6.part.0 000000000003c920 522
dispatch.c 0000000000000000 0
__func__.10094 000000000005d5a0 24
__func__.10139 000000000005d580 23
mac.c 0000000000000000 0
macs 000000000028a500 544
u.13115 000000000028ccc0 64
uuencode.c 0000000000000000 0
misc.c 0000000000000000 0
strdelim_internal 000000000003d6b0 253
urldecode 000000000003d7b0 316
strcmp_maybe_null.part.0 000000000003d8f0 38
__func__.12375 000000000005df80 15
gettime_failed.12465 000000000028ce08 4
__func__.12499 000000000005df70 13
ipqos 000000000028a720 416
iptos_str.12517 000000000028ce00 5
__func__.12538 000000000005df60 14
__func__.12543 000000000005df50 16
__func__.12600 000000000005df40 14
errbuf.12721 000000000028cd00 256
utf8.c 0000000000000000 0
dangerous_locale 0000000000041040 228
vasnmprintf 0000000000041130 1283
monitor_fdpass.c 0000000000000000 0
__func__.6948 000000000005e0b8 11
__func__.6966 000000000005e0a8 14
rijndael.c 0000000000000000 0
rcon 000000000005e0e0 40
Te0 000000000005ed20 1024
Te1 000000000005e920 1024
Te2 000000000005e520 1024
Te3 000000000005e120 1024
ssh-dss.c 0000000000000000 0
ssh-ecdsa.c 0000000000000000 0
ssh-rsa.c 0000000000000000 0
rsa_hash_id_from_ident 00000000000432c0 120
rsa_hash_id_from_keyname 0000000000043340 120
CSWTCH.24 000000000005f120 16
id_sha1 000000000005f168 15
id_sha512 000000000005f130 19
id_sha256 000000000005f150 19
dh.c 0000000000000000 0
parse_prime 0000000000043e60 1083
__func__.12945 0000000000060410 16
__func__.12992 00000000000603f0 22
msg.c 0000000000000000 0
__func__.11550 00000000000604c0 13
progressmeter.c 0000000000000000 0
setscreensize 0000000000044ca0 112
win_size 000000000028ce18 4
sig_winch 0000000000044d10 36
win_resized 000000000028ce14 4
sig_alarm 0000000000044d40 45
alarm_fired 000000000028ce10 4
refresh_progress_meter.pa 0000000000044d70 1785
counter 000000000028ce28 8
cur_pos 000000000028ce30 8
start_pos 000000000028ce40 8
end_pos 000000000028ce38 8
bytes_per_second 000000000028ce1c 4
last_update 000000000028ce50 8
file 000000000028ce48 8
unit 0000000000060530 6
stalled 000000000028ce20 8
start 000000000028ce58 8
dns.c 0000000000000000 0
dns_read_key 00000000000455b0 242
__func__.11471 00000000000607c8 13
__func__.11526 00000000000607b8 14
entropy.c 0000000000000000 0
umac.c 0000000000000000 0
poly64 0000000000045d20 112
poly_hash 0000000000045d90 136
kdf 0000000000045e20 477
nh_aux 0000000000046000 468
nh_final 00000000000461e0 403
nh_update 0000000000046380 271
umac128.c 0000000000000000 0
poly64 0000000000046d40 112
poly_hash 0000000000046db0 136
kdf 0000000000046e40 477
nh_aux 0000000000047020 752
nh_final 0000000000047310 451
nh_update 00000000000474e0 271
ssh-pkcs11.c 0000000000000000 0
pkcs11_rsa_private_decryp 0000000000048070 6
pkcs11_provider_lookup 0000000000048080 105
rmspace.part.0 00000000000480f0 39
pkcs11_find.isra.1 0000000000048120 240
pkcs11_provider_finalize 0000000000048210 211
pkcs11_provider_unref 00000000000482f0 115
pkcs11_k11_free 0000000000048370 82
__func__.17319 00000000000610d0 16
pkcs11_open_session.isra. 00000000000483d0 639
__func__.17423 0000000000061160 20
pkcs11_rsa_wrap.isra.6 0000000000048650 329
rsa_method 000000000028ce68 8
rsa_idx 000000000028ce64 4
pkcs11_rsa_private_encryp 0000000000048980 1134
__func__.17392 0000000000061120 25
pkcs11_login.isra.7 00000000000487a0 479
__func__.17341 00000000000610e0 13
__func__.17353 00000000000610f0 29
__func__.17368 0000000000061110 15
__func__.17543 0000000000061180 25
__func__.17555 00000000000611a0 20
__func__.17451 0000000000061140 24
smult_curve25519_ref.c 0000000000000000 0
sub 0000000000049f30 65
squeeze 0000000000049f80 88
mult 0000000000049fe0 127
square 000000000004a060 213
minusp 00000000000611c0 128
poly1305.c 0000000000000000 0
chacha.c 0000000000000000 0
tau 0000000000061240 16
sigma 0000000000061250 16
cipher-chachapoly.c 0000000000000000 0
ssh-ed25519.c 0000000000000000 0
__func__.11679 0000000000061290 19
digest-openssl.c 0000000000000000 0
hmac.c 0000000000000000 0
sc25519.c 0000000000000000 0
reduce_add_sub 000000000004c8b0 133
m 0000000000061380 128
barrett_reduce 000000000004c940 499
mu 00000000000612e0 132
ge25519.c 0000000000000000 0
p1p1_to_p2 000000000004d250 88
add_p1p1 000000000004d2b0 384
ge25519_ec2d 000000000007bf80 128
dbl_p1p1 000000000004d430 299
choose_t 000000000004d560 503
ge25519_base_multiples_af 0000000000061400 108800
ge25519_ecd 000000000007c000 128
ge25519_sqrtm1 000000000007bf00 128
fe25519.c 0000000000000000 0
reduce_add_sub 000000000004e1d0 86
ed25519.c 0000000000000000 0
get_hram 000000000004f090 93
verify.c 0000000000000000 0
hash.c 0000000000000000 0
__func__.6517 000000000007c080 19
kex.c 0000000000000000 0
kex_input_newkeys 000000000004f6c0 175
kex_protocol_error 000000000004f770 84
send_error 000000000004f7d0 265
__func__.15577 000000000007c8a0 11
kexalgs 000000000028a8c0 336
proposal_names 000000000028aa20 80
__func__.15349 000000000007c8e0 19
check.15471 000000000028c770 12
__func__.15409 000000000007c8d0 16
__func__.15598 000000000007c8b0 28
kexdh.c 0000000000000000 0
kexgex.c 0000000000000000 0
kexecdh.c 0000000000000000 0
kex_ecdh_dec_key_group.is 00000000000522b0 501
kexc25519.c 0000000000000000 0
basepoint.11823 000000000007c920 32
kexgexc.c 0000000000000000 0
input_kex_dh_gex_group 0000000000052a80 430
input_kex_dh_gex_reply 0000000000052c30 822
kexgexs.c 0000000000000000 0
input_kex_dh_gex_request 0000000000053070 610
input_kex_dh_gex_init 00000000000532e0 806
sntrup4591761.c 0000000000000000 0
rq_decode 0000000000053640 613
rq_mult 00000000000538b0 520
vectormodq_minusproduct 0000000000053ac0 96
small_encode 0000000000053b20 85
small_decode 0000000000053b80 102
small_random_weightw 0000000000053bf0 462
kexsntrup4591761x25519.c 0000000000000000 0
kexgen.c 0000000000000000 0
kex_gen_hash.constprop.0 0000000000055bd0 460
input_kex_gen_init 0000000000055da0 766
input_kex_gen_reply 00000000000560a0 788
platform-pledge.c 0000000000000000 0
platform-tracing.c 0000000000000000 0
platform-misc.c 0000000000000000 0
ssh-xmss.c 0000000000000000 0
sshkey-xmss.c 0000000000000000 0
xmss_commons.c 0000000000000000 0
xmss_fast.c 0000000000000000 0
xmss_hash.c 0000000000000000 0
xmss_hash_address.c 0000000000000000 0
xmss_wots.c 0000000000000000 0
cipher-aes.c 0000000000000000 0
cipher-aesctr.c 0000000000000000 0
cipher-ctr.c 0000000000000000 0
gss-genr.c 0000000000000000 0
digest-libc.c 0000000000000000 0
crtstuff.c 0000000000000000 0
__FRAME_END__ 0000000000089e98 0
__JCR_END__ 0000000000289eb8 0
__dso_handle 000000000028c758 0
_DYNAMIC 000000000028ad60 0
__GNU_EH_FRAME_HDR 000000000007cb70 0
__TMC_END__ 000000000028c780 0
_GLOBAL_OFFSET_TABLE_ 000000000028b000 0
ssh_packet_get_state 0000000000037e40 564
umac128_new 0000000000047630 990
session_id2_len 000000000028c788 4
pkcs11_terminate 0000000000048e10 111
sshkey_signatures_left 000000000001e010 3
ssh_ecdsa_sign 0000000000042d20 655
chacha_keysetup 000000000004b1c0 240
ssh_packet_set_rekey_limi 0000000000037d90 48
RSA_get0_crt_params 0000000000000000 0
ssh_clear_newkeys 00000000000366b0 62
ssh_krl_to_blob 0000000000021fd0 3088
_ssh_verify_host_key 0000000000015390 148
inet_ntop@@GLIBC_2.2.5 0000000000000000 0
crypto_sign_ed25519_keypa 000000000004f0f0 211
getenv@@GLIBC_2.2.5 0000000000000000 0
chachapoly_init 000000000004b940 70
crypto_sign_ed25519_open 000000000004f3b0 397
log_init 0000000000031f80 501
sshkey_load_public 00000000000256d0 287
ms_to_timeval 000000000003f050 57
EC_GROUP_set_asn1_flag 0000000000000000 0
freezero 0000000000000000 0
dh_new_group1 0000000000044680 19
__progname@@GLIBC_2.2.5 0000000000000000 0
mac_init 000000000003d0f0 134
ssh_digest_bytes 000000000004c2b0 44
cipher_crypt 000000000002fb80 580
RAND_status 0000000000000000 0
sshbuf_reserve 0000000000017020 79
BN_rand 0000000000000000 0
sshkey_set_filename 000000000001e030 10
__snprintf_chk@@GLIBC_2.3 0000000000000000 0
sshkey_type 0000000000017640 69
EVP_PKEY_base_id 0000000000000000 0
raise@@GLIBC_2.2.5 0000000000000000 0
cleanup_exit 0000000000030040 9
free@@GLIBC_2.2.5 0000000000000000 0
ssh_packet_connection_is_ 00000000000360b0 289
ssh_hmac_init 000000000004c620 213
channel_request_remote_fo 000000000002dc00 523
cipher_free 000000000002fe10 122
poly1305_auth 000000000004ab70 1602
digests 000000000028aca0 192
sshkey_perm_ok 0000000000025360 247
BN_add 0000000000000000 0
crypto_sign_ed25519_ref_s 000000000004cc80 26
match_list 0000000000033160 569
sshpkt_get_string_direct 0000000000038570 12
dlopen 0000000000000000 0
sshkey_to_blob 0000000000018810 7
strcasecmp@@GLIBC_2.2.5 0000000000000000 0
kexc25519_keygen 00000000000526f0 46
crypto_sign_ed25519_ref_f 000000000004e6c0 49
closelog@@GLIBC_2.2.5 0000000000000000 0
sshbuf_put 000000000001e5b0 113
BN_hex2bn 0000000000000000 0
match_host_and_ip 0000000000032ff0 119
permitopen_port 000000000002e390 45
localtime@@GLIBC_2.2.5 0000000000000000 0
kex_dh_compute_key 0000000000051ca0 248
format_absolute_time 0000000000040fb0 120
sshkey_ssh_name 00000000000176d0 72
sshbuf_get_stringb 000000000001e530 126
EC_KEY_set_public_key 0000000000000000 0
BN_value_one 0000000000000000 0
__errno_location@@GLIBC_2 0000000000000000 0
xrecallocarray 000000000003bd80 47
hpdelim 000000000003e260 7
unlink@@GLIBC_2.2.5 0000000000000000 0
BN_CTX_get 0000000000000000 0
EVP_CipherInit 0000000000000000 0
ssh_remote_ipaddr 0000000000036310 182
crypto_sign_ed25519_ref_f 000000000004e2d0 243
ssh_output_consume 00000000000159e0 21
sshpkt_get_bignum2 00000000000385b0 12
free_hostkeys 0000000000030f10 141
strncmp@@GLIBC_2.2.5 0000000000000000 0
ssh_packet_get_input 0000000000037e20 8
crypto_sign_ed25519_ref_f 000000000004e2b0 30
_ITM_deregisterTMCloneTab 0000000000000000 0
ssh_remove_all_identities 0000000000024db0 239
stdout@@GLIBC_2.2.5 0000000000000000 0
EVP_MD_CTX_free 0000000000000000 0
sshkey_ec_validate_privat 000000000001c690 255
EVP_CIPHER_CTX_get_iv 0000000000000000 0
localtime_r@@GLIBC_2.2.5 0000000000000000 0
ssh_malloc_init 000000000003bc90 2
get_u64 000000000003ef70 7
crypto_sign_ed25519_ref_f 000000000004e810 33
_exit@@GLIBC_2.2.5 0000000000000000 0
ssh_packet_set_maxsize 0000000000037cc0 133
ERR_peek_last_error 0000000000000000 0
dh_new_group18 00000000000446e0 19
BN_set_word 0000000000000000 0
load_hostkeys 00000000000317c0 197
readpassphrase 0000000000000000 0
ssh_output_space 0000000000015a00 30
kex_verify_host_key 00000000000514d0 97
read_passphrase 0000000000039be0 1169
dh_new_group14 00000000000446a0 19
kex_ready 0000000000050f60 98
DSA_SIG_set0 0000000000000000 0
sshpkt_add_padding 0000000000039bd0 13
ssh_krl_set_version 00000000000214c0 4
crypto_sign_ed25519_ref_f 000000000004e3d0 260
ssh_packet_write_poll 0000000000037880 135
chan_rcvd_ieof 0000000000035020 147
inflate 0000000000000000 0
__read_chk@@GLIBC_2.4 0000000000000000 0
EVP_aes_128_gcm 0000000000000000 0
strdelim 000000000003dcf0 10
sshbuf_new 0000000000016630 112
sendmsg@@GLIBC_2.2.5 0000000000000000 0
EC_GROUP_free 0000000000000000 0
dh_new_group16 00000000000446c0 19
ssh_err 00000000000161e0 984
iptos2str 000000000003f910 111
ECDSA_SIG_set0 0000000000000000 0
init_hostkeys 0000000000030ef0 31
pkcs11_del_provider 0000000000048e80 100
mm_choose_dh 0000000000015470 3
start_progress_meter 00000000000454b0 160
RSA_get_ex_data 0000000000000000 0
umac_final 0000000000046850 848
ERR_peek_error 0000000000000000 0
ECDSA_do_verify 0000000000000000 0
snmprintf 0000000000041640 244
ssh_packet_connection_af 0000000000036210 169
sshbuf_put_u64 000000000001e840 174
sshpkt_put_cstring 00000000000384d0 12
cipher_get_keyiv_len 000000000002fe90 49
ssh_remove_identity 0000000000024b00 329
rijndaelEncrypt 00000000000422a0 1099
kex_free 0000000000050e30 178
isatty@@GLIBC_2.2.5 0000000000000000 0
sshpkt_msg_ignore 0000000000038690 141
ssh_init 0000000000015560 572
sshbuf_dtob64 000000000001f0f0 201
channel_input_open_failur 000000000002d150 544
ssh_hmac_update 000000000004c700 9
dh_new_group 0000000000044620 81
crypto_sign_ed25519_ref_f 000000000004e910 114
sshkey_type_from_name 0000000000017720 99
EVP_PKEY_get1_DSA 0000000000000000 0
setsockopt@@GLIBC_2.2.5 0000000000000000 0
ssh_packet_send2 0000000000037270 644
tilde_expand_filename 000000000003e900 368
mac_valid 000000000003d430 180
EVP_md5 0000000000000000 0
sshkey_sign 000000000001a040 124
sshkey_load_file 00000000000251f0 353
EVP_DigestFinal_ex 0000000000000000 0
sshbuf_get 000000000001e040 93
umac128_final 0000000000047a10 1191
channel_cancel_lport_list 000000000002d780 485
sshkey_load_private_cert 00000000000258c0 319
hostkeys_foreach 0000000000031040 1907
sshkey_puts 00000000000187f0 7
crypto_sign_ed25519_ref_s 000000000004cd80 48
sshkey_to_base64 0000000000019180 151
EC_POINT_clear_free 0000000000000000 0
ssh_free_identitylist 00000000000243d0 98
fcntl@@GLIBC_2.2.5 0000000000000000 0
clock_gettime@@GLIBC_2.17 0000000000000000 0
DSA_new 0000000000000000 0
write@@GLIBC_2.2.5 0000000000000000 0
ssh_free 0000000000015480 212
monotime_tv 000000000003f160 102
BN_new 0000000000000000 0
RSA_generate_key_ex 0000000000000000 0
host_hash 0000000000030950 751
RSA_size 0000000000000000 0
sys_tun_open 0000000000000000 0
getpid@@GLIBC_2.2.5 0000000000000000 0
cfgetispeed@@GLIBC_2.2.5 0000000000000000 0
bitmap_nbits 0000000000023d60 88
sshbuf_put_string 000000000001ea10 177
crypto_sign_ed25519_ref_s 000000000004df10 694
crypto_sign_ed25519_ref_f 000000000004eae0 827
chacha_encrypt_bytes 000000000004b2f0 1612
ssh_krl_revoke_key_sha256 0000000000021f00 74
EVP_aes_256_cbc 0000000000000000 0
parse_user_host_port 000000000003e490 422
sshbuf_put_cstring 000000000001ead0 52
inet_ntoa@@GLIBC_2.2.5 0000000000000000 0
sshbuf_get_cstring 000000000001e3f0 307
mm_receive_fd 0000000000041c40 483
_edata 000000000028c77c 0
crypto_sign_ed25519_ref_u 000000000004d760 556
RSA_set0_crt_params 0000000000000000 0
sshkey_is_cert 0000000000017a50 19
strlcat 0000000000000000 0
path_absolute 0000000000041030 9
mprintf 0000000000041880 195
arc4random_uniform 0000000000000000 0
sshpkt_start 0000000000038620 104
BN_is_prime_ex 0000000000000000 0
EVP_sha512 0000000000000000 0
ssh_dispatch_run_fatal 000000000003cf10 43
EC_POINT_mul 0000000000000000 0
kex_new 0000000000050ef0 100
ssh_set_app_data 00000000000157a0 8
getpeername@@GLIBC_2.2.5 0000000000000000 0
RSA_set_ex_data 0000000000000000 0
ssh_packet_set_log_preamb 0000000000035fb0 252
channel_set_af 000000000002d5f0 14
sshbuf_len 0000000000016ba0 126
crypto_sign_ed25519_ref_f 000000000004e870 154
ssh_packet_stop_discard 0000000000036520 261
cipher_is_cbc 000000000002f840 7
kex_send_newkeys 00000000000500c0 304
fclose@@GLIBC_2.2.5 0000000000000000 0
EVP_aes_192_cbc 0000000000000000 0
crypto_sign_ed25519_ref_s 000000000004cbc0 27
uudecode 000000000003d500 115
ssh_ed25519_sign 000000000004bd40 495
datafellows 000000000028c7a0 4
error 0000000000032570 190
crypto_sign_ed25519_ref_s 000000000004ccd0 43
cipher_get_length 000000000002fdd0 54
DH_set0_pqg 0000000000000000 0
EC_KEY_get0_public_key 0000000000000000 0
crypto_sign_ed25519_ref_p 000000000004d990 164
getpwuid@@GLIBC_2.2.5 0000000000000000 0
ctime@@GLIBC_2.2.5 0000000000000000 0
shutdown@@GLIBC_2.2.5 0000000000000000 0
cfsetospeed@@GLIBC_2.2.5 0000000000000000 0
AES_set_encrypt_key 0000000000000000 0
ssh_gai_strerror 000000000003daf0 59
chachapoly_get_length 000000000004bc90 176
sshpkt_put_stringb 00000000000384e0 12
channel_input_ieof 000000000002ce20 220
add_host_to_hostfile 0000000000030fe0 94
channel_free 000000000002ac00 859
atomiciov 000000000003ccd0 11
BN_num_bits 0000000000000000 0
mktemp_proto 000000000003f7c0 134
explicit_bzero 0000000000000000 0
get_peer_port 00000000000260e0 7
sshpkt_get_u8 0000000000038530 12
_fini 0000000000056538 0
__ctype_get_mb_cur_max@@G 0000000000000000 0
arc4random_buf 0000000000000000 0
sshkey_ecdsa_key_to_nid 0000000000019380 332
kex_input_ext_info 00000000000501f0 452
arc4random 0000000000000000 0
strlen@@GLIBC_2.2.5 0000000000000000 0
sshbuf_set_max_size 0000000000016a10 398
kludge_FD_SET 0000000000000000 0
sshpkt_get_u64 0000000000038550 12
log_facility_name 0000000000031e50 52
channel_find_open 000000000002a8a0 118
sshbuf_put_u16 000000000001e960 88
ssh_agent_sign 00000000000246e0 659
debug 0000000000032860 190
sshkey_certify_custom 000000000001a210 1457
cipher_init 000000000002f9a0 477
sshkey_generate 00000000000194d0 726
sshkey_save_private 00000000000250d0 282
DSA_SIG_new 0000000000000000 0
kex_dh_keypair 0000000000051da0 168
xreallocarray 000000000003bd50 47
__stack_chk_fail@@GLIBC_2 0000000000000000 0
ssh_packet_set_nonblockin 00000000000362c0 34
ssh_packet_read_expect 00000000000399c0 107
crypto_sign_ed25519_ref_s 000000000004cd00 46
timeout_connect 000000000003f330 268
sshkey_to_certified 000000000001a150 118
EVP_sha1 0000000000000000 0
match_filter_whitelist 00000000000333b0 7
ssh_hmac_start 000000000004c810 156
ssh_get_app_data 00000000000157b0 8
getuid@@GLIBC_2.2.5 0000000000000000 0
choose_dh 0000000000044770 720
kex_buf2prop 000000000004ff30 398
recallocarray 0000000000000000 0
ssh_output_ptr 00000000000159b0 43
addr_match_list 000000000003c500 464
mm_sshkey_sign 0000000000015460 6
ssh_krl_revoke_cert_by_se 0000000000021a30 8
kex_c25519_dec 00000000000529f0 143
dup2@@GLIBC_2.2.5 0000000000000000 0
BN_bin2bn 0000000000000000 0
ssh_packet_read_seqnr 0000000000039740 515
DH_get0_key 0000000000000000 0
kexc25519_shared_key_ext 0000000000052720 188
match_filter_blacklist 00000000000333a0 10
ssh_add_hostkey 00000000000157c0 309
RSA_free 0000000000000000 0
debug2 0000000000032920 190
ssh_hmac_update_buffer 000000000004c710 9
kex_prop_free 000000000004fef0 58
strchr@@GLIBC_2.2.5 0000000000000000 0
BN_sub 0000000000000000 0
EC_KEY_get0_private_key 0000000000000000 0
get_u32 000000000003ef80 5
EC_POINT_get_affine_coord 0000000000000000 0
rewind@@GLIBC_2.2.5 0000000000000000 0
x11_create_display_inet 000000000002eb70 1131
pwcopy 000000000003dd10 113
RSA_set_method 0000000000000000 0
umac128_delete 00000000000475f0 54
channel_output_poll 000000000002bc70 1321
ssh_krl_init 0000000000020d10 69
EVP_PKEY_free 0000000000000000 0
EC_POINT_oct2point 0000000000000000 0
sshpkt_put 0000000000038470 12
sshkey_verify 000000000001a0e0 108
atomicio6 000000000003cb30 347
platform_sys_dir_uid 0000000000056530 8
argv_split 000000000003fdc0 599
snprintf@@GLIBC_2.2.5 0000000000000000 0
kex_prop2buf 000000000004fe70 118
sshbuf_consume_end 0000000000017140 180
logit 00000000000326e0 190
nanosleep@@GLIBC_2.2.5 0000000000000000 0
channel_setup_remote_fwd_ 000000000002d9b0 584
gai_strerror@@GLIBC_2.2.5 0000000000000000 0
chan_write_failed 00000000000351d0 366
strrchr@@GLIBC_2.2.5 0000000000000000 0
bitmap_zero 0000000000023c30 36
sshbuf_put_eckey 000000000001f840 47
sshbuf_consume 0000000000017070 208
sshkey_enable_maxsign 000000000001e020 6
dirname@@GLIBC_2.2.5 0000000000000000 0
channel_connect_stdio_fwd 000000000002b760 216
getsid@@GLIBC_2.2.5 0000000000000000 0
ssh_packet_send2_wrapped 0000000000036d20 1350
gettimeofday@@GLIBC_2.2.5 0000000000000000 0
chan_obuf_empty 0000000000034f20 151
fputs@@GLIBC_2.2.5 0000000000000000 0
sshkey_sigalg_by_name 0000000000019eb0 212
cipher_ivlen 000000000002f820 18
chop 000000000003d920 52
EVP_Cipher 0000000000000000 0
sshkey_load_private_type_ 0000000000025460 127
EVP_PKEY_get1_EC_KEY 0000000000000000 0
deflate 0000000000000000 0
log_change_level 0000000000031f50 46
valid_domain 00000000000408d0 353
RSA_get_default_method 0000000000000000 0
sshpkt_put_bignum2 0000000000038510 12
getservbyname@@GLIBC_2.2. 0000000000000000 0
sshkey_ssh_name_plain 0000000000017ae0 73
addargs 000000000003e640 328
crypto_sign_ed25519_ref_f 000000000004e7e0 33
sshbuf_alloc 00000000000169e0 5
dlclose 0000000000000000 0
channel_init_channels 0000000000028880 409
sshbuf_get_eckey 000000000001f530 260
sshkey_check_revoked 0000000000025c20 86
memset@@GLIBC_2.2.5 0000000000000000 0
sshbuf_get_ec 000000000001f4a0 141
channel_by_id 0000000000028a20 103
ssh_hmac_final 000000000004c720 144
crypto_sign_ed25519_ref_s 000000000004ce90 97
fscanf@@GLIBC_2.2.5 0000000000000000 0
ssh_packet_inc_alive_time 0000000000037d50 19
bitmap_new 0000000000023bd0 88
BN_CTX_free 0000000000000000 0
ioctl@@GLIBC_2.2.5 0000000000000000 0
EC_GROUP_get_order 0000000000000000 0
_ssh_host_public_key 0000000000015270 135
exited_cleanly 0000000000040280 253
sshkey_equal 00000000000186b0 196
xmalloc 000000000003bca0 50
sshkey_names_valid2 0000000000017930 279
channel_send_open 000000000002b2e0 143
sshpkt_put_u64 00000000000384b0 12
channel_register_open_con 000000000002b4e0 73
a2port 000000000003dd90 110
alarm@@GLIBC_2.2.5 0000000000000000 0
close@@GLIBC_2.2.5 0000000000000000 0
kex_derive_keys 0000000000051090 945
ssh_krl_check_key 0000000000022be0 87
xstrdup 000000000003bdb0 49
sshkey_plain_to_blob 0000000000018820 10
crypto_sign_ed25519_ref_s 000000000004cdb0 211
channel_input_data 000000000002ca20 496
ssh_input_space 0000000000015a20 30
ECDSA_SIG_free 0000000000000000 0
log_redirect_stderr_to 00000000000321a0 91
sshpkt_get_u32 0000000000038540 12
pipe@@GLIBC_2.2.5 0000000000000000 0
getnameinfo@@GLIBC_2.2.5 0000000000000000 0
put_u64 000000000003efb0 74
vfmprintf 0000000000041740 124
ssh_packet_read 0000000000039950 98
verify_host_key_dns 00000000000456b0 1068
strspn@@GLIBC_2.2.5 0000000000000000 0
kex_load_hostkey 0000000000051450 127
chachapoly_crypt 000000000004b990 762
kex_kem_sntrup4591761x255 0000000000055a30 406
BN_add_word 0000000000000000 0
ssh_packet_put 0000000000015970 62
DSA_free 0000000000000000 0
do_log2 0000000000032aa0 177
ssh_packet_have_data_to_w 0000000000037910 30
BN_CTX_start 0000000000000000 0
fputc@@GLIBC_2.2.5 0000000000000000 0
cipher_warning_message 000000000002f990 3
crypto_hash_sha512 000000000004f670 65
BN_dup 0000000000000000 0
kexgex_client 0000000000052f70 251
ssh_packet_rdomain_in 0000000000036650 64
__strdup@@GLIBC_2.2.5 0000000000000000 0
RSAPublicKey_dup 0000000000000000 0
ms_subtract_diff 000000000003f1d0 131
sshkey_putb 0000000000018780 7
mac_compute 000000000003d180 463
crypto_sign_ed25519_ref_f 000000000004e4e0 468
bitmap_to_string 0000000000023de0 188
memchr@@GLIBC_2.2.5 0000000000000000 0
sshkey_dump_ec_point 000000000001db20 376
read@@GLIBC_2.2.5 0000000000000000 0
EVP_DigestInit_ex 0000000000000000 0
sshkey_load_cert 00000000000257f0 196
EVP_aes_192_ctr 0000000000000000 0
memcmp@@GLIBC_2.2.5 0000000000000000 0
sshkey_load_private_type 00000000000254e0 249
fgets@@GLIBC_2.2.5 0000000000000000 0
ssh_dispatch_run 000000000003cde0 292
kexc25519_shared_key 00000000000527e0 7
channel_open_message 000000000002a970 649
sshkey_parse_private_file 000000000001df20 165
sshbuf_froms 000000000001eb40 233
BN_is_bit_set 0000000000000000 0
getsockopt@@GLIBC_2.2.5 0000000000000000 0
ssh_packet_clear_keys 00000000000369f0 7
pkcs11_interactive 000000000028ce60 4
get_rdomain 000000000003dcc0 3
DH_new 0000000000000000 0
ssh_packet_set_alive_time 0000000000037d70 10
kex_c25519_keypair 00000000000527f0 156
ssh_krl_revoke_key_sha1 0000000000021eb0 74
DSA_SIG_free 0000000000000000 0
dh_gen_key 0000000000044460 236
ssh_get_authentication_so 0000000000024180 288
do_log 0000000000032210 852
ssh_lock_agent 00000000000242d0 249
__asprintf_chk@@GLIBC_2.8 0000000000000000 0
sshbuf_dump 000000000001efa0 80
EVP_aes_128_ctr 0000000000000000 0
calloc@@GLIBC_2.2.5 0000000000000000 0
ssh_krl_revoke_key_explic 0000000000021e20 129
BN_free 0000000000000000 0
EC_KEY_generate_key 0000000000000000 0
EVP_CIPHER_CTX_free 0000000000000000 0
__getdelim@@GLIBC_2.2.5 0000000000000000 0
sshbuf_max_size 00000000000169d0 5
ECDSA_SIG_new 0000000000000000 0
sshbuf_get_u16 000000000001e140 76
sshkey_dump_ec_key 000000000001dca0 156
ssh_packet_not_very_much_ 0000000000037af0 70
strcmp@@GLIBC_2.2.5 0000000000000000 0
EVP_aes_256_ctr 0000000000000000 0
deflateInit_ 0000000000000000 0
kex_dh_keygen 0000000000051c20 125
EC_KEY_set_private_key 0000000000000000 0
RSA_blinding_on 0000000000000000 0
forward_equals 000000000003fc70 197
r3_recip 00000000000545c0 1081
BN_copy 0000000000000000 0
getpwnam@@GLIBC_2.2.5 0000000000000000 0
channel_connect_by_listen 000000000002e5b0 178
hpdelim2 000000000003e180 223
cipher_by_name 000000000002f860 81
kex_dh_enc 0000000000051f30 262
__strndup@@GLIBC_2.2.5 0000000000000000 0
EC_GROUP_new_by_curve_nam 0000000000000000 0
BN_print_fp 0000000000000000 0
ssh_digest_buffer 000000000004c5c0 65
ssh_krl_from_blob 0000000000022c40 3422
ssh_dss_sign 00000000000426f0 691
kexgex_hash 0000000000052040 620
sshbuf_peek_string_direct 000000000001e1e0 159
channel_free_all 000000000002af60 204
get_local_ipaddr 0000000000026000 48
ssh_hmac_free 000000000004c7b0 90
__memcpy_chk@@GLIBC_2.3.4 0000000000000000 0
mac_clear 000000000003d3d0 96
channel_stop_listening 000000000002b030 140
prime_test 0000000000033ff0 2542
ssh_digest_update_buffer 000000000004c370 47
RSA_meth_set_priv_enc 0000000000000000 0
sshbuf_allocate 0000000000016f60 179
parse_uri 0000000000040a40 767
feof@@GLIBC_2.2.5 0000000000000000 0
DSA_set0_pqg 0000000000000000 0
fmprintf 00000000000417c0 177
bitmap_test_bit 0000000000023c90 52
__gmon_start__ 0000000000000000 0
umask@@GLIBC_2.2.5 0000000000000000 0
sshkey_curve_name_to_nid 0000000000017b30 124
sshbuf_from 00000000000166a0 116
sshbuf_free 0000000000016820 198
sshpkt_put_u8 0000000000038490 16
cipher_blocksize 000000000002f7c0 4
ECDSA_do_sign 0000000000000000 0
DSA_do_verify 0000000000000000 0
log_facility_number 0000000000031de0 104
sshbuf_put_ec 000000000001f740 252
channel_request_rforward_ 000000000002de10 718
strtol@@GLIBC_2.2.5 0000000000000000 0
mbtowc@@GLIBC_2.2.5 0000000000000000 0
sshpkt_get_cstring 0000000000038590 12
sshpkt_send 0000000000038720 237
ssh_krl_revoke_key 0000000000021f50 113
bitmap_nbytes 0000000000023dc0 22
put_u32 000000000003f000 28
crypto_sign_ed25519_ref_f 000000000004e840 34
X509_get_pubkey 0000000000000000 0
memcpy@@GLIBC_2.14 0000000000000000 0
BN_bn2hex 0000000000000000 0
RSA_meth_dup 0000000000000000 0
SSLeay 0000000000000000 0
sshbuf_parent 00000000000169f0 5
child_set_env 0000000000040680 577
umac_new 00000000000464d0 890
crypto_verify_32 000000000004f540 301
platform_disable_tracing 0000000000056500 41
kex_exchange_identificati 0000000000051540 1753
sshbuf_put_u32 000000000001e8f0 111
sshkey_from_private 00000000000197b0 1172
ssh_packet_set_tos 0000000000037b40 254
EVP_MD_CTX_copy_ex 0000000000000000 0
sshkey_certify 000000000001a7d0 15
EVP_CIPHER_CTX_iv_length 0000000000000000 0
chan_ibuf_empty 0000000000034e80 151
sshkey_type_plain 0000000000017a70 99
BN_CTX_new 0000000000000000 0
prctl@@GLIBC_2.2.5 0000000000000000 0
inflateEnd 0000000000000000 0
stop_progress_meter 0000000000045550 88
argv_assemble 0000000000040020 605
bandwidth_limit_init 000000000003f4e0 52
mac_alg_list 000000000003cf40 194
ssh_remote_port 0000000000036510 14
put_u32_le 000000000003f020 27
ssh_packet_set_input_hook 0000000000035de0 18
channel_lookup 0000000000028ae0 84
pkcs11_providers 000000000028db10 16
compat_kex_proposal 0000000000030310 194
DH_free 0000000000000000 0
channel_proxy_downstream 000000000002c1a0 1591
EC_POINT_cmp 0000000000000000 0
EVP_DigestUpdate 0000000000000000 0
sshkey_fromb 000000000001c190 10
lowercase 000000000003f980 52
get_u16 000000000003efa0 8
ssh_packet_process_incomi 0000000000037500 97
ssh_krl_set_comment 00000000000214d0 49
time@@GLIBC_2.2.5 0000000000000000 0
sshpkt_putb 0000000000038480 12
crypto_sign_ed25519 000000000004f1d0 479
dh_estimate 0000000000044a40 44
convtime 000000000003df00 473
ssh_packet_set_interactiv 0000000000037c40 102
sshpkt_getb_froms 00000000000384f0 12
lookup_key_in_hostkeys_by 0000000000030fc0 30
channel_by_remote_id 0000000000028a90 65
ssh_local_port 0000000000036640 14
umac128_ctx 000000000028d480 1680
ssh_packet_set_server 0000000000037df0 25
compat_datafellows 0000000000030050 166
EC_KEY_get0_group 0000000000000000 0
ssh_packet_get_protocol_f 00000000000366a0 7
sshbuf_put_bignum2_bytes 000000000001ec30 298
sshbuf_putfv 000000000001e660 287
select@@GLIBC_2.2.5 0000000000000000 0
tcgetpgrp@@GLIBC_2.2.5 0000000000000000 0
mm_send_fd 0000000000041ab0 400
pkcs11_add_provider 0000000000048ef0 4157
sshkey_puts_opts 0000000000018790 87
set_nonblock 000000000003d960 196
__xstat@@GLIBC_2.2.5 0000000000000000 0
channel_setup_local_fwd_l 000000000002d970 50
channel_proxy_upstream 000000000002c7e0 575
channel_still_open 000000000002a810 129
bcrypt_pbkdf 0000000000000000 0
dump_base64 000000000003d580 297
colon 000000000003e2a0 125
kex_dh_dec 0000000000051e50 223
seed_rng 0000000000045c80 152
reallocarray 0000000000000000 0
pkcs11_init 0000000000048df0 30
wcwidth@@GLIBC_2.2.5 0000000000000000 0
x11_request_forwarding_wi 000000000002f420 677
sshkey_putb_plain 0000000000018800 10
timingsafe_bcmp 0000000000000000 0
ssh_packet_get_connection 00000000000362f0 6
dh_new_group_asc 0000000000044550 201
channel_input_oclose 000000000002cf00 164
RSA_public_decrypt 0000000000000000 0
rijndaelKeySetupEnc 0000000000041e30 1131
monotime_double 000000000003f480 87
_ssh_compat_realpath 0000000000000000 0
strdelimw 000000000003dd00 7
cipher_authlen 000000000002f810 4
kexgex_server 0000000000053610 42
sshkey_from_blob 000000000001c140 71
channel_close_all 000000000002a710 77
ssh_krl_revoke_cert_by_se 0000000000021510 1303
crypto_sign_ed25519_ref_d 000000000004da80 1162
channel_register_cleanup 000000000002b530 73
EVP_PKEY_get1_RSA 0000000000000000 0
malloc@@GLIBC_2.2.5 0000000000000000 0
strncasecmp@@GLIBC_2.2.5 0000000000000000 0
monotime 000000000003f440 58
fflush@@GLIBC_2.2.5 0000000000000000 0
ssh_msg_send 0000000000044a70 210
sshbuf_dtob16 000000000001eff0 249
ECDSA_SIG_get0 0000000000000000 0
sshkey_type_is_cert 0000000000017690 52
channel_connect_by_listen 000000000002e3c0 487
EC_KEY_set_asn1_flag 0000000000000000 0
channel_format_extended_u 000000000002a920 65
nl_langinfo@@GLIBC_2.2.5 0000000000000000 0
hostfile_read_key 0000000000030e10 210
ssh_close_authentication_ 00000000000242a0 34
channel_permit_all 000000000002e0e0 67
ssh_packet_remaining 0000000000037570 21
DSA_set0_key 0000000000000000 0
get_u32_le 000000000003ef90 3
sshkey_private_serialize_ 000000000001e000 7
sshkey_new 00000000000182e0 268
sshbuf_get_u64 000000000001e0a0 68
__vasprintf_chk@@GLIBC_2. 0000000000000000 0
umac128_update 0000000000047ec0 429
x11_connect_display 000000000002efe0 1087
replacearg 000000000003e790 265
sshbuf_get_u8 000000000001e190 68
DSA_generate_parameters_e 0000000000000000 0
get_local_name 0000000000026030 167
BIO_new 0000000000000000 0
BIO_ctrl 0000000000000000 0
kex_ecdh_keypair 00000000000524b0 232
__fxstat@@GLIBC_2.2.5 0000000000000000 0
sshkey_check_sigtype 0000000000019f90 172
channel_close_fd 0000000000029ca0 134
ssh_packet_read_poll2 0000000000038bb0 2429
export_dns_rr 0000000000045ae0 409
BIO_free 0000000000000000 0
listen@@GLIBC_2.2.5 0000000000000000 0
channel_register_status_c 000000000002b460 119
atoi_err 0000000000040da0 111
kex_assemble_names 000000000004fc60 528
chan_is_dead 0000000000035350 521
sscanf@@GLIBC_2.2.5 0000000000000000 0
tun_open 000000000003edc0 5
_end 000000000028db20 0
EC_GROUP_method_of 0000000000000000 0
sshpkt_get_end 00000000000385c0 32
EC_METHOD_get_field_type 0000000000000000 0
sshkey_private_deserializ 000000000001c790 2052
ssh_local_ipaddr 0000000000036630 15
get_local_port 00000000000260f0 10
sanitise_stdfd 000000000003edd0 204
sshbuf_b64tod 000000000001f1c0 228
getpeereid 0000000000000000 0
platform_pledge_sftp_serv 00000000000564e0 2
sshbuf_put_stringb 000000000001eb10 47
channel_connect_to_port 000000000002e670 675
msetlocale 0000000000041950 342
mktime@@GLIBC_2.2.5 0000000000000000 0
sshpkt_put_string 00000000000384c0 12
logdie 0000000000032630 171
crypto_sign_ed25519_ref_f 000000000004e700 215
mkstemp@@GLIBC_2.2.5 0000000000000000 0
crypto_sign_ed25519_ref_s 000000000004cd30 72
strpbrk@@GLIBC_2.2.5 0000000000000000 0
crypto_scalarmult_curve25 000000000004a140 2596
ssh_packet_close 00000000000369e0 10
strlcpy 0000000000000000 0
kex_gen_server 00000000000564a0 42
xasprintf 000000000003bdf0 217
ssh_digest_free 000000000004c440 34
valid_env_name 0000000000040d40 84
chan_rcvd_eow 0000000000034fc0 87
umac_delete 0000000000046490 54
DSA_get0_key 0000000000000000 0
fseek@@GLIBC_2.2.5 0000000000000000 0
sshkey_fingerprint 0000000000018990 2024
PEM_write_bio_DSAPrivateK 0000000000000000 0
DH_get0_pqg 0000000000000000 0
DH_compute_key 0000000000000000 0
sshkey_curve_nid_to_bits 0000000000017bb0 47
ciphers_valid 000000000002f8c0 199
sshkey_curve_nid_to_name 0000000000017cd0 54
DH_generate_key 0000000000000000 0
sshkey_write 00000000000192b0 159
deflateEnd 0000000000000000 0
dlerror 0000000000000000 0
use_privsep 000000000028c798 4
chan_read_failed 0000000000034e10 103
dispatch_protocol_ignore 000000000003cd60 29
kex_kem_sntrup4591761x255 00000000000557f0 573
ssh_packet_get_maxsize 0000000000037d80 10
ssh_digest_blocksize 000000000004c2e0 28
AES_encrypt 0000000000000000 0
__vsnprintf_chk@@GLIBC_2. 0000000000000000 0
sshkey_private_serialize 000000000001b520 7
sshkey_drop_cert 000000000001a1d0 52
RSA_get0_key 0000000000000000 0
DH_set_length 0000000000000000 0
EVP_Digest 0000000000000000 0
BN_bn2bin 0000000000000000 0
ssh_packet_set_state 0000000000038080 1001
RSA_new 0000000000000000 0
chan_rcvd_oclose 00000000000350c0 272
refresh_progress_meter 0000000000045470 59
crypto_sign_ed25519_ref_s 000000000004cca0 46
dh_pub_is_valid 00000000000442a0 446
sshbuf_avail 0000000000016c20 142
sshbuf_ptr 0000000000016cb0 126
EC_POINT_point2oct 0000000000000000 0
PEM_write_bio_RSAPrivateK 0000000000000000 0
sshkey_parse_private_file 000000000001dfd0 43
EVP_CIPHER_CTX_ctrl 0000000000000000 0
realloc@@GLIBC_2.2.5 0000000000000000 0
ssh_rsa_verify 0000000000043950 1285
EVP_MD_CTX_new 0000000000000000 0
cleanhostname 000000000003e270 43
ssh_packet_get_connection 0000000000036300 7
ssh_ecdsa_verify 0000000000042fb0 781
RSA_get0_factors 0000000000000000 0
ssh_ed25519_verify 000000000004bf30 764
sshpkt_disconnect 00000000000389a0 322
kex_free_newkeys 0000000000050d40 234
sshbuf_dump_data 000000000001ee50 328
fdopen@@GLIBC_2.2.5 0000000000000000 0
set_nodelay 000000000003db30 244
__bss_start 000000000028c77c 0
mac_check 000000000003d350 118
strtonum 0000000000000000 0
_ssh_exchange_banner 0000000000015fd0 315
channel_disable_admin 000000000002e290 63
crypto_sign_ed25519_ref_f 000000000004ee20 620
log_level_number 0000000000031e90 104
sshkey_format_cert_validi 000000000001a930 454
cipher_get_keyiv 000000000002fed0 213
recvmsg@@GLIBC_2.2.5 0000000000000000 0
channel_cancel_cleanup 000000000002b580 62
EC_GROUP_get_curve_name 0000000000000000 0
setlocale@@GLIBC_2.2.5 0000000000000000 0
sshkey_load_private 00000000000255e0 231
monotime_ts 000000000003f090 200
EVP_aes_256_gcm 0000000000000000 0
cfgetospeed@@GLIBC_2.2.5 0000000000000000 0
ssh_compatible_openssl 0000000000000000 0
dlsym 0000000000000000 0
sshbuf_put_bignum2 000000000001f640 254
kex_names_valid 000000000004f9b0 260
check_key_in_hostkeys 0000000000030fa0 30
kex_kem_sntrup4591761x255 0000000000055730 188
inflateInit_ 0000000000000000 0
match_hostname 0000000000032fb0 60
channel_set_fds 000000000002b630 291
compat_cipher_proposal 00000000000301f0 137
crypto_sign_ed25519_ref_f 000000000004e230 116
sshpkt_peek_string_direct 0000000000038580 12
platform_pledge_mux 00000000000564f0 2
umac_update 0000000000046ba0 405
poll@@GLIBC_2.2.5 0000000000000000 0
DH_size 0000000000000000 0
sshbuf_get_u32 000000000001e0f0 68
bind@@GLIBC_2.2.5 0000000000000000 0
log_level_get 0000000000031dd0 7
readv@@GLIBC_2.2.5 0000000000000000 0
EVP_aes_128_cbc 0000000000000000 0
ssh_dispatch_range 000000000003cda0 40
ssh_packet_send_debug 0000000000038810 400
strftime@@GLIBC_2.2.5 0000000000000000 0
kex_start_rekex 0000000000051020 100
sshbuf_dup_string 000000000001f2b0 186
crypto_kem_sntrup4591761_ 0000000000055510 531
EVP_CIPHER_CTX_new 0000000000000000 0
addr_match_cidr_list 000000000003c6d0 579
sshbuf_put_u8 000000000001e9c0 75
get_peer_ipaddr 0000000000025fd0 48
gen_candidates 0000000000033980 1635
log_is_on_stderr 0000000000032180 24
crypto_sign_ed25519_ref_s 000000000004cbe0 89
memmove@@GLIBC_2.2.5 0000000000000000 0
__syslog_chk@@GLIBC_2.4 0000000000000000 0
kex_input_kexinit 0000000000050490 2222
ssh_packet_set_authentica 0000000000037e10 14
sshkey_in_file 0000000000025a00 534
session_id2 000000000028c790 8
EC_KEY_free 0000000000000000 0
sshbuf_get_string 000000000001e320 200
daemonized 000000000003fd40 114
X509_free 0000000000000000 0
EVP_des_ede3_cbc 0000000000000000 0
kex_gen_client 00000000000563c0 223
unix_listener 000000000003f9c0 520
BN_cmp 0000000000000000 0
DSA_generate_key 0000000000000000 0
sock_set_v6only 000000000003fbd0 148
sshbuf_check_reserve 0000000000016ea0 183
sshbuf_reset 00000000000168f0 213
ssh_add_identity_constrai 0000000000024980 379
waitpid@@GLIBC_2.2.5 0000000000000000 0
channel_update_permission 000000000002e2d0 182
ssh_hmac_bytes 000000000004c610 5
tcgetattr@@GLIBC_2.2.5 0000000000000000 0
getpgrp@@GLIBC_2.2.5 0000000000000000 0
channel_not_very_much_buf 000000000002a760 163
tcsetattr@@GLIBC_2.2.5 0000000000000000 0
ssh_dss_verify 00000000000429b0 873
put_u16 000000000003f040 13
d2i_X509 0000000000000000 0
DSA_SIG_get0 0000000000000000 0
channel_clear_permission 000000000002e220 104
sshkey_size 0000000000017be0 185
sshkey_check_cert_sigtype 0000000000019e40 103
BN_set_bit 0000000000000000 0
debug3 00000000000329e0 190
bitmap_from_string 0000000000023ea0 191
open@@GLIBC_2.2.5 0000000000000000 0
match_pattern_list 0000000000032c40 558
ssh_alloc_session_state 0000000000035c30 419
EVP_sha384 0000000000000000 0
ssh_packet_log_type 0000000000036d10 13
match_usergroup_pattern_l 0000000000032fa0 7
EVP_PKEY_get0_RSA 0000000000000000 0
BN_rshift 0000000000000000 0
sshbuf_set_parent 0000000000016720 245
EC_POINT_is_at_infinity 0000000000000000 0
BN_lshift 0000000000000000 0
BN_mod_word 0000000000000000 0
fopen@@GLIBC_2.2.5 0000000000000000 0
ssh_packet_is_rekeying 0000000000035e00 38
platform_pledge_agent 00000000000564d0 2
channel_cancel_rport_list 000000000002d600 371
channel_input_extended_da 000000000002cc10 523
channel_connect_to_path 000000000002e920 285
proto_spec 0000000000030100 231
a2tun 000000000003de00 249
sshkey_private_to_fileblo 000000000001dd40 478
ssh_packet_get_mux 0000000000035fa0 10
cfsetispeed@@GLIBC_2.2.5 0000000000000000 0
cipher_keylen 000000000002f7d0 4
strnvis 0000000000000000 0
uuencode 000000000003d4f0 7
sshkey_read 000000000001c1a0 1158
RSA_set0_factors 0000000000000000 0
ssh_packet_payload 0000000000015960 5
__b64_ntop 0000000000000000 0
EVP_MD_CTX_md 0000000000000000 0
percent_expand 000000000003ea70 836
strcasestr@@GLIBC_2.2.5 0000000000000000 0
PEM_write_bio_ECPrivateKe 0000000000000000 0
_Jv_RegisterClasses 0000000000000000 0
cipher_seclen 000000000002f7e0 40
rename@@GLIBC_2.2.5 0000000000000000 0
ssh_set_newkeys 0000000000036a00 769
sshkey_fingerprint_raw 0000000000018830 340
EVP_CIPHER_CTX_set_key_le 0000000000000000 0
gmtime@@GLIBC_2.2.5 0000000000000000 0
channel_input_open_confir 000000000002cfb0 413
ssh_packet_get_rekey_time 0000000000037dc0 45
sshpkt_fmt_connection_id 0000000000037590 124
vis 0000000000000000 0
ssh_packet_set_connection 00000000000363d0 310
EVP_CIPHER_CTX_set_iv 0000000000000000 0
hostfile_replace_entries 0000000000031890 1331
ssh_digest_alg_by_name 000000000004c230 66
sshbuf_refcount 0000000000016a00 4
ssh_krl_revoke_cert_by_ke 0000000000021a40 991
channel_input_window_adju 000000000002d370 316
crypto_sign_ed25519_ref_s 000000000004d030 315
ssh_rsa_complete_crt_para 00000000000433c0 583
set_log_handler 0000000000032200 15
crypto_sign_ed25519_ref_s 000000000004cf00 301
ERR_get_error 0000000000000000 0
umac_ctx 000000000028ce80 1528
verbose 00000000000327a0 190
sshkey_private_serialize_ 000000000001ab00 783
accept@@GLIBC_2.2.5 0000000000000000 0
crypto_sign_ed25519_ref_i 000000000004da40 57
getsockname@@GLIBC_2.2.5 0000000000000000 0
RSA_sign 0000000000000000 0
kex_alg_list 000000000004f8e0 194
rq_recip3 0000000000054a00 2820
cipher_alg_list 000000000002f6d0 225
strtoul@@GLIBC_2.2.5 0000000000000000 0
EC_GROUP_get_degree 0000000000000000 0
channel_register_filter 000000000002b5c0 101
ask_permission 000000000003a080 329
ssh_packet_is_interactive 0000000000037cb0 10
match_pattern 0000000000032b60 222
crypto_sign_ed25519_ref_s 000000000004d170 219
crypto_sign_ed25519_ref_f 000000000004ead0 8
channel_send_window_chang 000000000002ea40 296
openlog@@GLIBC_2.2.5 0000000000000000 0
ssh_tty_make_modes 000000000003a460 2824
RSA_meth_set_priv_dec 0000000000000000 0
kex_setup 0000000000050fd0 74
kex_ecdh_enc 00000000000525a0 249
crypto_kem_sntrup4591761_ 0000000000053dc0 1493
sshkey_alg_list 00000000000177f0 305
safe_path 0000000000040380 552
gethostname@@GLIBC_2.2.5 0000000000000000 0
ssh_input_append 0000000000015930 37
match_user 0000000000033070 233
safe_path_fd 00000000000405b0 194
ssh_packet_set_mux 0000000000035f80 24
kex_c25519_enc 0000000000052890 345
dispatch_protocol_error 000000000003cce0 122
cipher_ctx_is_plaintext 000000000002f850 3
_ssh_read_banner 0000000000015a40 687
kex_ecdh_dec 00000000000526a0 68
put_host_port 000000000003e0e0 156
sshpkt_put_u32 00000000000384a0 12
dh_new_group_fallback 0000000000044700 108
sshkey_cert_check_authori 000000000001a7e0 331
mac_setup 000000000003d010 217
bandwidth_limit 000000000003f520 661
sshbuf_get_string_direct 000000000001e280 158
RSA_meth_set1_name 0000000000000000 0
crypto_sign_ed25519_ref_g 000000000007bd00 512
link@@GLIBC_2.2.5 0000000000000000 0
crypto_sign_ed25519_ref_f 000000000004e990 307
PEM_read_bio_PrivateKey 0000000000000000 0
getppid@@GLIBC_2.2.5 0000000000000000 0
exit@@GLIBC_2.2.5 0000000000000000 0
ssh_packet_disconnect 0000000000039a30 402
connect@@GLIBC_2.2.5 0000000000000000 0
fwrite@@GLIBC_2.2.5 0000000000000000 0
__fprintf_chk@@GLIBC_2.3. 0000000000000000 0
ssh_dispatch_set 000000000003cdd0 9
EC_KEY_set_group 0000000000000000 0
ssh_packet_get_output 0000000000037e30 8
bitmap_set_bit 0000000000023cd0 70
ssh_set_verify_host_key_c 0000000000015900 38
ssh_update_card 0000000000024c50 345
channel_add_permission 000000000002e130 232
ssh_libcrypto_init 0000000000000000 0
ssh_packet_set_protocol_f 0000000000036690 7
EC_GROUP_cmp 0000000000000000 0
sshpkt_fatal 00000000000377f0 143
ssh_rsa_sign 0000000000043610 823
_ITM_registerTMCloneTable 0000000000000000 0
chacha_ivsetup 000000000004b2b0 56
ssh_digest_final 000000000004c3a0 155
channel_prepare_select 000000000002b850 1020
ssh_digest_alg_name 000000000004c280 44
crypto_sign_ed25519_ref_s 000000000004cc40 49
sshbuf_get_bignum2 000000000001f3f0 167
atomicio 000000000003cc90 11
channel_after_select 000000000002bc50 19
getrrsetbyname 0000000000000000 0
BN_div 0000000000000000 0
freerrset 0000000000000000 0
sigdie 0000000000031f40 14
mysignal 0000000000000000 0
ipv64_normalise_mapped 0000000000025df0 113
atomiciov6 000000000003cca0 37
ssh_krl_file_contains_key 00000000000239a0 356
channel_request_start 000000000002b370 238
log_level_name 0000000000031f00 52
sshpkt_ptr 00000000000385e0 51
EVP_CIPHER_CTX_key_length 0000000000000000 0
crypto_sign_ed25519_ref_s 000000000004cb40 119
getaddrinfo@@GLIBC_2.2.5 0000000000000000 0
ssh_packet_read_poll_seqn 0000000000039530 524
channel_set_x11_refuse_ti 000000000002b840 14
BIO_write 0000000000000000 0
sshkey_equal_public 00000000000183f0 695
compat_pkalg_proposal 0000000000030280 137
_ssh_order_hostkeyalgs 0000000000015d80 584
sshbuf_fromb 0000000000016d30 199
kex_names_cat 000000000004fac0 411
ssh_krl_free 0000000000020d60 1884
BN_clear_free 0000000000000000 0
channel_new 0000000000028b80 547
execlp@@GLIBC_2.2.5 0000000000000000 0
strerror@@GLIBC_2.2.5 0000000000000000 0
parse_absolute_time 0000000000040e10 409
_ssh_send_banner 0000000000015cf0 142
_ssh_host_private_key 0000000000015300 135
EVP_sha256 0000000000000000 0
sshkey_cert_copy 0000000000019c50 496
sshbuf_mutable_ptr 0000000000016e00 150
sshpkt_get 0000000000038520 12
sshkey_ec_validate_public 000000000001b530 528
EC_POINT_free 0000000000000000 0
_ssh_host_key_sign 0000000000015430 40
EC_POINT_new 0000000000000000 0
fatal 00000000000303e0 171
ssh_digest_memory 000000000004c510 174
kludge_FD_ISSET 0000000000000000 0
ssh_digest_copy_state 000000000004c300 54
ECDH_compute_key 0000000000000000 0
sshkey_cert_type 0000000000019350 42
sshkey_free 00000000000180d0 226
channel_input_status_conf 000000000002d4b0 314
__b64_pton 0000000000000000 0
waitrfd 000000000003f260 201
sshpkt_put_ec 0000000000038500 12
ssh_fetch_identitylist 0000000000024440 666
strptime@@GLIBC_2.2.5 0000000000000000 0
set_rdomain 000000000003dcd0 28
sshkey_ecdsa_bits_to_nid 0000000000017ca0 47
ssh_dispatch_init 000000000003cd80 30
ssh_msg_recv 0000000000044b50 333
__cxa_finalize@@GLIBC_2.2 0000000000000000 0
sshkey_froms 000000000001c630 93
_init 00000000000120a8 0
xcalloc 000000000003bce0 103
BIO_s_mem 0000000000000000 0
freeargs 000000000003e8a0 89
ssh_packet_write_wait 0000000000037930 442
parse_user_host_path 000000000003e320 361
sshpkt_get_ec 00000000000385a0 12
cipher_set_keyiv 000000000002ffb0 129
crypto_kem_sntrup4591761_ 00000000000543a0 538
fork@@GLIBC_2.2.5 0000000000000000 0
sshbuf_get_bignum2_bytes_ 000000000001ed60 229
ssh_packet_set_timeout 0000000000035f30 75
EC_KEY_new_by_curve_name 0000000000000000 0
DSA_do_sign 0000000000000000 0
set_reuseaddr 000000000003dc30 130
sshbuf_putb 000000000001e630 47
ssh_packet_get_bytes 00000000000361e0 38
RSA_set0_key 0000000000000000 0
ssh_digest_update 000000000004c340 34
tohex 000000000003eea0 195
RSA_get_ex_new_index 0000000000000000 0
unset_nonblock 000000000003da30 190
sshkey_format_text 0000000000019220 130
sshkey_ecdsa_nid_from_nam 0000000000017790 90
__ctype_tolower_loc@@GLIB 0000000000000000 0
parse_ipqos 000000000003f850 186
ssh_digest_start 000000000004c470 156
__ctype_b_loc@@GLIBC_2.3 0000000000000000 0
DSA_get0_pqg 0000000000000000 0
ssh_packet_next 0000000000016110 200
sshbuf_putf 000000000001e780 177
freeaddrinfo@@GLIBC_2.2.5 0000000000000000 0
EVP_MD_block_size 0000000000000000 0
bitmap_free 0000000000023c60 37
stderr@@GLIBC_2.2.5 0000000000000000 0
sshpkt_get_string 0000000000038560 12
socket@@GLIBC_2.2.5 0000000000000000 0
bitmap_clear_bit 0000000000023d20 58
sshkey_ec_nid_to_hash_alg 0000000000018080 71
X509_new 0000000000000000 0
chan_mark_dead 0000000000035340 7
ssh_tty_parse_modes 000000000003af70 3349
kex_send_kexinit 00000000000503c0 194
