free@GLIBC_2.2.5 0000000000000000 0
strncpy@GLIBC_2.2.5 0000000000000000 0
_ITM_deregisterTMCloneTab 0000000000000000 0
_exit@GLIBC_2.2.5 0000000000000000 0
strcpy@GLIBC_2.2.5 0000000000000000 0
errno@GLIBC_PRIVATE 0000000000000000 0
getpid@GLIBC_2.2.5 0000000000000000 0
updwtmp@GLIBC_2.2.5 0000000000000000 0
dup2@GLIBC_2.2.5 0000000000000000 0
utmpname@GLIBC_2.2.5 0000000000000000 0
__gettimeofday@GLIBC_2.2.5 0000000000000000 0
ioctl@GLIBC_2.2.5 0000000000000000 0
close@GLIBC_2.2.5 0000000000000000 0
ptsname_r@GLIBC_2.2.5 0000000000000000 0
setsid@GLIBC_2.2.5 0000000000000000 0
endutent@GLIBC_2.2.5 0000000000000000 0
getpt@GLIBC_2.2.5 0000000000000000 0
memchr@GLIBC_2.2.5 0000000000000000 0
getutline_r@GLIBC_2.2.5 0000000000000000 0
unlockpt@GLIBC_2.2.5 0000000000000000 0
basename@GLIBC_2.2.5 0000000000000000 0
__gmon_start__ 0000000000000000 0
malloc@GLIBC_2.2.5 0000000000000000 0
ttyname_r@GLIBC_2.2.5 0000000000000000 0
realloc@GLIBC_2.2.5 0000000000000000 0
setutent@GLIBC_2.2.5 0000000000000000 0
tcsetattr@GLIBC_2.2.5 0000000000000000 0
open@GLIBC_2.2.5 0000000000000000 0
_Jv_RegisterClasses 0000000000000000 0
grantpt@GLIBC_2.2.5 0000000000000000 0
_ITM_registerTMCloneTable 0000000000000000 0
pututline@GLIBC_2.2.5 0000000000000000 0
__cxa_finalize@GLIBC_2.2.5 0000000000000000 0
fork@GLIBC_2.2.5 0000000000000000 0
forkpty@@GLIBC_2.2.5 0000000000001660 165
logwtmp@@GLIBC_2.2.5 0000000000001400 178
login_tty@@GLIBC_2.2.5 0000000000001240 165
openpty@@GLIBC_2.2.5 00000000000014c0 413
login@@GLIBC_2.2.5 0000000000000f60 735
logout@@GLIBC_2.2.5 00000000000012f0 263
GLIBC_2.2.5 0000000000000000 0
